#
# There is insufficient memory for the Java Runtime Environment to continue.
# Native memory allocation (malloc) failed to allocate 1062352 bytes for Chunk::new
# Possible reasons:
#   The system is out of physical RAM or swap space
#   The process is running with CompressedOops enabled, and the Java Heap may be blocking the growth of the native heap
# Possible solutions:
#   Reduce memory load on the system
#   Increase physical memory or swap space
#   Check if swap backing store is full
#   Decrease Java heap size (-Xmx/-Xms)
#   Decrease number of Java threads
#   Decrease Java thread stack sizes (-Xss)
#   Set larger code cache with -XX:ReservedCodeCacheSize=
#   JVM is running with Unscaled Compressed Oops mode in which the Java heap is
#     placed in the first 4GB address space. The Java Heap base address is the
#     maximum limit for the native heap growth. Please use -XX:HeapBaseMinAddress
#     to set the Java Heap base and to place the Java Heap above 4GB virtual address.
# This output file may be truncated or incomplete.
#
#  Out of Memory Error (arena.cpp:189), pid=2344, tid=9820
#
# JRE version: Java(TM) SE Runtime Environment (17.0.7+8) (build 17.0.7+8-LTS-224)
# Java VM: Java HotSpot(TM) 64-Bit Server VM (17.0.7+8-LTS-224, mixed mode, sharing, tiered, compressed oops, compressed class ptrs, g1 gc, windows-amd64)
# No core dump will be written. Minidumps are not enabled by default on client versions of Windows
#

---------------  S U M M A R Y ------------

Command Line: -javaagent:C:\Program Files\JetBrains\IntelliJ IDEA Community Edition 2023.1.3\lib\idea_rt.jar=13147:C:\Program Files\JetBrains\IntelliJ IDEA Community Edition 2023.1.3\bin -Dfile.encoding=UTF-8 com.icm.tiremanagementapi.TireManagementApiApplication

Host: Intel(R) Core(TM) i7-8700 CPU @ 3.20GHz, 12 cores, 7G,  Windows 10 , 64 bit Build 19041 (10.0.19041.3636)
Time: Thu Feb 15 16:38:25 2024 Hora est. Pacífico, Sudamérica elapsed time: 22974.206475 seconds (0d 6h 22m 54s)

---------------  T H R E A D  ---------------

Current thread (0x0000011b30a63d30):  JavaThread "C2 CompilerThread0" daemon [_thread_in_native, id=9820, stack(0x0000001704500000,0x0000001704600000)]


Current CompileTask:
C2:22974206 15887       4       org.hibernate.query.sqm.tree.select.SqmQuerySpec::copy (219 bytes)

Stack: [0x0000001704500000,0x0000001704600000]
Native frames: (J=compiled Java code, j=interpreted, Vv=VM code, C=native code)
V  [jvm.dll+0x676a4a]
V  [jvm.dll+0x7d74f4]
V  [jvm.dll+0x7d8c9e]
V  [jvm.dll+0x7d9303]
V  [jvm.dll+0x2452c5]
V  [jvm.dll+0xaaa2b]
V  [jvm.dll+0xaafcc]
V  [jvm.dll+0x36141e]
V  [jvm.dll+0x1bb55a]
V  [jvm.dll+0x217c27]
V  [jvm.dll+0x216f01]
V  [jvm.dll+0x1a35e0]
V  [jvm.dll+0x226a6e]
V  [jvm.dll+0x224e15]
V  [jvm.dll+0x78d05c]
V  [jvm.dll+0x78759a]
V  [jvm.dll+0x675875]
C  [ucrtbase.dll+0x21bb2]
C  [KERNEL32.DLL+0x17344]
C  [ntdll.dll+0x526b1]


---------------  P R O C E S S  ---------------

Threads class SMR info:
_java_thread_list=0x0000011b375ce800, length=36, elements={
0x0000011b30a444a0, 0x0000011b30a45220, 0x0000011b30a539d0, 0x0000011b30a562a0,
0x0000011b30a57370, 0x0000011b30a57c30, 0x0000011b30a63d30, 0x0000011b30a646e0,
0x0000011b30a66ff0, 0x0000011b314a69b0, 0x0000011b316f7a00, 0x0000011b31858400,
0x0000011b36d74740, 0x0000011b354f6820, 0x0000011b32e2ffb0, 0x0000011b32e2d460,
0x0000011b32e2fae0, 0x0000011b32e2cac0, 0x0000011b32e2d930, 0x0000011b32e2f140,
0x0000011b32e2de00, 0x0000011b394faf80, 0x0000011b394fe940, 0x0000011b394f8dd0,
0x0000011b394f8900, 0x0000011b394f8430, 0x0000011b394fc2c0, 0x0000011b394fdad0,
0x0000011b394fa5e0, 0x0000011b394ff2e0, 0x0000011b394faab0, 0x0000011b394ff7b0,
0x0000011b394f9c40, 0x0000011b394fc790, 0x0000011b394fdfa0, 0x0000011b31d98510
}

Java Threads: ( => current thread )
  0x0000011b30a444a0 JavaThread "Reference Handler" daemon [_thread_blocked, id=2976, stack(0x0000001703f00000,0x0000001704000000)]
  0x0000011b30a45220 JavaThread "Finalizer" daemon [_thread_blocked, id=7664, stack(0x0000001704000000,0x0000001704100000)]
  0x0000011b30a539d0 JavaThread "Signal Dispatcher" daemon [_thread_blocked, id=17476, stack(0x0000001704100000,0x0000001704200000)]
  0x0000011b30a562a0 JavaThread "Attach Listener" daemon [_thread_blocked, id=1224, stack(0x0000001704200000,0x0000001704300000)]
  0x0000011b30a57370 JavaThread "Service Thread" daemon [_thread_blocked, id=17844, stack(0x0000001704300000,0x0000001704400000)]
  0x0000011b30a57c30 JavaThread "Monitor Deflation Thread" daemon [_thread_blocked, id=7464, stack(0x0000001704400000,0x0000001704500000)]
=>0x0000011b30a63d30 JavaThread "C2 CompilerThread0" daemon [_thread_in_native, id=9820, stack(0x0000001704500000,0x0000001704600000)]
  0x0000011b30a646e0 JavaThread "C1 CompilerThread0" daemon [_thread_blocked, id=20264, stack(0x0000001704600000,0x0000001704700000)]
  0x0000011b30a66ff0 JavaThread "Sweeper thread" daemon [_thread_blocked, id=15680, stack(0x0000001704700000,0x0000001704800000)]
  0x0000011b314a69b0 JavaThread "Common-Cleaner" daemon [_thread_blocked, id=14668, stack(0x0000001704800000,0x0000001704900000)]
  0x0000011b316f7a00 JavaThread "Monitor Ctrl-Break" daemon [_thread_in_native, id=17988, stack(0x0000001704a00000,0x0000001704b00000)]
  0x0000011b31858400 JavaThread "Notification Thread" daemon [_thread_blocked, id=15772, stack(0x0000001704b00000,0x0000001704c00000)]
  0x0000011b36d74740 JavaThread "mysql-cj-abandoned-connection-cleanup" daemon [_thread_blocked, id=13568, stack(0x0000001705b00000,0x0000001705c00000)]
  0x0000011b354f6820 JavaThread "HikariPool-1 housekeeper" daemon [_thread_blocked, id=2148, stack(0x0000001705d00000,0x0000001705e00000)]
  0x0000011b32e2ffb0 JavaThread "Catalina-utility-1" [_thread_blocked, id=2908, stack(0x0000001705f00000,0x0000001706000000)]
  0x0000011b32e2d460 JavaThread "Catalina-utility-2" [_thread_blocked, id=10312, stack(0x0000001706000000,0x0000001706100000)]
  0x0000011b32e2fae0 JavaThread "container-0" [_thread_blocked, id=17304, stack(0x0000001706100000,0x0000001706200000)]
  0x0000011b32e2cac0 JavaThread "MQTT Rec: paho2476260483836300" [_thread_in_native, id=7720, stack(0x0000001706300000,0x0000001706400000)]
  0x0000011b32e2d930 JavaThread "MQTT Snd: paho2476260483836300" [_thread_blocked, id=19728, stack(0x0000001706400000,0x0000001706500000)]
  0x0000011b32e2f140 JavaThread "MQTT Call: paho2476260483836300" [_thread_blocked, id=12960, stack(0x0000001706500000,0x0000001706600000)]
  0x0000011b32e2de00 JavaThread "MQTT Ping: paho2476260483836300" [_thread_blocked, id=12296, stack(0x0000001706200000,0x0000001706300000)]
  0x0000011b394faf80 JavaThread "File Watcher" daemon [_thread_blocked, id=20380, stack(0x0000001706600000,0x0000001706700000)]
  0x0000011b394fe940 JavaThread "Live Reload Server" daemon [_thread_in_native, id=21536, stack(0x0000001706700000,0x0000001706800000)]
  0x0000011b394f8dd0 JavaThread "http-nio-8082-exec-1" daemon [_thread_blocked, id=10136, stack(0x0000001706800000,0x0000001706900000)]
  0x0000011b394f8900 JavaThread "http-nio-8082-exec-2" daemon [_thread_blocked, id=13612, stack(0x0000001706900000,0x0000001706a00000)]
  0x0000011b394f8430 JavaThread "http-nio-8082-exec-3" daemon [_thread_blocked, id=9504, stack(0x0000001706a00000,0x0000001706b00000)]
  0x0000011b394fc2c0 JavaThread "http-nio-8082-exec-4" daemon [_thread_blocked, id=15064, stack(0x0000001706b00000,0x0000001706c00000)]
  0x0000011b394fdad0 JavaThread "http-nio-8082-exec-6" daemon [_thread_blocked, id=20948, stack(0x0000001706d00000,0x0000001706e00000)]
  0x0000011b394fa5e0 JavaThread "http-nio-8082-exec-8" daemon [_thread_blocked, id=15828, stack(0x0000001706f00000,0x0000001707000000)]
  0x0000011b394ff2e0 JavaThread "http-nio-8082-exec-9" daemon [_thread_blocked, id=17284, stack(0x0000001707000000,0x0000001707100000)]
  0x0000011b394faab0 JavaThread "http-nio-8082-exec-10" daemon [_thread_blocked, id=17152, stack(0x0000001707100000,0x0000001707200000)]
  0x0000011b394ff7b0 JavaThread "http-nio-8082-Poller" daemon [_thread_in_native, id=20536, stack(0x0000001707200000,0x0000001707300000)]
  0x0000011b394f9c40 JavaThread "http-nio-8082-Acceptor" daemon [_thread_in_native, id=3356, stack(0x0000001707300000,0x0000001707400000)]
  0x0000011b394fc790 JavaThread "DestroyJavaVM" [_thread_blocked, id=19280, stack(0x0000001703800000,0x0000001703900000)]
  0x0000011b394fdfa0 JavaThread "http-nio-8082-exec-11" daemon [_thread_blocked, id=5860, stack(0x0000001703500000,0x0000001703600000)]
  0x0000011b31d98510 JavaThread "http-nio-8082-exec-12" daemon [_thread_blocked, id=17864, stack(0x0000001704d00000,0x0000001704e00000)]

Other Threads:
  0x0000011b30a3f0d0 VMThread "VM Thread" [stack: 0x0000001703e00000,0x0000001703f00000] [id=8120]
  0x0000011b12630a10 WatcherThread [stack: 0x0000001704c00000,0x0000001704d00000] [id=18116]
  0x0000011b1260d860 GCTaskThread "GC Thread#0" [stack: 0x0000001703900000,0x0000001703a00000] [id=10852]
  0x0000011b322b3460 GCTaskThread "GC Thread#1" [stack: 0x0000001705000000,0x0000001705100000] [id=18484]
  0x0000011b322b41d0 GCTaskThread "GC Thread#2" [stack: 0x0000001705100000,0x0000001705200000] [id=9516]
  0x0000011b322b2c50 GCTaskThread "GC Thread#3" [stack: 0x0000001705200000,0x0000001705300000] [id=14404]
  0x0000011b322b4480 GCTaskThread "GC Thread#4" [stack: 0x0000001705300000,0x0000001705400000] [id=16224]
  0x0000011b322b31b0 GCTaskThread "GC Thread#5" [stack: 0x0000001705400000,0x0000001705500000] [id=7792]
  0x0000011b322b3710 GCTaskThread "GC Thread#6" [stack: 0x0000001705600000,0x0000001705700000] [id=10956]
  0x0000011b322b39c0 GCTaskThread "GC Thread#7" [stack: 0x0000001705700000,0x0000001705800000] [id=2360]
  0x0000011b34590830 GCTaskThread "GC Thread#8" [stack: 0x0000001705500000,0x0000001705600000] [id=15820]
  0x0000011b34590020 GCTaskThread "GC Thread#9" [stack: 0x0000001705800000,0x0000001705900000] [id=19096]
  0x0000011b126201d0 ConcurrentGCThread "G1 Main Marker" [stack: 0x0000001703a00000,0x0000001703b00000] [id=8068]
  0x0000011b12621290 ConcurrentGCThread "G1 Conc#0" [stack: 0x0000001703b00000,0x0000001703c00000] [id=8940]
  0x0000011b34591850 ConcurrentGCThread "G1 Conc#1" [stack: 0x0000001705900000,0x0000001705a00000] [id=556]
  0x0000011b34590580 ConcurrentGCThread "G1 Conc#2" [stack: 0x0000001705a00000,0x0000001705b00000] [id=17788]
  0x0000011b1267e3f0 ConcurrentGCThread "G1 Refine#0" [stack: 0x0000001703c00000,0x0000001703d00000] [id=15704]
  0x0000011b308f80f0 ConcurrentGCThread "G1 Service" [stack: 0x0000001703d00000,0x0000001703e00000] [id=19616]

Threads with active compile tasks:
C2 CompilerThread0  22974355 15887       4       org.hibernate.query.sqm.tree.select.SqmQuerySpec::copy (219 bytes)

VM state: not at safepoint (normal execution)

VM Mutex/Monitor currently owned by a thread: None

Heap address: 0x0000000082800000, size: 2008 MB, Compressed Oops mode: 32-bit

CDS archive(s) mapped at: [0x0000000800000000-0x0000000800bd0000-0x0000000800bd0000), size 12386304, SharedBaseAddress: 0x0000000800000000, ArchiveRelocationMode: 0.
Compressed class space mapped at: 0x0000000800c00000-0x0000000840c00000, reserved size: 1073741824
Narrow klass base: 0x0000000800000000, Narrow klass shift: 0, Narrow klass range: 0x100000000

GC Precious Log:
 CPUs: 12 total, 12 available
 Memory: 8027M
 Large Page Support: Disabled
 NUMA Support: Disabled
 Compressed Oops: Enabled (32-bit)
 Heap Region Size: 1M
 Heap Min Capacity: 8M
 Heap Initial Capacity: 126M
 Heap Max Capacity: 2008M
 Pre-touch: Disabled
 Parallel Workers: 10
 Concurrent Workers: 3
 Concurrent Refinement Workers: 10
 Periodic GC: Disabled

Heap:
 garbage-first heap   total 137216K, used 38466K [0x0000000082800000, 0x0000000100000000)
  region size 1024K, 2 young (2048K), 1 survivors (1024K)
 Metaspace       used 82188K, committed 82816K, reserved 1122304K
  class space    used 10674K, committed 11008K, reserved 1048576K

Heap Regions: E=young(eden), S=young(survivor), O=old, HS=humongous(starts), HC=humongous(continues), CS=collection set, F=free, OA=open archive, CA=closed archive, TAMS=top-at-mark-start (previous, next)
|   0|0x0000000082800000, 0x0000000082900000, 0x0000000082900000|100%|HS|  |TAMS 0x0000000082900000, 0x0000000082800000| Complete 
|   1|0x0000000082900000, 0x0000000082a00000, 0x0000000082a00000|100%| O|  |TAMS 0x0000000082a00000, 0x0000000082900000| Untracked 
|   2|0x0000000082a00000, 0x0000000082b00000, 0x0000000082b00000|100%| O|  |TAMS 0x0000000082b00000, 0x0000000082a00000| Untracked 
|   3|0x0000000082b00000, 0x0000000082c00000, 0x0000000082c00000|100%| O|  |TAMS 0x0000000082c00000, 0x0000000082b00000| Untracked 
|   4|0x0000000082c00000, 0x0000000082d00000, 0x0000000082d00000|100%| O|  |TAMS 0x0000000082d00000, 0x0000000082c00000| Untracked 
|   5|0x0000000082d00000, 0x0000000082e00000, 0x0000000082e00000|100%| O|  |TAMS 0x0000000082e00000, 0x0000000082d00000| Untracked 
|   6|0x0000000082e00000, 0x0000000082f00000, 0x0000000082f00000|100%| O|  |TAMS 0x0000000082f00000, 0x0000000082e00000| Untracked 
|   7|0x0000000082f00000, 0x0000000083000000, 0x0000000083000000|100%| O|  |TAMS 0x0000000083000000, 0x0000000082f00000| Untracked 
|   8|0x0000000083000000, 0x0000000083100000, 0x0000000083100000|100%| O|  |TAMS 0x0000000083100000, 0x0000000083000000| Untracked 
|   9|0x0000000083100000, 0x0000000083200000, 0x0000000083200000|100%| O|  |TAMS 0x0000000083200000, 0x0000000083100000| Untracked 
|  10|0x0000000083200000, 0x0000000083300000, 0x0000000083300000|100%| O|  |TAMS 0x0000000083300000, 0x0000000083200000| Untracked 
|  11|0x0000000083300000, 0x0000000083400000, 0x0000000083400000|100%| O|  |TAMS 0x0000000083400000, 0x0000000083300000| Untracked 
|  12|0x0000000083400000, 0x0000000083500000, 0x0000000083500000|100%| O|  |TAMS 0x0000000083500000, 0x0000000083400000| Untracked 
|  13|0x0000000083500000, 0x0000000083600000, 0x0000000083600000|100%| O|  |TAMS 0x0000000083600000, 0x0000000083500000| Untracked 
|  14|0x0000000083600000, 0x0000000083700000, 0x0000000083700000|100%| O|  |TAMS 0x0000000083700000, 0x0000000083600000| Untracked 
|  15|0x0000000083700000, 0x0000000083800000, 0x0000000083800000|100%| O|  |TAMS 0x0000000083800000, 0x0000000083700000| Untracked 
|  16|0x0000000083800000, 0x0000000083900000, 0x0000000083900000|100%| O|  |TAMS 0x0000000083900000, 0x0000000083800000| Untracked 
|  17|0x0000000083900000, 0x0000000083a00000, 0x0000000083a00000|100%| O|  |TAMS 0x0000000083a00000, 0x0000000083900000| Untracked 
|  18|0x0000000083a00000, 0x0000000083b00000, 0x0000000083b00000|100%| O|  |TAMS 0x0000000083b00000, 0x0000000083a00000| Untracked 
|  19|0x0000000083b00000, 0x0000000083bc0e00, 0x0000000083c00000| 75%| O|  |TAMS 0x0000000083bc0e00, 0x0000000083b00000| Untracked 
|  20|0x0000000083c00000, 0x0000000083d00000, 0x0000000083d00000|100%| O|  |TAMS 0x0000000083d00000, 0x0000000083c00000| Untracked 
|  21|0x0000000083d00000, 0x0000000083e00000, 0x0000000083e00000|100%| O|  |TAMS 0x0000000083e00000, 0x0000000083d00000| Untracked 
|  22|0x0000000083e00000, 0x0000000083f00000, 0x0000000083f00000|100%| O|  |TAMS 0x0000000083f00000, 0x0000000083e00000| Untracked 
|  23|0x0000000083f00000, 0x0000000084000000, 0x0000000084000000|100%| O|  |TAMS 0x0000000084000000, 0x0000000083f00000| Untracked 
|  24|0x0000000084000000, 0x0000000084100000, 0x0000000084100000|100%| O|  |TAMS 0x0000000084100000, 0x0000000084000000| Untracked 
|  25|0x0000000084100000, 0x00000000841e9a00, 0x0000000084200000| 91%| O|  |TAMS 0x00000000841d0000, 0x0000000084100000| Untracked 
|  26|0x0000000084200000, 0x0000000084300000, 0x0000000084300000|100%| O|  |TAMS 0x0000000084300000, 0x0000000084200000| Untracked 
|  27|0x0000000084300000, 0x00000000843d4000, 0x0000000084400000| 82%| O|  |TAMS 0x0000000084300000, 0x0000000084300000| Untracked 
|  28|0x0000000084400000, 0x0000000084400000, 0x0000000084500000|  0%| F|  |TAMS 0x0000000084400000, 0x0000000084400000| Untracked 
|  29|0x0000000084500000, 0x0000000084600000, 0x0000000084600000|100%| O|  |TAMS 0x0000000084600000, 0x0000000084500000| Untracked 
|  30|0x0000000084600000, 0x0000000084700000, 0x0000000084700000|100%| O|  |TAMS 0x0000000084700000, 0x0000000084600000| Untracked 
|  31|0x0000000084700000, 0x0000000084800000, 0x0000000084800000|100%| O|  |TAMS 0x0000000084800000, 0x0000000084700000| Untracked 
|  32|0x0000000084800000, 0x0000000084900000, 0x0000000084900000|100%| O|  |TAMS 0x0000000084900000, 0x0000000084800000| Untracked 
|  33|0x0000000084900000, 0x0000000084900000, 0x0000000084a00000|  0%| F|  |TAMS 0x0000000084900000, 0x0000000084900000| Untracked 
|  34|0x0000000084a00000, 0x0000000084b00000, 0x0000000084b00000|100%| O|  |TAMS 0x0000000084b00000, 0x0000000084a00000| Untracked 
|  35|0x0000000084b00000, 0x0000000084c00000, 0x0000000084c00000|100%| O|  |TAMS 0x0000000084c00000, 0x0000000084b00000| Untracked 
|  36|0x0000000084c00000, 0x0000000084c00000, 0x0000000084d00000|  0%| F|  |TAMS 0x0000000084c00000, 0x0000000084c00000| Untracked 
|  37|0x0000000084d00000, 0x0000000084e00000, 0x0000000084e00000|100%| O|  |TAMS 0x0000000084e00000, 0x0000000084d00000| Untracked 
|  38|0x0000000084e00000, 0x0000000084e00000, 0x0000000084f00000|  0%| F|  |TAMS 0x0000000084e00000, 0x0000000084e00000| Untracked 
|  39|0x0000000084f00000, 0x0000000084f00000, 0x0000000085000000|  0%| F|  |TAMS 0x0000000084f00000, 0x0000000084f00000| Untracked 
|  40|0x0000000085000000, 0x0000000085000000, 0x0000000085100000|  0%| F|  |TAMS 0x0000000085000000, 0x0000000085000000| Untracked 
|  41|0x0000000085100000, 0x0000000085100000, 0x0000000085200000|  0%| F|  |TAMS 0x0000000085100000, 0x0000000085100000| Untracked 
|  42|0x0000000085200000, 0x0000000085300000, 0x0000000085300000|100%| O|  |TAMS 0x0000000085300000, 0x0000000085200000| Untracked 
|  43|0x0000000085300000, 0x0000000085400000, 0x0000000085400000|100%| O|  |TAMS 0x0000000085400000, 0x0000000085300000| Untracked 
|  44|0x0000000085400000, 0x0000000085400000, 0x0000000085500000|  0%| F|  |TAMS 0x0000000085400000, 0x0000000085400000| Untracked 
|  45|0x0000000085500000, 0x0000000085500000, 0x0000000085600000|  0%| F|  |TAMS 0x0000000085500000, 0x0000000085500000| Untracked 
|  46|0x0000000085600000, 0x0000000085700000, 0x0000000085700000|100%| O|  |TAMS 0x0000000085700000, 0x0000000085600000| Untracked 
|  47|0x0000000085700000, 0x0000000085700000, 0x0000000085800000|  0%| F|  |TAMS 0x0000000085700000, 0x0000000085700000| Untracked 
|  48|0x0000000085800000, 0x0000000085800000, 0x0000000085900000|  0%| F|  |TAMS 0x0000000085800000, 0x0000000085800000| Untracked 
|  49|0x0000000085900000, 0x0000000085900000, 0x0000000085a00000|  0%| F|  |TAMS 0x0000000085900000, 0x0000000085900000| Untracked 
|  50|0x0000000085a00000, 0x0000000085a00000, 0x0000000085b00000|  0%| F|  |TAMS 0x0000000085a00000, 0x0000000085a00000| Untracked 
|  51|0x0000000085b00000, 0x0000000085b00000, 0x0000000085c00000|  0%| F|  |TAMS 0x0000000085b00000, 0x0000000085b00000| Untracked 
|  52|0x0000000085c00000, 0x0000000085c00000, 0x0000000085d00000|  0%| F|  |TAMS 0x0000000085c00000, 0x0000000085c00000| Untracked 
|  53|0x0000000085d00000, 0x0000000085d00000, 0x0000000085e00000|  0%| F|  |TAMS 0x0000000085d00000, 0x0000000085d00000| Untracked 
|  54|0x0000000085e00000, 0x0000000085e00000, 0x0000000085f00000|  0%| F|  |TAMS 0x0000000085e00000, 0x0000000085e00000| Untracked 
|  55|0x0000000085f00000, 0x0000000085f00000, 0x0000000086000000|  0%| F|  |TAMS 0x0000000085f00000, 0x0000000085f00000| Untracked 
|  56|0x0000000086000000, 0x0000000086000000, 0x0000000086100000|  0%| F|  |TAMS 0x0000000086000000, 0x0000000086000000| Untracked 
|  57|0x0000000086100000, 0x0000000086100000, 0x0000000086200000|  0%| F|  |TAMS 0x0000000086100000, 0x0000000086100000| Untracked 
|  58|0x0000000086200000, 0x0000000086200000, 0x0000000086300000|  0%| F|  |TAMS 0x0000000086200000, 0x0000000086200000| Untracked 
|  59|0x0000000086300000, 0x0000000086300000, 0x0000000086400000|  0%| F|  |TAMS 0x0000000086300000, 0x0000000086300000| Untracked 
|  60|0x0000000086400000, 0x0000000086400000, 0x0000000086500000|  0%| F|  |TAMS 0x0000000086400000, 0x0000000086400000| Untracked 
|  61|0x0000000086500000, 0x0000000086500000, 0x0000000086600000|  0%| F|  |TAMS 0x0000000086500000, 0x0000000086500000| Untracked 
|  62|0x0000000086600000, 0x0000000086600000, 0x0000000086700000|  0%| F|  |TAMS 0x0000000086600000, 0x0000000086600000| Untracked 
|  63|0x0000000086700000, 0x0000000086700000, 0x0000000086800000|  0%| F|  |TAMS 0x0000000086700000, 0x0000000086700000| Untracked 
|  64|0x0000000086800000, 0x0000000086800000, 0x0000000086900000|  0%| F|  |TAMS 0x0000000086800000, 0x0000000086800000| Untracked 
|  65|0x0000000086900000, 0x0000000086900000, 0x0000000086a00000|  0%| F|  |TAMS 0x0000000086900000, 0x0000000086900000| Untracked 
|  66|0x0000000086a00000, 0x0000000086a00000, 0x0000000086b00000|  0%| F|  |TAMS 0x0000000086a00000, 0x0000000086a00000| Untracked 
|  67|0x0000000086b00000, 0x0000000086b00000, 0x0000000086c00000|  0%| F|  |TAMS 0x0000000086b00000, 0x0000000086b00000| Untracked 
|  68|0x0000000086c00000, 0x0000000086c00000, 0x0000000086d00000|  0%| F|  |TAMS 0x0000000086c00000, 0x0000000086c00000| Untracked 
|  69|0x0000000086d00000, 0x0000000086d00000, 0x0000000086e00000|  0%| F|  |TAMS 0x0000000086d00000, 0x0000000086d00000| Untracked 
|  70|0x0000000086e00000, 0x0000000086e00000, 0x0000000086f00000|  0%| F|  |TAMS 0x0000000086e00000, 0x0000000086e00000| Untracked 
|  71|0x0000000086f00000, 0x0000000086f00000, 0x0000000087000000|  0%| F|  |TAMS 0x0000000086f00000, 0x0000000086f00000| Untracked 
|  72|0x0000000087000000, 0x0000000087000000, 0x0000000087100000|  0%| F|  |TAMS 0x0000000087000000, 0x0000000087000000| Untracked 
|  73|0x0000000087100000, 0x0000000087100000, 0x0000000087200000|  0%| F|  |TAMS 0x0000000087100000, 0x0000000087100000| Untracked 
|  74|0x0000000087200000, 0x0000000087200000, 0x0000000087300000|  0%| F|  |TAMS 0x0000000087200000, 0x0000000087200000| Untracked 
|  75|0x0000000087300000, 0x0000000087300000, 0x0000000087400000|  0%| F|  |TAMS 0x0000000087300000, 0x0000000087300000| Untracked 
|  76|0x0000000087400000, 0x0000000087400000, 0x0000000087500000|  0%| F|  |TAMS 0x0000000087400000, 0x0000000087400000| Untracked 
|  77|0x0000000087500000, 0x0000000087500000, 0x0000000087600000|  0%| F|  |TAMS 0x0000000087500000, 0x0000000087500000| Untracked 
|  78|0x0000000087600000, 0x0000000087600000, 0x0000000087700000|  0%| F|  |TAMS 0x0000000087600000, 0x0000000087600000| Untracked 
|  79|0x0000000087700000, 0x0000000087700000, 0x0000000087800000|  0%| F|  |TAMS 0x0000000087700000, 0x0000000087700000| Untracked 
|  80|0x0000000087800000, 0x0000000087800000, 0x0000000087900000|  0%| F|  |TAMS 0x0000000087800000, 0x0000000087800000| Untracked 
|  81|0x0000000087900000, 0x0000000087900000, 0x0000000087a00000|  0%| F|  |TAMS 0x0000000087900000, 0x0000000087900000| Untracked 
|  82|0x0000000087a00000, 0x0000000087a00000, 0x0000000087b00000|  0%| F|  |TAMS 0x0000000087a00000, 0x0000000087a00000| Untracked 
|  83|0x0000000087b00000, 0x0000000087b00000, 0x0000000087c00000|  0%| F|  |TAMS 0x0000000087b00000, 0x0000000087b00000| Untracked 
|  84|0x0000000087c00000, 0x0000000087c00000, 0x0000000087d00000|  0%| F|  |TAMS 0x0000000087c00000, 0x0000000087c00000| Untracked 
|  85|0x0000000087d00000, 0x0000000087d00000, 0x0000000087e00000|  0%| F|  |TAMS 0x0000000087d00000, 0x0000000087d00000| Untracked 
|  86|0x0000000087e00000, 0x0000000087e00000, 0x0000000087f00000|  0%| F|  |TAMS 0x0000000087e00000, 0x0000000087e00000| Untracked 
|  87|0x0000000087f00000, 0x0000000087f00000, 0x0000000088000000|  0%| F|  |TAMS 0x0000000087f00000, 0x0000000087f00000| Untracked 
|  88|0x0000000088000000, 0x0000000088000000, 0x0000000088100000|  0%| F|  |TAMS 0x0000000088000000, 0x0000000088000000| Untracked 
|  89|0x0000000088100000, 0x0000000088100000, 0x0000000088200000|  0%| F|  |TAMS 0x0000000088100000, 0x0000000088100000| Untracked 
|  90|0x0000000088200000, 0x0000000088200000, 0x0000000088300000|  0%| F|  |TAMS 0x0000000088200000, 0x0000000088200000| Untracked 
|  91|0x0000000088300000, 0x0000000088300000, 0x0000000088400000|  0%| F|  |TAMS 0x0000000088300000, 0x0000000088300000| Untracked 
|  92|0x0000000088400000, 0x0000000088400000, 0x0000000088500000|  0%| F|  |TAMS 0x0000000088400000, 0x0000000088400000| Untracked 
|  93|0x0000000088500000, 0x0000000088500000, 0x0000000088600000|  0%| F|  |TAMS 0x0000000088500000, 0x0000000088500000| Untracked 
|  94|0x0000000088600000, 0x0000000088600000, 0x0000000088700000|  0%| F|  |TAMS 0x0000000088600000, 0x0000000088600000| Untracked 
|  95|0x0000000088700000, 0x0000000088700000, 0x0000000088800000|  0%| F|  |TAMS 0x0000000088700000, 0x0000000088700000| Untracked 
|  96|0x0000000088800000, 0x0000000088800000, 0x0000000088900000|  0%| F|  |TAMS 0x0000000088800000, 0x0000000088800000| Untracked 
|  97|0x0000000088900000, 0x0000000088900000, 0x0000000088a00000|  0%| F|  |TAMS 0x0000000088900000, 0x0000000088900000| Untracked 
|  98|0x0000000088a00000, 0x0000000088a00000, 0x0000000088b00000|  0%| F|  |TAMS 0x0000000088a00000, 0x0000000088a00000| Untracked 
|  99|0x0000000088b00000, 0x0000000088b00000, 0x0000000088c00000|  0%| F|  |TAMS 0x0000000088b00000, 0x0000000088b00000| Untracked 
| 100|0x0000000088c00000, 0x0000000088c00000, 0x0000000088d00000|  0%| F|  |TAMS 0x0000000088c00000, 0x0000000088c00000| Untracked 
| 101|0x0000000088d00000, 0x0000000088d00000, 0x0000000088e00000|  0%| F|  |TAMS 0x0000000088d00000, 0x0000000088d00000| Untracked 
| 102|0x0000000088e00000, 0x0000000088e00000, 0x0000000088f00000|  0%| F|  |TAMS 0x0000000088e00000, 0x0000000088e00000| Untracked 
| 103|0x0000000088f00000, 0x0000000088f00000, 0x0000000089000000|  0%| F|  |TAMS 0x0000000088f00000, 0x0000000088f00000| Untracked 
| 104|0x0000000089000000, 0x0000000089000000, 0x0000000089100000|  0%| F|  |TAMS 0x0000000089000000, 0x0000000089000000| Untracked 
| 105|0x0000000089100000, 0x0000000089100000, 0x0000000089200000|  0%| F|  |TAMS 0x0000000089100000, 0x0000000089100000| Untracked 
| 106|0x0000000089200000, 0x0000000089200000, 0x0000000089300000|  0%| F|  |TAMS 0x0000000089200000, 0x0000000089200000| Untracked 
| 107|0x0000000089300000, 0x0000000089300000, 0x0000000089400000|  0%| F|  |TAMS 0x0000000089300000, 0x0000000089300000| Untracked 
| 108|0x0000000089400000, 0x0000000089400000, 0x0000000089500000|  0%| F|  |TAMS 0x0000000089400000, 0x0000000089400000| Untracked 
| 109|0x0000000089500000, 0x0000000089500000, 0x0000000089600000|  0%| F|  |TAMS 0x0000000089500000, 0x0000000089500000| Untracked 
| 110|0x0000000089600000, 0x0000000089600000, 0x0000000089700000|  0%| F|  |TAMS 0x0000000089600000, 0x0000000089600000| Untracked 
| 111|0x0000000089700000, 0x0000000089700000, 0x0000000089800000|  0%| F|  |TAMS 0x0000000089700000, 0x0000000089700000| Untracked 
| 112|0x0000000089800000, 0x0000000089800000, 0x0000000089900000|  0%| F|  |TAMS 0x0000000089800000, 0x0000000089800000| Untracked 
| 113|0x0000000089900000, 0x0000000089900000, 0x0000000089a00000|  0%| F|  |TAMS 0x0000000089900000, 0x0000000089900000| Untracked 
| 114|0x0000000089a00000, 0x0000000089a00000, 0x0000000089b00000|  0%| F|  |TAMS 0x0000000089a00000, 0x0000000089a00000| Untracked 
| 115|0x0000000089b00000, 0x0000000089b00000, 0x0000000089c00000|  0%| F|  |TAMS 0x0000000089b00000, 0x0000000089b00000| Untracked 
| 116|0x0000000089c00000, 0x0000000089c00000, 0x0000000089d00000|  0%| F|  |TAMS 0x0000000089c00000, 0x0000000089c00000| Untracked 
| 117|0x0000000089d00000, 0x0000000089d00000, 0x0000000089e00000|  0%| F|  |TAMS 0x0000000089d00000, 0x0000000089d00000| Untracked 
| 118|0x0000000089e00000, 0x0000000089e00000, 0x0000000089f00000|  0%| F|  |TAMS 0x0000000089e00000, 0x0000000089e00000| Untracked 
| 119|0x0000000089f00000, 0x0000000089f00000, 0x000000008a000000|  0%| F|  |TAMS 0x0000000089f00000, 0x0000000089f00000| Untracked 
| 120|0x000000008a000000, 0x000000008a000000, 0x000000008a100000|  0%| F|  |TAMS 0x000000008a000000, 0x000000008a000000| Untracked 
| 121|0x000000008a100000, 0x000000008a100000, 0x000000008a200000|  0%| F|  |TAMS 0x000000008a100000, 0x000000008a100000| Untracked 
| 122|0x000000008a200000, 0x000000008a200000, 0x000000008a300000|  0%| F|  |TAMS 0x000000008a200000, 0x000000008a200000| Untracked 
| 123|0x000000008a300000, 0x000000008a300000, 0x000000008a400000|  0%| F|  |TAMS 0x000000008a300000, 0x000000008a300000| Untracked 
| 124|0x000000008a400000, 0x000000008a400000, 0x000000008a500000|  0%| F|  |TAMS 0x000000008a400000, 0x000000008a400000| Untracked 
| 125|0x000000008a500000, 0x000000008a500000, 0x000000008a600000|  0%| F|  |TAMS 0x000000008a500000, 0x000000008a500000| Untracked 
| 126|0x000000008a600000, 0x000000008a600000, 0x000000008a700000|  0%| F|  |TAMS 0x000000008a600000, 0x000000008a600000| Untracked 
| 127|0x000000008a700000, 0x000000008a700000, 0x000000008a800000|  0%| F|  |TAMS 0x000000008a700000, 0x000000008a700000| Untracked 
| 128|0x000000008a800000, 0x000000008a812180, 0x000000008a900000|  7%| S|CS|TAMS 0x000000008a800000, 0x000000008a800000| Complete 
| 129|0x000000008a900000, 0x000000008a900000, 0x000000008aa00000|  0%| F|  |TAMS 0x000000008a900000, 0x000000008a900000| Untracked 
| 130|0x000000008aa00000, 0x000000008aa00000, 0x000000008ab00000|  0%| F|  |TAMS 0x000000008aa00000, 0x000000008aa00000| Untracked 
| 131|0x000000008ab00000, 0x000000008ab00000, 0x000000008ac00000|  0%| F|  |TAMS 0x000000008ab00000, 0x000000008ab00000| Untracked 
| 132|0x000000008ac00000, 0x000000008ac00000, 0x000000008ad00000|  0%| F|  |TAMS 0x000000008ac00000, 0x000000008ac00000| Untracked 
|2007|0x00000000fff00000, 0x00000000fff33bd8, 0x0000000100000000| 20%| E|  |TAMS 0x00000000fff00000, 0x00000000fff00000| Complete 

Card table byte_map: [0x0000011b29780000,0x0000011b29b70000] _byte_map_base: 0x0000011b2936c000

Marking Bits (Prev, Next): (CMBitMap*) 0x0000011b1260ed90, (CMBitMap*) 0x0000011b1260edd0
 Prev Bits: [0x0000011b29f60000, 0x0000011b2bec0000)
 Next Bits: [0x0000011b2bec0000, 0x0000011b2de20000)

Polling page: 0x0000011b11d80000

Metaspace:

Usage:
  Non-class:     69.84 MB used.
      Class:     10.42 MB used.
       Both:     80.26 MB used.

Virtual space:
  Non-class space:       72.00 MB reserved,      70.12 MB ( 97%) committed,  9 nodes.
      Class space:        1.00 GB reserved,      10.75 MB (  1%) committed,  1 nodes.
             Both:        1.07 GB reserved,      80.88 MB (  7%) committed. 

Chunk freelists:
   Non-Class:  1.78 MB
       Class:  1.29 MB
        Both:  3.07 MB

MaxMetaspaceSize: unlimited
CompressedClassSpaceSize: 1.00 GB
Initial GC threshold: 21.00 MB
Current GC threshold: 134.69 MB
CDS: on
MetaspaceReclaimPolicy: balanced
 - commit_granule_bytes: 65536.
 - commit_granule_words: 8192.
 - virtual_space_node_default_size: 1048576.
 - enlarge_chunks_in_place: 1.
 - new_chunks_are_fully_committed: 0.
 - uncommit_free_chunks: 1.
 - use_allocation_guard: 0.
 - handle_deallocations: 1.


Internal statistics:

num_allocs_failed_limit: 6.
num_arena_births: 1018.
num_arena_deaths: 268.
num_vsnodes_births: 10.
num_vsnodes_deaths: 0.
num_space_committed: 1294.
num_space_uncommitted: 0.
num_chunks_returned_to_freelist: 310.
num_chunks_taken_from_freelist: 4217.
num_chunk_merges: 100.
num_chunk_splits: 2867.
num_chunks_enlarged: 2175.
num_purges: 12.
num_inconsistent_stats: 0.

CodeHeap 'non-profiled nmethods': size=120000Kb used=14402Kb max_used=14402Kb free=105597Kb
 bounds [0x0000011b21900000, 0x0000011b22720000, 0x0000011b28e30000]
CodeHeap 'profiled nmethods': size=120000Kb used=23003Kb max_used=25706Kb free=96996Kb
 bounds [0x0000011b19e30000, 0x0000011b1b760000, 0x0000011b21360000]
CodeHeap 'non-nmethods': size=5760Kb used=1344Kb max_used=1476Kb free=4415Kb
 bounds [0x0000011b21360000, 0x0000011b215d0000, 0x0000011b21900000]
 total_blobs=13514 nmethods=12837 adapters=588
 compilation: enabled
              stopped_count=0, restarted_count=0
 full_count=0

Compilation events (20 events):
Event: 22972.441 Thread 0x0000011b30a63d30 nmethod 15877 0x0000011b226f8690 code [0x0000011b226f8820, 0x0000011b226f8a18]
Event: 22972.779 Thread 0x0000011b30a63d30 15878   !   4       org.apache.catalina.connector.CoyoteAdapter::postParseRequest (1125 bytes)
Event: 22972.914 Thread 0x0000011b30a63d30 nmethod 15878 0x0000011b226f8c10 code [0x0000011b226f9020, 0x0000011b226fcea8]
Event: 22973.205 Thread 0x0000011b30a63d30 15879       4       org.hibernate.sql.ast.tree.from.StandardTableGroup::getTableReferenceJoins (18 bytes)
Event: 22973.205 Thread 0x0000011b30a63d30 nmethod 15879 0x0000011b226ffc90 code [0x0000011b226ffe00, 0x0000011b226ffe98]
Event: 22973.492 Thread 0x0000011b30a63d30 15880       4       org.hibernate.query.sqm.sql.internal.SqmParameterInterpretation::accept (11 bytes)
Event: 22973.495 Thread 0x0000011b30a63d30 nmethod 15880 0x0000011b226fff90 code [0x0000011b22700140, 0x0000011b22700508]
Event: 22973.504 Thread 0x0000011b30a63d30 15881       4       org.hibernate.query.sqm.sql.internal.SqmParameterInterpretation::getSqlTuple (21 bytes)
Event: 22973.507 Thread 0x0000011b30a63d30 nmethod 15881 0x0000011b22700810 code [0x0000011b227009a0, 0x0000011b22700cb8]
Event: 22973.518 Thread 0x0000011b30a63d30 15882       4       org.hibernate.query.sqm.sql.BaseSqmToSqlAstConverter::determineValueMapping (630 bytes)
Event: 22973.533 Thread 0x0000011b30a63d30 nmethod 15882 0x0000011b22700f10 code [0x0000011b22701180, 0x0000011b22701b70]
Event: 22973.533 Thread 0x0000011b30a63d30 15883       4       org.hibernate.query.sqm.sql.BaseSqmToSqlAstConverter::resolveSqmParameter (388 bytes)
Event: 22973.552 Thread 0x0000011b30a63d30 nmethod 15883 0x0000011b22702790 code [0x0000011b22702980, 0x0000011b22703608]
Event: 22973.651 Thread 0x0000011b30a63d30 15884       4       org.hibernate.metamodel.mapping.EntityMappingType::createRootTableGroup (46 bytes)
Event: 22973.726 Thread 0x0000011b30a63d30 nmethod 15884 0x0000011b22703c10 code [0x0000011b22703e60, 0x0000011b22706688]
Event: 22973.726 Thread 0x0000011b30a63d30 15885       4       org.hibernate.persister.entity.SingleTableEntityPersister::createRootTableGroup (73 bytes)
Event: 22973.780 Thread 0x0000011b30a63d30 nmethod 15885 0x0000011b22707c90 code [0x0000011b22707e80, 0x0000011b22709f38]
Event: 22973.780 Thread 0x0000011b30a63d30 15886       4       org.hibernate.query.sqm.internal.QuerySqmImpl::buildConcreteSelectQueryPlan (23 bytes)
Event: 22973.942 Thread 0x0000011b30a63d30 nmethod 15886 0x0000011b2270b090 code [0x0000011b2270b440, 0x0000011b2270ebb8]
Event: 22973.943 Thread 0x0000011b30a63d30 15887       4       org.hibernate.query.sqm.tree.select.SqmQuerySpec::copy (219 bytes)

GC Heap History (20 events):
Event: 22951.154 GC heap before
{Heap before GC invocations=163 (full 0):
 garbage-first heap   total 137216K, used 118465K [0x0000000082800000, 0x0000000100000000)
  region size 1024K, 80 young (81920K), 1 survivors (1024K)
 Metaspace       used 82182K, committed 82816K, reserved 1122304K
  class space    used 10674K, committed 11008K, reserved 1048576K
}
Event: 22951.155 GC heap after
{Heap after GC invocations=164 (full 0):
 garbage-first heap   total 137216K, used 38612K [0x0000000082800000, 0x0000000100000000)
  region size 1024K, 1 young (1024K), 1 survivors (1024K)
 Metaspace       used 82182K, committed 82816K, reserved 1122304K
  class space    used 10674K, committed 11008K, reserved 1048576K
}
Event: 22951.291 GC heap before
{Heap before GC invocations=164 (full 0):
 garbage-first heap   total 137216K, used 42708K [0x0000000082800000, 0x0000000100000000)
  region size 1024K, 6 young (6144K), 1 survivors (1024K)
 Metaspace       used 82182K, committed 82816K, reserved 1122304K
  class space    used 10674K, committed 11008K, reserved 1048576K
}
Event: 22951.292 GC heap after
{Heap after GC invocations=165 (full 0):
 garbage-first heap   total 137216K, used 38557K [0x0000000082800000, 0x0000000100000000)
  region size 1024K, 1 young (1024K), 1 survivors (1024K)
 Metaspace       used 82182K, committed 82816K, reserved 1122304K
  class space    used 10674K, committed 11008K, reserved 1048576K
}
Event: 22954.077 GC heap before
{Heap before GC invocations=165 (full 0):
 garbage-first heap   total 137216K, used 118429K [0x0000000082800000, 0x0000000100000000)
  region size 1024K, 80 young (81920K), 1 survivors (1024K)
 Metaspace       used 82187K, committed 82816K, reserved 1122304K
  class space    used 10674K, committed 11008K, reserved 1048576K
}
Event: 22954.079 GC heap after
{Heap after GC invocations=166 (full 0):
 garbage-first heap   total 137216K, used 38586K [0x0000000082800000, 0x0000000100000000)
  region size 1024K, 1 young (1024K), 1 survivors (1024K)
 Metaspace       used 82187K, committed 82816K, reserved 1122304K
  class space    used 10674K, committed 11008K, reserved 1048576K
}
Event: 22958.019 GC heap before
{Heap before GC invocations=167 (full 0):
 garbage-first heap   total 137216K, used 118458K [0x0000000082800000, 0x0000000100000000)
  region size 1024K, 80 young (81920K), 1 survivors (1024K)
 Metaspace       used 82187K, committed 82816K, reserved 1122304K
  class space    used 10674K, committed 11008K, reserved 1048576K
}
Event: 22958.021 GC heap after
{Heap after GC invocations=168 (full 0):
 garbage-first heap   total 137216K, used 38582K [0x0000000082800000, 0x0000000100000000)
  region size 1024K, 1 young (1024K), 1 survivors (1024K)
 Metaspace       used 82187K, committed 82816K, reserved 1122304K
  class space    used 10674K, committed 11008K, reserved 1048576K
}
Event: 22958.179 GC heap before
{Heap before GC invocations=168 (full 0):
 garbage-first heap   total 137216K, used 42678K [0x0000000082800000, 0x0000000100000000)
  region size 1024K, 6 young (6144K), 1 survivors (1024K)
 Metaspace       used 82187K, committed 82816K, reserved 1122304K
  class space    used 10674K, committed 11008K, reserved 1048576K
}
Event: 22958.181 GC heap after
{Heap after GC invocations=169 (full 0):
 garbage-first heap   total 137216K, used 38542K [0x0000000082800000, 0x0000000100000000)
  region size 1024K, 1 young (1024K), 1 survivors (1024K)
 Metaspace       used 82187K, committed 82816K, reserved 1122304K
  class space    used 10674K, committed 11008K, reserved 1048576K
}
Event: 22963.152 GC heap before
{Heap before GC invocations=169 (full 0):
 garbage-first heap   total 137216K, used 118414K [0x0000000082800000, 0x0000000100000000)
  region size 1024K, 80 young (81920K), 1 survivors (1024K)
 Metaspace       used 82188K, committed 82816K, reserved 1122304K
  class space    used 10674K, committed 11008K, reserved 1048576K
}
Event: 22963.155 GC heap after
{Heap after GC invocations=170 (full 0):
 garbage-first heap   total 164864K, used 38607K [0x0000000082800000, 0x0000000100000000)
  region size 1024K, 1 young (1024K), 1 survivors (1024K)
 Metaspace       used 82188K, committed 82816K, reserved 1122304K
  class space    used 10674K, committed 11008K, reserved 1048576K
}
Event: 22967.307 GC heap before
{Heap before GC invocations=171 (full 0):
 garbage-first heap   total 137216K, used 118479K [0x0000000082800000, 0x0000000100000000)
  region size 1024K, 80 young (81920K), 1 survivors (1024K)
 Metaspace       used 82188K, committed 82816K, reserved 1122304K
  class space    used 10674K, committed 11008K, reserved 1048576K
}
Event: 22967.309 GC heap after
{Heap after GC invocations=172 (full 0):
 garbage-first heap   total 137216K, used 38637K [0x0000000082800000, 0x0000000100000000)
  region size 1024K, 1 young (1024K), 1 survivors (1024K)
 Metaspace       used 82188K, committed 82816K, reserved 1122304K
  class space    used 10674K, committed 11008K, reserved 1048576K
}
Event: 22967.451 GC heap before
{Heap before GC invocations=172 (full 0):
 garbage-first heap   total 137216K, used 42733K [0x0000000082800000, 0x0000000100000000)
  region size 1024K, 6 young (6144K), 1 survivors (1024K)
 Metaspace       used 82188K, committed 82816K, reserved 1122304K
  class space    used 10674K, committed 11008K, reserved 1048576K
}
Event: 22967.454 GC heap after
{Heap after GC invocations=173 (full 0):
 garbage-first heap   total 137216K, used 38576K [0x0000000082800000, 0x0000000100000000)
  region size 1024K, 1 young (1024K), 1 survivors (1024K)
 Metaspace       used 82188K, committed 82816K, reserved 1122304K
  class space    used 10674K, committed 11008K, reserved 1048576K
}
Event: 22970.623 GC heap before
{Heap before GC invocations=173 (full 0):
 garbage-first heap   total 137216K, used 118448K [0x0000000082800000, 0x0000000100000000)
  region size 1024K, 80 young (81920K), 1 survivors (1024K)
 Metaspace       used 82188K, committed 82816K, reserved 1122304K
  class space    used 10674K, committed 11008K, reserved 1048576K
}
Event: 22970.626 GC heap after
{Heap after GC invocations=174 (full 0):
 garbage-first heap   total 137216K, used 38660K [0x0000000082800000, 0x0000000100000000)
  region size 1024K, 1 young (1024K), 1 survivors (1024K)
 Metaspace       used 82188K, committed 82816K, reserved 1122304K
  class space    used 10674K, committed 11008K, reserved 1048576K
}
Event: 22974.139 GC heap before
{Heap before GC invocations=175 (full 0):
 garbage-first heap   total 137216K, used 118532K [0x0000000082800000, 0x0000000100000000)
  region size 1024K, 80 young (81920K), 1 survivors (1024K)
 Metaspace       used 82188K, committed 82816K, reserved 1122304K
  class space    used 10674K, committed 11008K, reserved 1048576K
}
Event: 22974.140 GC heap after
{Heap after GC invocations=176 (full 0):
 garbage-first heap   total 137216K, used 38658K [0x0000000082800000, 0x0000000100000000)
  region size 1024K, 1 young (1024K), 1 survivors (1024K)
 Metaspace       used 82188K, committed 82816K, reserved 1122304K
  class space    used 10674K, committed 11008K, reserved 1048576K
}

Deoptimization events (20 events):
Event: 22907.547 Thread 0x0000011b394fdfa0 Uncommon trap: trap_request=0xffffffbe fr.pc=0x0000011b223b9738 relative=0x0000000000000618
Event: 22907.547 Thread 0x0000011b394fdfa0 Uncommon trap: reason=profile_predicate action=maybe_recompile pc=0x0000011b223b9738 method=org.springframework.security.web.header.writers.StaticHeadersWriter.writeHeaders(Ljakarta/servlet/http/HttpServletRequest;Ljakarta/servlet/http/HttpServletResponse
Event: 22907.547 Thread 0x0000011b394fdfa0 DEOPT PACKING pc=0x0000011b223b9738 sp=0x00000017035fb720
Event: 22907.547 Thread 0x0000011b394fdfa0 DEOPT UNPACKING pc=0x0000011b213b23a3 sp=0x00000017035fb6a8 mode 2
Event: 22907.556 Thread 0x0000011b394f8dd0 Uncommon trap: trap_request=0xffffffbe fr.pc=0x0000011b223b9738 relative=0x0000000000000618
Event: 22907.556 Thread 0x0000011b394f8dd0 Uncommon trap: reason=profile_predicate action=maybe_recompile pc=0x0000011b223b9738 method=org.springframework.security.web.header.writers.StaticHeadersWriter.writeHeaders(Ljakarta/servlet/http/HttpServletRequest;Ljakarta/servlet/http/HttpServletResponse
Event: 22907.556 Thread 0x0000011b394f8dd0 DEOPT PACKING pc=0x0000011b223b9738 sp=0x00000017068fb5b0
Event: 22907.556 Thread 0x0000011b394f8dd0 DEOPT UNPACKING pc=0x0000011b213b23a3 sp=0x00000017068fb538 mode 2
Event: 22907.565 Thread 0x0000011b394faab0 Uncommon trap: trap_request=0xffffffbe fr.pc=0x0000011b223b9738 relative=0x0000000000000618
Event: 22907.565 Thread 0x0000011b394faab0 Uncommon trap: reason=profile_predicate action=maybe_recompile pc=0x0000011b223b9738 method=org.springframework.security.web.header.writers.StaticHeadersWriter.writeHeaders(Ljakarta/servlet/http/HttpServletRequest;Ljakarta/servlet/http/HttpServletResponse
Event: 22907.565 Thread 0x0000011b394faab0 DEOPT PACKING pc=0x0000011b223b9738 sp=0x00000017071fb7f0
Event: 22907.565 Thread 0x0000011b394faab0 DEOPT UNPACKING pc=0x0000011b213b23a3 sp=0x00000017071fb778 mode 2
Event: 22908.952 Thread 0x0000011b394fc2c0 DEOPT PACKING pc=0x0000011b1af00d50 sp=0x0000001706bfe5b0
Event: 22908.952 Thread 0x0000011b394fc2c0 DEOPT UNPACKING pc=0x0000011b213b2b43 sp=0x0000001706bfda30 mode 0
Event: 22909.283 Thread 0x0000011b394fdad0 DEOPT PACKING pc=0x0000011b1ae763d0 sp=0x0000001706dfe920
Event: 22909.283 Thread 0x0000011b394fdad0 DEOPT UNPACKING pc=0x0000011b213b2b43 sp=0x0000001706dfdd98 mode 0
Event: 22912.397 Thread 0x0000011b394f8900 DEOPT PACKING pc=0x0000011b1afb0ed9 sp=0x00000017069fed10
Event: 22912.398 Thread 0x0000011b394f8900 DEOPT UNPACKING pc=0x0000011b213b2b43 sp=0x00000017069fe188 mode 0
Event: 22918.487 Thread 0x0000011b394ff2e0 DEOPT PACKING pc=0x0000011b1b0b9d16 sp=0x00000017070fee30
Event: 22918.488 Thread 0x0000011b394ff2e0 DEOPT UNPACKING pc=0x0000011b213b2b43 sp=0x00000017070fe278 mode 0

Classes unloaded (20 events):
Event: 2562.693 Thread 0x0000011b30a3f0d0 Unloading class 0x0000000800c21400 'java/lang/invoke/LambdaForm$MH+0x0000000800c21400'
Event: 2562.693 Thread 0x0000011b30a3f0d0 Unloading class 0x0000000800c21000 'java/lang/invoke/LambdaForm$MH+0x0000000800c21000'
Event: 2562.693 Thread 0x0000011b30a3f0d0 Unloading class 0x0000000800c20c00 'java/lang/invoke/LambdaForm$MH+0x0000000800c20c00'
Event: 2562.693 Thread 0x0000011b30a3f0d0 Unloading class 0x0000000800c20800 'java/lang/invoke/LambdaForm$MH+0x0000000800c20800'
Event: 2562.693 Thread 0x0000011b30a3f0d0 Unloading class 0x0000000800c20400 'java/lang/invoke/LambdaForm$MH+0x0000000800c20400'
Event: 2562.693 Thread 0x0000011b30a3f0d0 Unloading class 0x0000000800c20000 'java/lang/invoke/LambdaForm$MH+0x0000000800c20000'
Event: 2562.693 Thread 0x0000011b30a3f0d0 Unloading class 0x0000000800c11c00 'java/lang/invoke/LambdaForm$MH+0x0000000800c11c00'
Event: 2562.693 Thread 0x0000011b30a3f0d0 Unloading class 0x0000000800c11400 'java/lang/invoke/LambdaForm$MH+0x0000000800c11400'
Event: 2562.693 Thread 0x0000011b30a3f0d0 Unloading class 0x0000000800c10c00 'java/lang/invoke/LambdaForm$MH+0x0000000800c10c00'
Event: 2562.693 Thread 0x0000011b30a3f0d0 Unloading class 0x0000000800c10400 'java/lang/invoke/LambdaForm$MH+0x0000000800c10400'
Event: 6608.317 Thread 0x0000011b30a3f0d0 Unloading class 0x0000000800e90c00 'jdk/internal/reflect/GeneratedMethodAccessor110'
Event: 9608.068 Thread 0x0000011b30a3f0d0 Unloading class 0x00000008016a8800 'jdk/internal/reflect/GeneratedConstructorAccessor54'
Event: 9608.068 Thread 0x0000011b30a3f0d0 Unloading class 0x0000000801694400 'jdk/internal/reflect/GeneratedConstructorAccessor51'
Event: 9608.069 Thread 0x0000011b30a3f0d0 Unloading class 0x0000000801694000 'jdk/internal/reflect/GeneratedConstructorAccessor50'
Event: 10895.195 Thread 0x0000011b30a3f0d0 Unloading class 0x0000000800e90c00 'jdk/internal/reflect/GeneratedMethodAccessor118'
Event: 16890.698 Thread 0x0000011b30a3f0d0 Unloading class 0x0000000800c10c00 'jdk/internal/reflect/GeneratedMethodAccessor119'
Event: 16890.698 Thread 0x0000011b30a3f0d0 Unloading class 0x0000000800c11400 'jdk/internal/reflect/GeneratedConstructorAccessor70'
Event: 16890.698 Thread 0x0000011b30a3f0d0 Unloading class 0x00000008016a8800 'jdk/internal/reflect/GeneratedConstructorAccessor69'
Event: 16890.699 Thread 0x0000011b30a3f0d0 Unloading class 0x0000000800e90c00 'jdk/internal/reflect/GeneratedConstructorAccessor68'
Event: 21761.678 Thread 0x0000011b30a3f0d0 Unloading class 0x0000000801606400 'jdk/internal/reflect/GeneratedMethodAccessor123'

Classes redefined (0 events):
No events

Internal exceptions (20 events):
Event: 8.093 Thread 0x0000011b326fd280 Exception <a 'java/lang/NoSuchMethodError'{0x0000000086afdd60}: 'java.lang.Object java.lang.invoke.DirectMethodHandle$Holder.invokeSpecial(java.lang.Object, java.lang.Object, int, java.lang.Object, int, java.lang.Object)'> (0x0000000086afdd60) 
thrown [s\open\src\hotspot\share\interpreter\linkResolver.cpp, line 759]
Event: 8.094 Thread 0x0000011b326fd280 Exception <a 'java/lang/NoSuchMethodError'{0x00000000869063f0}: 'java.lang.Object java.lang.invoke.DirectMethodHandle$Holder.newInvokeSpecial(java.lang.Object, java.lang.Object, int, java.lang.Object, int)'> (0x00000000869063f0) 
thrown [s\open\src\hotspot\share\interpreter\linkResolver.cpp, line 759]
Event: 8.094 Thread 0x0000011b326fd280 Exception <a 'java/lang/NoSuchMethodError'{0x000000008690a4f0}: 'java.lang.Object java.lang.invoke.DirectMethodHandle$Holder.invokeSpecial(java.lang.Object, java.lang.Object, java.lang.Object, int, java.lang.Object, int)'> (0x000000008690a4f0) 
thrown [s\open\src\hotspot\share\interpreter\linkResolver.cpp, line 759]
Event: 13.361 Thread 0x0000011b394f8900 Exception <a 'java/lang/NoSuchMethodError'{0x000000008630e300}: 'java.lang.Object java.lang.invoke.DirectMethodHandle$Holder.invokeSpecial(java.lang.Object, java.lang.Object, java.lang.Object, java.lang.Object, java.lang.Object, long)'> (0x000000008630e300) 
thrown [s\open\src\hotspot\share\interpreter\linkResolver.cpp, line 759]
Event: 13.361 Thread 0x0000011b394f8900 Exception <a 'java/lang/NoSuchMethodError'{0x0000000086311d40}: 'java.lang.Object java.lang.invoke.Invokers$Holder.linkToTargetMethod(java.lang.Object, java.lang.Object, java.lang.Object, long, java.lang.Object)'> (0x0000000086311d40) 
thrown [s\open\src\hotspot\share\interpreter\linkResolver.cpp, line 759]
Event: 13.547 Thread 0x0000011b394f8900 Exception <a 'java/lang/IncompatibleClassChangeError'{0x00000000871aa388}: Found class java.lang.Object, but interface was expected> (0x00000000871aa388) 
thrown [s\open\src\hotspot\share\interpreter\linkResolver.cpp, line 826]
Event: 13.653 Thread 0x0000011b394f8900 Exception <a 'java/lang/IncompatibleClassChangeError'{0x0000000086d2c758}: Found class java.lang.Object, but interface was expected> (0x0000000086d2c758) 
thrown [s\open\src\hotspot\share\interpreter\linkResolver.cpp, line 826]
Event: 262.939 Thread 0x0000011b394fc2c0 Exception <a 'java/lang/NoSuchMethodError'{0x0000000086056ad8}: 'java.lang.Object java.lang.invoke.DirectMethodHandle$Holder.newInvokeSpecial(java.lang.Object, long)'> (0x0000000086056ad8) 
thrown [s\open\src\hotspot\share\interpreter\linkResolver.cpp, line 759]
Event: 4618.729 Thread 0x0000011b394fe470 Implicit null exception at 0x0000011b21af5336 to 0x0000011b21af5aa4
Event: 4618.737 Thread 0x0000011b394fe470 Implicit null exception at 0x0000011b21c388d6 to 0x0000011b21c39480
Event: 4642.647 Thread 0x0000011b394fc2c0 Implicit null exception at 0x0000011b21af8c36 to 0x0000011b21af9610
Event: 4642.771 Thread 0x0000011b394fc2c0 Implicit null exception at 0x0000011b21e45f56 to 0x0000011b21e4d900
Event: 5385.144 Thread 0x0000011b32e2d460 Implicit null exception at 0x0000011b21fa83b3 to 0x0000011b21fa8668
Event: 5386.143 Thread 0x0000011b32e2d460 Implicit null exception at 0x0000011b21fa83b3 to 0x0000011b21fa8668
Event: 5387.147 Thread 0x0000011b32e2d460 Implicit null exception at 0x0000011b21fa83b3 to 0x0000011b21fa8668
Event: 5388.142 Thread 0x0000011b32e2d460 Implicit null exception at 0x0000011b21fa83b3 to 0x0000011b21fa8668
Event: 7213.607 Thread 0x0000011b394ff2e0 Implicit null exception at 0x0000011b21be1b6d to 0x0000011b21be8194
Event: 19000.039 Thread 0x0000011b394fa5e0 Implicit null exception at 0x0000011b2213ff34 to 0x0000011b22140174
Event: 19003.155 Thread 0x0000011b394fdfa0 Implicit null exception at 0x0000011b2214c380 to 0x0000011b2214c5cc
Event: 22904.029 Thread 0x0000011b31d98510 Implicit null exception at 0x0000011b2233e0e4 to 0x0000011b2233e5a4

VM Operations (20 events):
Event: 22967.307 Executing VM operation: G1CollectForAllocation
Event: 22967.310 Executing VM operation: G1CollectForAllocation done
Event: 22967.451 Executing VM operation: G1CollectForAllocation
Event: 22967.454 Executing VM operation: G1CollectForAllocation done
Event: 22970.471 Executing VM operation: Cleanup
Event: 22970.471 Executing VM operation: Cleanup done
Event: 22970.623 Executing VM operation: G1CollectForAllocation
Event: 22970.626 Executing VM operation: G1CollectForAllocation done
Event: 22970.656 Executing VM operation: G1Concurrent
Event: 22970.662 Executing VM operation: G1Concurrent done
Event: 22970.678 Executing VM operation: G1Concurrent
Event: 22970.678 Executing VM operation: G1Concurrent done
Event: 22971.684 Executing VM operation: Cleanup
Event: 22971.684 Executing VM operation: Cleanup done
Event: 22972.696 Executing VM operation: Cleanup
Event: 22972.696 Executing VM operation: Cleanup done
Event: 22973.708 Executing VM operation: Cleanup
Event: 22973.708 Executing VM operation: Cleanup done
Event: 22974.139 Executing VM operation: G1CollectForAllocation
Event: 22974.140 Executing VM operation: G1CollectForAllocation done

Events (20 events):
Event: 22912.348 Thread 0x0000011b30a66ff0 flushing nmethod 0x0000011b1b514b90
Event: 22912.348 Thread 0x0000011b30a66ff0 flushing nmethod 0x0000011b1b51c290
Event: 22912.349 Thread 0x0000011b30a66ff0 flushing nmethod 0x0000011b1b617c10
Event: 22912.349 Thread 0x0000011b30a66ff0 flushing nmethod 0x0000011b1b658d90
Event: 22912.349 Thread 0x0000011b30a66ff0 flushing nmethod 0x0000011b1b662a10
Event: 22912.349 Thread 0x0000011b30a66ff0 flushing nmethod 0x0000011b1b668690
Event: 22912.350 Thread 0x0000011b30a66ff0 flushing nmethod 0x0000011b1b704210
Event: 22912.350 Thread 0x0000011b30a66ff0 flushing nmethod 0x0000011b1b704b90
Event: 22912.350 Thread 0x0000011b30a66ff0 flushing nmethod 0x0000011b1b735e10
Event: 22912.437 Thread 0x0000011b31edcf40 Thread added: 0x0000011b31edcf40
Event: 22913.552 Thread 0x0000011b31edcf40 Thread exited: 0x0000011b31edcf40
Event: 22915.669 Thread 0x0000011b31edcf40 Thread added: 0x0000011b31edcf40
Event: 22915.932 Thread 0x0000011b31edcf40 Thread exited: 0x0000011b31edcf40
Event: 22937.052 Thread 0x0000011b31edcf40 Thread added: 0x0000011b31edcf40
Event: 22937.366 Thread 0x0000011b31edcf40 Thread exited: 0x0000011b31edcf40
Event: 22945.129 Thread 0x0000011b30a66ff0 flushing nmethod 0x0000011b1a7a6510
Event: 22945.134 Thread 0x0000011b30a66ff0 flushing nmethod 0x0000011b1b0d6410
Event: 22945.135 Thread 0x0000011b30a66ff0 flushing nmethod 0x0000011b1b263010
Event: 22959.123 Thread 0x0000011b31edcf40 Thread added: 0x0000011b31edcf40
Event: 22959.848 Thread 0x0000011b31edcf40 Thread exited: 0x0000011b31edcf40


Dynamic libraries:
0x00007ff78f970000 - 0x00007ff78f980000 	C:\Program Files\Java\jdk-17\bin\java.exe
0x00007ff945af0000 - 0x00007ff945ce8000 	C:\Windows\SYSTEM32\ntdll.dll
0x00007ff943c90000 - 0x00007ff943d4d000 	C:\Windows\System32\KERNEL32.DLL
0x00007ff9435e0000 - 0x00007ff9438d6000 	C:\Windows\System32\KERNELBASE.dll
0x00007ff943270000 - 0x00007ff943370000 	C:\Windows\System32\ucrtbase.dll
0x00007ff914680000 - 0x00007ff914699000 	C:\Program Files\Java\jdk-17\bin\jli.dll
0x00007ff90d690000 - 0x00007ff90d6ab000 	C:\Program Files\Java\jdk-17\bin\VCRUNTIME140.dll
0x00007ff944a00000 - 0x00007ff944ab3000 	C:\Windows\System32\ADVAPI32.dll
0x00007ff944140000 - 0x00007ff9441de000 	C:\Windows\System32\msvcrt.dll
0x00007ff945520000 - 0x00007ff9455bf000 	C:\Windows\System32\sechost.dll
0x00007ff9446b0000 - 0x00007ff9447d6000 	C:\Windows\System32\RPCRT4.dll
0x00007ff943510000 - 0x00007ff943537000 	C:\Windows\System32\bcrypt.dll
0x00007ff945210000 - 0x00007ff9453ae000 	C:\Windows\System32\USER32.dll
0x00007ff943370000 - 0x00007ff943392000 	C:\Windows\System32\win32u.dll
0x00007ff923840000 - 0x00007ff923ada000 	C:\Windows\WinSxS\amd64_microsoft.windows.common-controls_6595b64144ccf1df_6.0.19041.3636_none_60b6a03d71f818d5\COMCTL32.dll
0x00007ff9454f0000 - 0x00007ff94551c000 	C:\Windows\System32\GDI32.dll
0x00007ff9433a0000 - 0x00007ff9434ba000 	C:\Windows\System32\gdi32full.dll
0x00007ff943540000 - 0x00007ff9435dd000 	C:\Windows\System32\msvcp_win.dll
0x00007ff93e050000 - 0x00007ff93e05a000 	C:\Windows\SYSTEM32\VERSION.dll
0x00007ff9453b0000 - 0x00007ff9453e0000 	C:\Windows\System32\IMM32.DLL
0x00007ff93caa0000 - 0x00007ff93caac000 	C:\Program Files\Java\jdk-17\bin\vcruntime140_1.dll
0x00007ff8e4c00000 - 0x00007ff8e4c8e000 	C:\Program Files\Java\jdk-17\bin\msvcp140.dll
0x00007ff8da380000 - 0x00007ff8daf5d000 	C:\Program Files\Java\jdk-17\bin\server\jvm.dll
0x00007ff9448c0000 - 0x00007ff9448c8000 	C:\Windows\System32\PSAPI.DLL
0x00007ff93e3a0000 - 0x00007ff93e3a9000 	C:\Windows\SYSTEM32\WSOCK32.dll
0x00007ff9368b0000 - 0x00007ff9368d7000 	C:\Windows\SYSTEM32\WINMM.dll
0x00007ff944850000 - 0x00007ff9448bb000 	C:\Windows\System32\WS2_32.dll
0x00007ff941090000 - 0x00007ff9410a2000 	C:\Windows\SYSTEM32\kernel.appcore.dll
0x00007ff92f1c0000 - 0x00007ff92f1ca000 	C:\Program Files\Java\jdk-17\bin\jimage.dll
0x00007ff937200000 - 0x00007ff9373e4000 	C:\Windows\SYSTEM32\DBGHELP.DLL
0x00007ff935ec0000 - 0x00007ff935ef4000 	C:\Windows\SYSTEM32\dbgcore.DLL
0x00007ff9438e0000 - 0x00007ff943962000 	C:\Windows\System32\bcryptPrimitives.dll
0x00007ff940a00000 - 0x00007ff940a0e000 	C:\Program Files\Java\jdk-17\bin\instrument.dll
0x00007ff90b130000 - 0x00007ff90b155000 	C:\Program Files\Java\jdk-17\bin\java.dll
0x00007ff8e00f0000 - 0x00007ff8e01c7000 	C:\Program Files\Java\jdk-17\bin\jsvml.dll
0x00007ff944ac0000 - 0x00007ff945205000 	C:\Windows\System32\SHELL32.dll
0x00007ff941290000 - 0x00007ff941a2b000 	C:\Windows\SYSTEM32\windows.storage.dll
0x00007ff943d50000 - 0x00007ff9440a4000 	C:\Windows\System32\combase.dll
0x00007ff942b20000 - 0x00007ff942b4d000 	C:\Windows\SYSTEM32\Wldp.dll
0x00007ff9453e0000 - 0x00007ff94548d000 	C:\Windows\System32\SHCORE.dll
0x00007ff945490000 - 0x00007ff9454e5000 	C:\Windows\System32\shlwapi.dll
0x00007ff9430f0000 - 0x00007ff943115000 	C:\Windows\SYSTEM32\profapi.dll
0x00007ff906ae0000 - 0x00007ff906af8000 	C:\Program Files\Java\jdk-17\bin\zip.dll
0x00007ff914700000 - 0x00007ff914719000 	C:\Program Files\Java\jdk-17\bin\net.dll
0x00007ff93de60000 - 0x00007ff93df6a000 	C:\Windows\SYSTEM32\WINHTTP.dll
0x00007ff942880000 - 0x00007ff9428ea000 	C:\Windows\system32\mswsock.dll
0x00007ff9146e0000 - 0x00007ff9146f6000 	C:\Program Files\Java\jdk-17\bin\nio.dll
0x00007ff940980000 - 0x00007ff94099a000 	C:\Program Files\JetBrains\IntelliJ IDEA Community Edition 2023.1.3\bin\breakgen64.dll
0x00007ff93ed20000 - 0x00007ff93ed2a000 	C:\Program Files\Java\jdk-17\bin\management.dll
0x00007ff93ebb0000 - 0x00007ff93ebbb000 	C:\Program Files\Java\jdk-17\bin\management_ext.dll
0x00007ff92e810000 - 0x00007ff92e820000 	C:\Program Files\Java\jdk-17\bin\verify.dll
0x00007ff942a70000 - 0x00007ff942a88000 	C:\Windows\SYSTEM32\CRYPTSP.dll
0x00007ff9421b0000 - 0x00007ff9421e4000 	C:\Windows\system32\rsaenh.dll
0x00007ff9430b0000 - 0x00007ff9430de000 	C:\Windows\SYSTEM32\USERENV.dll
0x00007ff942a90000 - 0x00007ff942a9c000 	C:\Windows\SYSTEM32\CRYPTBASE.dll
0x00007ff942570000 - 0x00007ff9425ab000 	C:\Windows\SYSTEM32\IPHLPAPI.DLL
0x00007ff943c80000 - 0x00007ff943c88000 	C:\Windows\System32\NSI.dll
0x00007ff93dae0000 - 0x00007ff93daf7000 	C:\Windows\SYSTEM32\dhcpcsvc6.DLL
0x00007ff93dac0000 - 0x00007ff93dadd000 	C:\Windows\SYSTEM32\dhcpcsvc.DLL
0x00007ff9425b0000 - 0x00007ff94267a000 	C:\Windows\SYSTEM32\DNSAPI.dll
0x00007ff93eba0000 - 0x00007ff93ebad000 	C:\Program Files\Java\jdk-17\bin\sunmscapi.dll
0x00007ff943970000 - 0x00007ff943acd000 	C:\Windows\System32\CRYPT32.dll
0x00007ff942b90000 - 0x00007ff942bb8000 	C:\Windows\SYSTEM32\ncrypt.dll
0x00007ff942b50000 - 0x00007ff942b8b000 	C:\Windows\SYSTEM32\NTASN1.dll
0x00007ff93c9c0000 - 0x00007ff93c9ca000 	C:\Windows\System32\rasadhlp.dll
0x00007ff93c360000 - 0x00007ff93c3e0000 	C:\Windows\System32\fwpuclnt.dll
0x00007ff932230000 - 0x00007ff932237000 	C:\Windows\system32\wshunix.dll

dbghelp: loaded successfully - version: 4.0.5 - missing functions: none
symbol engine: initialized successfully - sym options: 0x614 - pdb path: .;C:\Program Files\Java\jdk-17\bin;C:\Windows\SYSTEM32;C:\Windows\WinSxS\amd64_microsoft.windows.common-controls_6595b64144ccf1df_6.0.19041.3636_none_60b6a03d71f818d5;C:\Program Files\Java\jdk-17\bin\server;C:\Program Files\JetBrains\IntelliJ IDEA Community Edition 2023.1.3\bin

VM Arguments:
jvm_args: -javaagent:C:\Program Files\JetBrains\IntelliJ IDEA Community Edition 2023.1.3\lib\idea_rt.jar=13147:C:\Program Files\JetBrains\IntelliJ IDEA Community Edition 2023.1.3\bin -Dfile.encoding=UTF-8 
java_command: com.icm.tiremanagementapi.TireManagementApiApplication
java_class_path (initial): C:\Proyectos_ICM\Neumaticos\TireManagementApi\target\classes;C:\Users\ICM-2\.m2\repository\org\springframework\boot\spring-boot-starter-data-jpa\3.0.6\spring-boot-starter-data-jpa-3.0.6.jar;C:\Users\ICM-2\.m2\repository\org\springframework\boot\spring-boot-starter-aop\3.0.6\spring-boot-starter-aop-3.0.6.jar;C:\Users\ICM-2\.m2\repository\org\aspectj\aspectjweaver\1.9.19\aspectjweaver-1.9.19.jar;C:\Users\ICM-2\.m2\repository\org\springframework\boot\spring-boot-starter-jdbc\3.0.6\spring-boot-starter-jdbc-3.0.6.jar;C:\Users\ICM-2\.m2\repository\com\zaxxer\HikariCP\5.0.1\HikariCP-5.0.1.jar;C:\Users\ICM-2\.m2\repository\org\springframework\spring-jdbc\6.0.8\spring-jdbc-6.0.8.jar;C:\Users\ICM-2\.m2\repository\org\hibernate\orm\hibernate-core\6.1.7.Final\hibernate-core-6.1.7.Final.jar;C:\Users\ICM-2\.m2\repository\jakarta\persistence\jakarta.persistence-api\3.1.0\jakarta.persistence-api-3.1.0.jar;C:\Users\ICM-2\.m2\repository\jakarta\transaction\jakarta.transaction-api\2.0.1\jakarta.transaction-api-2.0.1.jar;C:\Users\ICM-2\.m2\repository\org\jboss\logging\jboss-logging\3.5.0.Final\jboss-logging-3.5.0.Final.jar;C:\Users\ICM-2\.m2\repository\org\hibernate\common\hibernate-commons-annotations\6.0.6.Final\hibernate-commons-annotations-6.0.6.Final.jar;C:\Users\ICM-2\.m2\repository\org\jboss\jandex\2.4.2.Final\jandex-2.4.2.Final.jar;C:\Users\ICM-2\.m2\repository\com\fasterxml\classmate\1.5.1\classmate-1.5.1.jar;C:\Users\ICM-2\.m2\repository\net\bytebuddy\byte-buddy\1.12.23\byte-buddy-1.12.23.jar;C:\Users\ICM-2\.m2\repository\org\glassfish\jaxb\jaxb-runtime\4.0.2\jaxb-runtime-4.0.2.jar;C:\Users\ICM-2\.m2\repository\org\glassfish\jaxb\jaxb-core\4.0.2\jaxb-core-4.0.2.jar;C:\Users\ICM-2\.m2\repository\org\eclipse\angus\angus-activation\2.0.0\angus-activation-2.0.0.jar;C:\Users\ICM-2\.m2\repository\org\glassfish\jaxb\txw2\4.0.2\txw2-4.0.2.jar;C:\Users\ICM-2\.m2\repository\com\sun\istack\istack-commons-runtime\4.1.1\istack-commons-runtime-4.1.1.jar;C:\User
Launcher Type: SUN_STANDARD

[Global flags]
     intx CICompilerCount                          = 4                                         {product} {ergonomic}
     uint ConcGCThreads                            = 3                                         {product} {ergonomic}
     uint G1ConcRefinementThreads                  = 10                                        {product} {ergonomic}
   size_t G1HeapRegionSize                         = 1048576                                   {product} {ergonomic}
    uintx GCDrainStackTargetSize                   = 64                                        {product} {ergonomic}
   size_t InitialHeapSize                          = 132120576                                 {product} {ergonomic}
   size_t MarkStackSize                            = 4194304                                   {product} {ergonomic}
   size_t MaxHeapSize                              = 2105540608                                {product} {ergonomic}
   size_t MaxNewSize                               = 1262485504                                {product} {ergonomic}
   size_t MinHeapDeltaBytes                        = 1048576                                   {product} {ergonomic}
   size_t MinHeapSize                              = 8388608                                   {product} {ergonomic}
    uintx NonNMethodCodeHeapSize                   = 5839372                                {pd product} {ergonomic}
    uintx NonProfiledCodeHeapSize                  = 122909434                              {pd product} {ergonomic}
    uintx ProfiledCodeHeapSize                     = 122909434                              {pd product} {ergonomic}
    uintx ReservedCodeCacheSize                    = 251658240                              {pd product} {ergonomic}
     bool SegmentedCodeCache                       = true                                      {product} {ergonomic}
   size_t SoftMaxHeapSize                          = 2105540608                             {manageable} {ergonomic}
     bool UseCompressedClassPointers               = true                           {product lp64_product} {ergonomic}
     bool UseCompressedOops                        = true                           {product lp64_product} {ergonomic}
     bool UseG1GC                                  = true                                      {product} {ergonomic}
     bool UseLargePagesIndividualAllocation        = false                                  {pd product} {ergonomic}

Logging:
Log output configuration:
 #0: stdout all=warning uptime,level,tags
 #1: stderr all=off uptime,level,tags

Environment Variables:
PATH=C:\Program Files\Python312\Scripts\;C:\Program Files\Python312\;C:\Program Files\Common Files\Oracle\Java\javapath;C:\Windows\system32;C:\Windows;C:\Windows\System32\Wbem;C:\Windows\System32\WindowsPowerShell\v1.0\;C:\Windows\System32\OpenSSH\;C:\Program Files (x86)\ATI Technologies\ATI.ACE\Core-Static;C:\Program Files\Git\cmd;C:\Program Files\Java\apache-maven-3.9.3\bin;C:\Program Files\nodejs\;C:\Proyectos_ICM\react-native\UsersICM-2react-native\;C:\Program Files\mosquitto;C:\Program Files\Npcap;;C:\Program Files\Docker\Docker\resources\bin;C:\Program Files\PuTTY\;C:\Users\ICM-2\.console-ninja\.bin;C:\Users\ICM-2\AppData\Local\Microsoft\WindowsApps;;C:\Program Files\JetBrains\IntelliJ IDEA Community Edition 2023.1.3\bin;;C:\Users\ICM-2\AppData\Local\Programs\Microsoft VS Code\bin;C:\Users\ICM-2\AppData\Roaming\npm;C:\Program Files (x86)\Nmap
USERNAME=ICM-2
OS=Windows_NT
PROCESSOR_IDENTIFIER=Intel64 Family 6 Model 158 Stepping 10, GenuineIntel



---------------  S Y S T E M  ---------------

OS:
 Windows 10 , 64 bit Build 19041 (10.0.19041.3636)
OS uptime: 28 days 22:13 hours

CPU: total 12 (initial active 12) (6 cores per cpu, 2 threads per core) family 6 model 158 stepping 10 microcode 0xb4, cx8, cmov, fxsr, ht, mmx, 3dnowpref, sse, sse2, sse3, ssse3, sse4.1, sse4.2, popcnt, lzcnt, tsc, tscinvbit, avx, avx2, aes, erms, clmul, bmi1, bmi2, rtm, adx, fma, vzeroupper, clflush, clflushopt

Memory: 4k page, system-wide physical 8027M (376M free)
TotalPageFile size 27000M (AvailPageFile size 6M)
current process WorkingSet (physical memory assigned to process): 282M, peak: 383M
current process commit charge ("private bytes"): 438M, peak: 575M

vm_info: Java HotSpot(TM) 64-Bit Server VM (17.0.7+8-LTS-224) for windows-amd64 JRE (17.0.7+8-LTS-224), built on Feb 28 2023 23:03:02 by "mach5one" with MS VC++ 17.1 (VS2022)

END.
