#
# There is insufficient memory for the Java Runtime Environment to continue.
# Native memory allocation (malloc) failed to allocate 890400 bytes for Chunk::new
# Possible reasons:
#   The system is out of physical RAM or swap space
#   The process is running with CompressedOops enabled, and the Java Heap may be blocking the growth of the native heap
# Possible solutions:
#   Reduce memory load on the system
#   Increase physical memory or swap space
#   Check if swap backing store is full
#   Decrease Java heap size (-Xmx/-Xms)
#   Decrease number of Java threads
#   Decrease Java thread stack sizes (-Xss)
#   Set larger code cache with -XX:ReservedCodeCacheSize=
#   JVM is running with Unscaled Compressed Oops mode in which the Java heap is
#     placed in the first 4GB address space. The Java Heap base address is the
#     maximum limit for the native heap growth. Please use -XX:HeapBaseMinAddress
#     to set the Java Heap base and to place the Java Heap above 4GB virtual address.
# This output file may be truncated or incomplete.
#
#  Out of Memory Error (arena.cpp:189), pid=8980, tid=10276
#
# JRE version: Java(TM) SE Runtime Environment (17.0.7+8) (build 17.0.7+8-LTS-224)
# Java VM: Java HotSpot(TM) 64-Bit Server VM (17.0.7+8-LTS-224, mixed mode, sharing, tiered, compressed oops, compressed class ptrs, g1 gc, windows-amd64)
# No core dump will be written. Minidumps are not enabled by default on client versions of Windows
#

---------------  S U M M A R Y ------------

Command Line: -javaagent:C:\Program Files\JetBrains\IntelliJ IDEA Community Edition 2023.1.3\lib\idea_rt.jar=50236:C:\Program Files\JetBrains\IntelliJ IDEA Community Edition 2023.1.3\bin -Dfile.encoding=UTF-8 com.icm.tiremanagementapi.TireManagementApiApplication

Host: Intel(R) Core(TM) i7-8700 CPU @ 3.20GHz, 12 cores, 7G,  Windows 10 , 64 bit Build 19041 (10.0.19041.3636)
Time: Thu Mar 21 17:12:49 2024 Hora est. Pacífico, Sudamérica elapsed time: 5701.107971 seconds (0d 1h 35m 1s)

---------------  T H R E A D  ---------------

Current thread (0x00000208c97af360):  JavaThread "C2 CompilerThread0" daemon [_thread_in_native, id=10276, stack(0x00000062c7800000,0x00000062c7900000)]


Current CompileTask:
C2:5701108 10698   !   4       java.net.URL::<init> (543 bytes)

Stack: [0x00000062c7800000,0x00000062c7900000]
Native frames: (J=compiled Java code, j=interpreted, Vv=VM code, C=native code)
V  [jvm.dll+0x676a4a]
V  [jvm.dll+0x7d74f4]
V  [jvm.dll+0x7d8c9e]
V  [jvm.dll+0x7d9303]
V  [jvm.dll+0x2452c5]
V  [jvm.dll+0xaaa2b]
V  [jvm.dll+0xaafcc]
V  [jvm.dll+0x36141e]
V  [jvm.dll+0x32bba1]
V  [jvm.dll+0x32b03a]
V  [jvm.dll+0x217acf]
V  [jvm.dll+0x216f01]
V  [jvm.dll+0x1a35e0]
V  [jvm.dll+0x226a6e]
V  [jvm.dll+0x224e15]
V  [jvm.dll+0x78d05c]
V  [jvm.dll+0x78759a]
V  [jvm.dll+0x675875]
C  [ucrtbase.dll+0x21bb2]
C  [KERNEL32.DLL+0x17344]
C  [ntdll.dll+0x526b1]


---------------  P R O C E S S  ---------------

Threads class SMR info:
_java_thread_list=0x00000208ce438840, length=37, elements={
0x00000208c97968d0, 0x00000208c9797650, 0x00000208c97a6210, 0x00000208c97a7ce0,
0x00000208c97aa9b0, 0x00000208c97ab270, 0x00000208c97af360, 0x00000208c97b7d20,
0x00000208c97c2e00, 0x00000208ca4a0540, 0x00000208ca6df6c0, 0x00000208ca68bf60,
0x00000208d19999b0, 0x00000208cee256a0, 0x00000208cb70e830, 0x00000208d21ae070,
0x00000208cb7001c0, 0x00000208cb7031e0, 0x00000208cb701500, 0x00000208cb7019d0,
0x00000208cb701ea0, 0x00000208d180e890, 0x00000208d180c210, 0x00000208d180aed0,
0x00000208d180d080, 0x00000208d180bd40, 0x00000208d18100a0, 0x00000208d180cbb0,
0x00000208d180d550, 0x00000208d180ed60, 0x00000208d180da20, 0x00000208d180def0,
0x00000208d180e3c0, 0x00000208d180f230, 0x00000208d180f700, 0x00000208d180aa00,
0x00000208d09286d0
}

Java Threads: ( => current thread )
  0x00000208c97968d0 JavaThread "Reference Handler" daemon [_thread_blocked, id=2484, stack(0x00000062c7200000,0x00000062c7300000)]
  0x00000208c9797650 JavaThread "Finalizer" daemon [_thread_blocked, id=8188, stack(0x00000062c7300000,0x00000062c7400000)]
  0x00000208c97a6210 JavaThread "Signal Dispatcher" daemon [_thread_blocked, id=7852, stack(0x00000062c7400000,0x00000062c7500000)]
  0x00000208c97a7ce0 JavaThread "Attach Listener" daemon [_thread_blocked, id=1388, stack(0x00000062c7500000,0x00000062c7600000)]
  0x00000208c97aa9b0 JavaThread "Service Thread" daemon [_thread_blocked, id=4880, stack(0x00000062c7600000,0x00000062c7700000)]
  0x00000208c97ab270 JavaThread "Monitor Deflation Thread" daemon [_thread_blocked, id=13524, stack(0x00000062c7700000,0x00000062c7800000)]
=>0x00000208c97af360 JavaThread "C2 CompilerThread0" daemon [_thread_in_native, id=10276, stack(0x00000062c7800000,0x00000062c7900000)]
  0x00000208c97b7d20 JavaThread "C1 CompilerThread0" daemon [_thread_blocked, id=9492, stack(0x00000062c7900000,0x00000062c7a00000)]
  0x00000208c97c2e00 JavaThread "Sweeper thread" daemon [_thread_blocked, id=11832, stack(0x00000062c7a00000,0x00000062c7b00000)]
  0x00000208ca4a0540 JavaThread "Common-Cleaner" daemon [_thread_blocked, id=16068, stack(0x00000062c7b00000,0x00000062c7c00000)]
  0x00000208ca6df6c0 JavaThread "Monitor Ctrl-Break" daemon [_thread_in_native, id=15156, stack(0x00000062c7d00000,0x00000062c7e00000)]
  0x00000208ca68bf60 JavaThread "Notification Thread" daemon [_thread_blocked, id=9340, stack(0x00000062c7e00000,0x00000062c7f00000)]
  0x00000208d19999b0 JavaThread "mysql-cj-abandoned-connection-cleanup" daemon [_thread_blocked, id=6448, stack(0x00000062c8d00000,0x00000062c8e00000)]
  0x00000208cee256a0 JavaThread "HikariPool-1 housekeeper" daemon [_thread_blocked, id=14012, stack(0x00000062c8f00000,0x00000062c9000000)]
  0x00000208cb70e830 JavaThread "Catalina-utility-1" [_thread_blocked, id=14024, stack(0x00000062c9100000,0x00000062c9200000)]
  0x00000208d21ae070 JavaThread "Catalina-utility-2" [_thread_blocked, id=14028, stack(0x00000062c9200000,0x00000062c9300000)]
  0x00000208cb7001c0 JavaThread "container-0" [_thread_blocked, id=14032, stack(0x00000062c9300000,0x00000062c9400000)]
  0x00000208cb7031e0 JavaThread "MQTT Rec: paho889780777300" [_thread_in_native, id=14020, stack(0x00000062c9500000,0x00000062c9600000)]
  0x00000208cb701500 JavaThread "MQTT Snd: paho889780777300" [_thread_blocked, id=14116, stack(0x00000062c9600000,0x00000062c9700000)]
  0x00000208cb7019d0 JavaThread "MQTT Call: paho889780777300" [_thread_blocked, id=14120, stack(0x00000062c9700000,0x00000062c9800000)]
  0x00000208cb701ea0 JavaThread "MQTT Ping: paho889780777300" [_thread_blocked, id=14128, stack(0x00000062c9400000,0x00000062c9500000)]
  0x00000208d180e890 JavaThread "File Watcher" daemon [_thread_blocked, id=18360, stack(0x00000062c9800000,0x00000062c9900000)]
  0x00000208d180c210 JavaThread "Live Reload Server" daemon [_thread_in_native, id=18352, stack(0x00000062c9a00000,0x00000062c9b00000)]
  0x00000208d180aed0 JavaThread "http-nio-8082-exec-1" daemon [_thread_blocked, id=18348, stack(0x00000062c9900000,0x00000062c9a00000)]
  0x00000208d180d080 JavaThread "http-nio-8082-exec-2" daemon [_thread_blocked, id=18304, stack(0x00000062c9b00000,0x00000062c9c00000)]
  0x00000208d180bd40 JavaThread "http-nio-8082-exec-3" daemon [_thread_blocked, id=18308, stack(0x00000062c9c00000,0x00000062c9d00000)]
  0x00000208d18100a0 JavaThread "http-nio-8082-exec-4" daemon [_thread_blocked, id=18312, stack(0x00000062c9d00000,0x00000062c9e00000)]
  0x00000208d180cbb0 JavaThread "http-nio-8082-exec-5" daemon [_thread_blocked, id=18400, stack(0x00000062c9e00000,0x00000062c9f00000)]
  0x00000208d180d550 JavaThread "http-nio-8082-exec-6" daemon [_thread_blocked, id=18408, stack(0x00000062c9f00000,0x00000062ca000000)]
  0x00000208d180ed60 JavaThread "http-nio-8082-exec-7" daemon [_thread_blocked, id=18396, stack(0x00000062ca000000,0x00000062ca100000)]
  0x00000208d180da20 JavaThread "http-nio-8082-exec-8" daemon [_thread_blocked, id=15168, stack(0x00000062ca100000,0x00000062ca200000)]
  0x00000208d180def0 JavaThread "http-nio-8082-exec-9" daemon [_thread_blocked, id=18344, stack(0x00000062ca200000,0x00000062ca300000)]
  0x00000208d180e3c0 JavaThread "http-nio-8082-exec-10" daemon [_thread_blocked, id=18316, stack(0x00000062ca300000,0x00000062ca400000)]
  0x00000208d180f230 JavaThread "http-nio-8082-Poller" daemon [_thread_in_native, id=16364, stack(0x00000062ca400000,0x00000062ca500000)]
  0x00000208d180f700 JavaThread "http-nio-8082-Acceptor" daemon [_thread_in_native, id=18384, stack(0x00000062ca500000,0x00000062ca600000)]
  0x00000208d180aa00 JavaThread "DestroyJavaVM" [_thread_blocked, id=5956, stack(0x00000062c6b00000,0x00000062c6c00000)]
  0x00000208d09286d0 JavaThread "C2 CompilerThread1" daemon [_thread_blocked, id=7268, stack(0x00000062c6800000,0x00000062c6900000)]

Other Threads:
  0x00000208c978eea0 VMThread "VM Thread" [stack: 0x00000062c7100000,0x00000062c7200000] [id=7332]
  0x00000208ab3795b0 WatcherThread [stack: 0x00000062c7f00000,0x00000062c8000000] [id=9232]
  0x00000208ab35fa40 GCTaskThread "GC Thread#0" [stack: 0x00000062c6c00000,0x00000062c6d00000] [id=5840]
  0x00000208cae62750 GCTaskThread "GC Thread#1" [stack: 0x00000062c8100000,0x00000062c8200000] [id=15512]
  0x00000208cae62a00 GCTaskThread "GC Thread#2" [stack: 0x00000062c8200000,0x00000062c8300000] [id=17072]
  0x00000208cae630b0 GCTaskThread "GC Thread#3" [stack: 0x00000062c8300000,0x00000062c8400000] [id=8920]
  0x00000208cae63360 GCTaskThread "GC Thread#4" [stack: 0x00000062c8400000,0x00000062c8500000] [id=7336]
  0x00000208cae58300 GCTaskThread "GC Thread#5" [stack: 0x00000062c8500000,0x00000062c8600000] [id=18288]
  0x00000208cb460b40 GCTaskThread "GC Thread#6" [stack: 0x00000062c8700000,0x00000062c8800000] [id=15948]
  0x00000208caff41c0 GCTaskThread "GC Thread#7" [stack: 0x00000062c8800000,0x00000062c8900000] [id=15960]
  0x00000208cb422b00 GCTaskThread "GC Thread#8" [stack: 0x00000062c8600000,0x00000062c8700000] [id=15976]
  0x00000208cb6a9850 GCTaskThread "GC Thread#9" [stack: 0x00000062c8900000,0x00000062c8a00000] [id=15896]
  0x00000208ab3713a0 ConcurrentGCThread "G1 Main Marker" [stack: 0x00000062c6d00000,0x00000062c6e00000] [id=14004]
  0x00000208ab372460 ConcurrentGCThread "G1 Conc#0" [stack: 0x00000062c6e00000,0x00000062c6f00000] [id=11388]
  0x00000208cb7f9e50 ConcurrentGCThread "G1 Conc#1" [stack: 0x00000062c8a00000,0x00000062c8b00000] [id=15980]
  0x00000208cb5f70a0 ConcurrentGCThread "G1 Conc#2" [stack: 0x00000062c8b00000,0x00000062c8c00000] [id=15984]
  0x00000208ab3ceb20 ConcurrentGCThread "G1 Refine#0" [stack: 0x00000062c6f00000,0x00000062c7000000] [id=4192]
  0x00000208c9643a40 ConcurrentGCThread "G1 Service" [stack: 0x00000062c7000000,0x00000062c7100000] [id=7500]

Threads with active compile tasks:
C2 CompilerThread0  5701163 10698   !   4       java.net.URL::<init> (543 bytes)
C2 CompilerThread1  5701163 10745       4       com.mysql.cj.protocol.a.NativeProtocol::findMysqlType (1037 bytes)

VM state: at safepoint (normal execution)

VM Mutex/Monitor currently owned by a thread:  ([mutex/lock_event])
[0x00000208ab3017b0] Threads_lock - owner thread: 0x00000208c978eea0
[0x00000208ab3000a0] Heap_lock - owner thread: 0x00000208ab3713a0

Heap address: 0x0000000082800000, size: 2008 MB, Compressed Oops mode: 32-bit

CDS archive(s) mapped at: [0x0000000800000000-0x0000000800bd0000-0x0000000800bd0000), size 12386304, SharedBaseAddress: 0x0000000800000000, ArchiveRelocationMode: 0.
Compressed class space mapped at: 0x0000000800c00000-0x0000000840c00000, reserved size: 1073741824
Narrow klass base: 0x0000000800000000, Narrow klass shift: 0, Narrow klass range: 0x100000000

GC Precious Log:
 CPUs: 12 total, 12 available
 Memory: 8027M
 Large Page Support: Disabled
 NUMA Support: Disabled
 Compressed Oops: Enabled (32-bit)
 Heap Region Size: 1M
 Heap Min Capacity: 8M
 Heap Initial Capacity: 126M
 Heap Max Capacity: 2008M
 Pre-touch: Disabled
 Parallel Workers: 10
 Concurrent Workers: 3
 Concurrent Refinement Workers: 10
 Periodic GC: Disabled

Heap:
 garbage-first heap   total 120832K, used 40394K [0x0000000082800000, 0x0000000100000000)
  region size 1024K, 3 young (3072K), 2 survivors (2048K)
 Metaspace       used 78893K, committed 79488K, reserved 1122304K
  class space    used 10632K, committed 10880K, reserved 1048576K

Heap Regions: E=young(eden), S=young(survivor), O=old, HS=humongous(starts), HC=humongous(continues), CS=collection set, F=free, OA=open archive, CA=closed archive, TAMS=top-at-mark-start (previous, next)
|   0|0x0000000082800000, 0x0000000082900000, 0x0000000082900000|100%|HS|  |TAMS 0x0000000082900000, 0x0000000082900000| Complete 
|   1|0x0000000082900000, 0x0000000082a00000, 0x0000000082a00000|100%| O|  |TAMS 0x0000000082a00000, 0x0000000082a00000| Untracked 
|   2|0x0000000082a00000, 0x0000000082b00000, 0x0000000082b00000|100%| O|  |TAMS 0x0000000082b00000, 0x0000000082b00000| Untracked 
|   3|0x0000000082b00000, 0x0000000082c00000, 0x0000000082c00000|100%| O|  |TAMS 0x0000000082c00000, 0x0000000082c00000| Untracked 
|   4|0x0000000082c00000, 0x0000000082d00000, 0x0000000082d00000|100%| O|  |TAMS 0x0000000082d00000, 0x0000000082d00000| Untracked 
|   5|0x0000000082d00000, 0x0000000082d55e00, 0x0000000082e00000| 33%| O|  |TAMS 0x0000000082d00000, 0x0000000082d55e00| Untracked 
|   6|0x0000000082e00000, 0x0000000082f00000, 0x0000000082f00000|100%| O|  |TAMS 0x0000000082f00000, 0x0000000082f00000| Untracked 
|   7|0x0000000082f00000, 0x0000000083000000, 0x0000000083000000|100%| O|  |TAMS 0x0000000083000000, 0x0000000083000000| Untracked 
|   8|0x0000000083000000, 0x0000000083100000, 0x0000000083100000|100%| O|  |TAMS 0x0000000083100000, 0x0000000083100000| Untracked 
|   9|0x0000000083100000, 0x0000000083200000, 0x0000000083200000|100%| O|  |TAMS 0x0000000083200000, 0x0000000083200000| Untracked 
|  10|0x0000000083200000, 0x0000000083300000, 0x0000000083300000|100%| O|  |TAMS 0x0000000083300000, 0x0000000083300000| Untracked 
|  11|0x0000000083300000, 0x0000000083400000, 0x0000000083400000|100%| O|  |TAMS 0x0000000083400000, 0x0000000083400000| Untracked 
|  12|0x0000000083400000, 0x0000000083500000, 0x0000000083500000|100%| O|  |TAMS 0x0000000083500000, 0x0000000083500000| Untracked 
|  13|0x0000000083500000, 0x0000000083600000, 0x0000000083600000|100%| O|  |TAMS 0x0000000083600000, 0x0000000083600000| Untracked 
|  14|0x0000000083600000, 0x0000000083700000, 0x0000000083700000|100%| O|  |TAMS 0x0000000083700000, 0x0000000083700000| Untracked 
|  15|0x0000000083700000, 0x0000000083800000, 0x0000000083800000|100%| O|  |TAMS 0x0000000083800000, 0x0000000083800000| Untracked 
|  16|0x0000000083800000, 0x0000000083900000, 0x0000000083900000|100%| O|  |TAMS 0x0000000083900000, 0x0000000083900000| Untracked 
|  17|0x0000000083900000, 0x0000000083a00000, 0x0000000083a00000|100%| O|  |TAMS 0x0000000083a00000, 0x0000000083a00000| Untracked 
|  18|0x0000000083a00000, 0x0000000083b00000, 0x0000000083b00000|100%| O|  |TAMS 0x0000000083b00000, 0x0000000083b00000| Untracked 
|  19|0x0000000083b00000, 0x0000000083c00000, 0x0000000083c00000|100%| O|  |TAMS 0x0000000083c00000, 0x0000000083c00000| Untracked 
|  20|0x0000000083c00000, 0x0000000083d00000, 0x0000000083d00000|100%| O|  |TAMS 0x0000000083cb9200, 0x0000000083d00000| Untracked 
|  21|0x0000000083d00000, 0x0000000083e00000, 0x0000000083e00000|100%| O|  |TAMS 0x0000000083e00000, 0x0000000083e00000| Untracked 
|  22|0x0000000083e00000, 0x0000000083f00000, 0x0000000083f00000|100%| O|  |TAMS 0x0000000083f00000, 0x0000000083f00000| Untracked 
|  23|0x0000000083f00000, 0x0000000084000000, 0x0000000084000000|100%| O|  |TAMS 0x0000000084000000, 0x0000000084000000| Untracked 
|  24|0x0000000084000000, 0x0000000084000000, 0x0000000084100000|  0%| F|  |TAMS 0x0000000084000000, 0x0000000084000000| Untracked 
|  25|0x0000000084100000, 0x0000000084200000, 0x0000000084200000|100%| O|  |TAMS 0x0000000084200000, 0x0000000084200000| Untracked 
|  26|0x0000000084200000, 0x0000000084300000, 0x0000000084300000|100%| O|  |TAMS 0x0000000084300000, 0x0000000084300000| Untracked 
|  27|0x0000000084300000, 0x0000000084400000, 0x0000000084400000|100%| O|  |TAMS 0x0000000084400000, 0x0000000084400000| Untracked 
|  28|0x0000000084400000, 0x0000000084400000, 0x0000000084500000|  0%| F|  |TAMS 0x0000000084400000, 0x0000000084400000| Untracked 
|  29|0x0000000084500000, 0x0000000084500000, 0x0000000084600000|  0%| F|  |TAMS 0x0000000084500000, 0x0000000084500000| Untracked 
|  30|0x0000000084600000, 0x0000000084600000, 0x0000000084700000|  0%| F|  |TAMS 0x0000000084600000, 0x0000000084600000| Untracked 
|  31|0x0000000084700000, 0x0000000084800000, 0x0000000084800000|100%| O|  |TAMS 0x0000000084800000, 0x0000000084800000| Untracked 
|  32|0x0000000084800000, 0x0000000084900000, 0x0000000084900000|100%| O|  |TAMS 0x0000000084900000, 0x0000000084900000| Untracked 
|  33|0x0000000084900000, 0x0000000084a00000, 0x0000000084a00000|100%| O|  |TAMS 0x0000000084a00000, 0x0000000084a00000| Untracked 
|  34|0x0000000084a00000, 0x0000000084b00000, 0x0000000084b00000|100%| O|  |TAMS 0x0000000084b00000, 0x0000000084b00000| Untracked 
|  35|0x0000000084b00000, 0x0000000084c00000, 0x0000000084c00000|100%| O|  |TAMS 0x0000000084c00000, 0x0000000084c00000| Untracked 
|  36|0x0000000084c00000, 0x0000000084d00000, 0x0000000084d00000|100%| O|  |TAMS 0x0000000084d00000, 0x0000000084d00000| Untracked 
|  37|0x0000000084d00000, 0x0000000084d00000, 0x0000000084e00000|  0%| F|  |TAMS 0x0000000084d00000, 0x0000000084d00000| Untracked 
|  38|0x0000000084e00000, 0x0000000084f00000, 0x0000000084f00000|100%| O|  |TAMS 0x0000000084f00000, 0x0000000084f00000| Untracked 
|  39|0x0000000084f00000, 0x0000000085000000, 0x0000000085000000|100%| O|  |TAMS 0x0000000085000000, 0x0000000085000000| Untracked 
|  40|0x0000000085000000, 0x0000000085000000, 0x0000000085100000|  0%| F|  |TAMS 0x0000000085000000, 0x0000000085000000| Untracked 
|  41|0x0000000085100000, 0x0000000085100000, 0x0000000085200000|  0%| F|  |TAMS 0x0000000085100000, 0x0000000085100000| Untracked 
|  42|0x0000000085200000, 0x0000000085300000, 0x0000000085300000|100%| O|  |TAMS 0x0000000085300000, 0x0000000085300000| Untracked 
|  43|0x0000000085300000, 0x0000000085400000, 0x0000000085400000|100%| O|  |TAMS 0x0000000085400000, 0x0000000085400000| Untracked 
|  44|0x0000000085400000, 0x0000000085500000, 0x0000000085500000|100%| O|  |TAMS 0x0000000085500000, 0x0000000085500000| Untracked 
|  45|0x0000000085500000, 0x0000000085600000, 0x0000000085600000|100%| O|  |TAMS 0x0000000085600000, 0x0000000085600000| Untracked 
|  46|0x0000000085600000, 0x0000000085600000, 0x0000000085700000|  0%| F|  |TAMS 0x0000000085600000, 0x0000000085600000| Untracked 
|  47|0x0000000085700000, 0x0000000085700000, 0x0000000085800000|  0%| F|  |TAMS 0x0000000085700000, 0x0000000085700000| Untracked 
|  48|0x0000000085800000, 0x0000000085800000, 0x0000000085900000|  0%| F|  |TAMS 0x0000000085800000, 0x0000000085800000| Untracked 
|  49|0x0000000085900000, 0x0000000085900000, 0x0000000085a00000|  0%| F|  |TAMS 0x0000000085900000, 0x0000000085900000| Untracked 
|  50|0x0000000085a00000, 0x0000000085a00000, 0x0000000085b00000|  0%| F|  |TAMS 0x0000000085a00000, 0x0000000085a00000| Untracked 
|  51|0x0000000085b00000, 0x0000000085b00000, 0x0000000085c00000|  0%| F|  |TAMS 0x0000000085b00000, 0x0000000085b00000| Untracked 
|  52|0x0000000085c00000, 0x0000000085c1ca50, 0x0000000085d00000| 11%| S|CS|TAMS 0x0000000085c00000, 0x0000000085c00000| Complete 
|  53|0x0000000085d00000, 0x0000000085e00000, 0x0000000085e00000|100%| S|CS|TAMS 0x0000000085d00000, 0x0000000085d00000| Complete 
|  54|0x0000000085e00000, 0x0000000085e00000, 0x0000000085f00000|  0%| F|  |TAMS 0x0000000085e00000, 0x0000000085e00000| Untracked 
|  55|0x0000000085f00000, 0x0000000085f00000, 0x0000000086000000|  0%| F|  |TAMS 0x0000000085f00000, 0x0000000085f00000| Untracked 
|  56|0x0000000086000000, 0x0000000086000000, 0x0000000086100000|  0%| F|  |TAMS 0x0000000086000000, 0x0000000086000000| Untracked 
|  57|0x0000000086100000, 0x0000000086100000, 0x0000000086200000|  0%| F|  |TAMS 0x0000000086100000, 0x0000000086100000| Untracked 
|  58|0x0000000086200000, 0x0000000086200000, 0x0000000086300000|  0%| F|  |TAMS 0x0000000086200000, 0x0000000086200000| Untracked 
|  59|0x0000000086300000, 0x0000000086300000, 0x0000000086400000|  0%| F|  |TAMS 0x0000000086300000, 0x0000000086300000| Untracked 
|  60|0x0000000086400000, 0x0000000086400000, 0x0000000086500000|  0%| F|  |TAMS 0x0000000086400000, 0x0000000086400000| Untracked 
|  61|0x0000000086500000, 0x0000000086500000, 0x0000000086600000|  0%| F|  |TAMS 0x0000000086500000, 0x0000000086500000| Untracked 
|  62|0x0000000086600000, 0x0000000086600000, 0x0000000086700000|  0%| F|  |TAMS 0x0000000086600000, 0x0000000086600000| Untracked 
|  63|0x0000000086700000, 0x0000000086700000, 0x0000000086800000|  0%| F|  |TAMS 0x0000000086700000, 0x0000000086700000| Untracked 
|  64|0x0000000086800000, 0x0000000086800000, 0x0000000086900000|  0%| F|  |TAMS 0x0000000086800000, 0x0000000086800000| Untracked 
|  65|0x0000000086900000, 0x0000000086900000, 0x0000000086a00000|  0%| F|  |TAMS 0x0000000086900000, 0x0000000086900000| Untracked 
|  66|0x0000000086a00000, 0x0000000086a00000, 0x0000000086b00000|  0%| F|  |TAMS 0x0000000086a00000, 0x0000000086a00000| Untracked 
|  67|0x0000000086b00000, 0x0000000086b00000, 0x0000000086c00000|  0%| F|  |TAMS 0x0000000086b00000, 0x0000000086b00000| Untracked 
|  68|0x0000000086c00000, 0x0000000086c00000, 0x0000000086d00000|  0%| F|  |TAMS 0x0000000086c00000, 0x0000000086c00000| Untracked 
|  69|0x0000000086d00000, 0x0000000086d00000, 0x0000000086e00000|  0%| F|  |TAMS 0x0000000086d00000, 0x0000000086d00000| Untracked 
|  70|0x0000000086e00000, 0x0000000086e00000, 0x0000000086f00000|  0%| F|  |TAMS 0x0000000086e00000, 0x0000000086e00000| Untracked 
|  71|0x0000000086f00000, 0x0000000086f00000, 0x0000000087000000|  0%| F|  |TAMS 0x0000000086f00000, 0x0000000086f00000| Untracked 
|  72|0x0000000087000000, 0x0000000087000000, 0x0000000087100000|  0%| F|  |TAMS 0x0000000087000000, 0x0000000087000000| Untracked 
|  73|0x0000000087100000, 0x0000000087100000, 0x0000000087200000|  0%| F|  |TAMS 0x0000000087100000, 0x0000000087100000| Untracked 
|  74|0x0000000087200000, 0x0000000087200000, 0x0000000087300000|  0%| F|  |TAMS 0x0000000087200000, 0x0000000087200000| Untracked 
|  75|0x0000000087300000, 0x0000000087300000, 0x0000000087400000|  0%| F|  |TAMS 0x0000000087300000, 0x0000000087300000| Untracked 
|  76|0x0000000087400000, 0x0000000087400000, 0x0000000087500000|  0%| F|  |TAMS 0x0000000087400000, 0x0000000087400000| Untracked 
|  77|0x0000000087500000, 0x0000000087500000, 0x0000000087600000|  0%| F|  |TAMS 0x0000000087500000, 0x0000000087500000| Untracked 
|  78|0x0000000087600000, 0x0000000087600000, 0x0000000087700000|  0%| F|  |TAMS 0x0000000087600000, 0x0000000087600000| Untracked 
|  79|0x0000000087700000, 0x0000000087700000, 0x0000000087800000|  0%| F|  |TAMS 0x0000000087700000, 0x0000000087700000| Untracked 
|  80|0x0000000087800000, 0x0000000087800000, 0x0000000087900000|  0%| F|  |TAMS 0x0000000087800000, 0x0000000087800000| Untracked 
|  81|0x0000000087900000, 0x0000000087900000, 0x0000000087a00000|  0%| F|  |TAMS 0x0000000087900000, 0x0000000087900000| Untracked 
|  82|0x0000000087a00000, 0x0000000087a00000, 0x0000000087b00000|  0%| F|  |TAMS 0x0000000087a00000, 0x0000000087a00000| Untracked 
|  83|0x0000000087b00000, 0x0000000087b00000, 0x0000000087c00000|  0%| F|  |TAMS 0x0000000087b00000, 0x0000000087b00000| Untracked 
|  84|0x0000000087c00000, 0x0000000087c00000, 0x0000000087d00000|  0%| F|  |TAMS 0x0000000087c00000, 0x0000000087c00000| Untracked 
|  85|0x0000000087d00000, 0x0000000087d00000, 0x0000000087e00000|  0%| F|  |TAMS 0x0000000087d00000, 0x0000000087d00000| Untracked 
|  86|0x0000000087e00000, 0x0000000087e00000, 0x0000000087f00000|  0%| F|  |TAMS 0x0000000087e00000, 0x0000000087e00000| Untracked 
|  87|0x0000000087f00000, 0x0000000087f00000, 0x0000000088000000|  0%| F|  |TAMS 0x0000000087f00000, 0x0000000087f00000| Untracked 
|  88|0x0000000088000000, 0x0000000088000000, 0x0000000088100000|  0%| F|  |TAMS 0x0000000088000000, 0x0000000088000000| Untracked 
|  89|0x0000000088100000, 0x0000000088100000, 0x0000000088200000|  0%| F|  |TAMS 0x0000000088100000, 0x0000000088100000| Untracked 
|  90|0x0000000088200000, 0x0000000088200000, 0x0000000088300000|  0%| F|  |TAMS 0x0000000088200000, 0x0000000088200000| Untracked 
|  91|0x0000000088300000, 0x0000000088300000, 0x0000000088400000|  0%| F|  |TAMS 0x0000000088300000, 0x0000000088300000| Untracked 
|  92|0x0000000088400000, 0x0000000088400000, 0x0000000088500000|  0%| F|  |TAMS 0x0000000088400000, 0x0000000088400000| Untracked 
|  93|0x0000000088500000, 0x0000000088500000, 0x0000000088600000|  0%| F|  |TAMS 0x0000000088500000, 0x0000000088500000| Untracked 
|  94|0x0000000088600000, 0x0000000088600000, 0x0000000088700000|  0%| F|  |TAMS 0x0000000088600000, 0x0000000088600000| Untracked 
|  95|0x0000000088700000, 0x0000000088700000, 0x0000000088800000|  0%| F|  |TAMS 0x0000000088700000, 0x0000000088700000| Untracked 
|  96|0x0000000088800000, 0x0000000088800000, 0x0000000088900000|  0%| F|  |TAMS 0x0000000088800000, 0x0000000088800000| Untracked 
|  97|0x0000000088900000, 0x0000000088900000, 0x0000000088a00000|  0%| F|  |TAMS 0x0000000088900000, 0x0000000088900000| Untracked 
|  98|0x0000000088a00000, 0x0000000088a00000, 0x0000000088b00000|  0%| F|  |TAMS 0x0000000088a00000, 0x0000000088a00000| Untracked 
|  99|0x0000000088b00000, 0x0000000088b00000, 0x0000000088c00000|  0%| F|  |TAMS 0x0000000088b00000, 0x0000000088b00000| Untracked 
| 100|0x0000000088c00000, 0x0000000088c00000, 0x0000000088d00000|  0%| F|  |TAMS 0x0000000088c00000, 0x0000000088c00000| Untracked 
| 101|0x0000000088d00000, 0x0000000088d00000, 0x0000000088e00000|  0%| F|  |TAMS 0x0000000088d00000, 0x0000000088d00000| Untracked 
| 102|0x0000000088e00000, 0x0000000088e00000, 0x0000000088f00000|  0%| F|  |TAMS 0x0000000088e00000, 0x0000000088e00000| Untracked 
| 103|0x0000000088f00000, 0x0000000088f00000, 0x0000000089000000|  0%| F|  |TAMS 0x0000000088f00000, 0x0000000088f00000| Untracked 
| 104|0x0000000089000000, 0x0000000089000000, 0x0000000089100000|  0%| F|  |TAMS 0x0000000089000000, 0x0000000089000000| Untracked 
| 105|0x0000000089100000, 0x0000000089100000, 0x0000000089200000|  0%| F|  |TAMS 0x0000000089100000, 0x0000000089100000| Untracked 
| 106|0x0000000089200000, 0x0000000089200000, 0x0000000089300000|  0%| F|  |TAMS 0x0000000089200000, 0x0000000089200000| Untracked 
| 107|0x0000000089300000, 0x0000000089300000, 0x0000000089400000|  0%| F|  |TAMS 0x0000000089300000, 0x0000000089300000| Untracked 
| 108|0x0000000089400000, 0x0000000089400000, 0x0000000089500000|  0%| F|  |TAMS 0x0000000089400000, 0x0000000089400000| Untracked 
| 109|0x0000000089500000, 0x0000000089500000, 0x0000000089600000|  0%| F|  |TAMS 0x0000000089500000, 0x0000000089500000| Untracked 
| 110|0x0000000089600000, 0x0000000089600000, 0x0000000089700000|  0%| F|  |TAMS 0x0000000089600000, 0x0000000089600000| Untracked 
| 111|0x0000000089700000, 0x0000000089700000, 0x0000000089800000|  0%| F|  |TAMS 0x0000000089700000, 0x0000000089700000| Untracked 
| 112|0x0000000089800000, 0x0000000089800000, 0x0000000089900000|  0%| F|  |TAMS 0x0000000089800000, 0x0000000089800000| Untracked 
| 113|0x0000000089900000, 0x0000000089900000, 0x0000000089a00000|  0%| F|  |TAMS 0x0000000089900000, 0x0000000089900000| Untracked 
| 114|0x0000000089a00000, 0x0000000089a00000, 0x0000000089b00000|  0%| F|  |TAMS 0x0000000089a00000, 0x0000000089a00000| Untracked 
| 115|0x0000000089b00000, 0x0000000089b00000, 0x0000000089c00000|  0%| F|  |TAMS 0x0000000089b00000, 0x0000000089b00000| Untracked 
| 116|0x0000000089c00000, 0x0000000089c00000, 0x0000000089d00000|  0%| F|  |TAMS 0x0000000089c00000, 0x0000000089c00000| Untracked 
| 125|0x000000008a500000, 0x000000008a56d8c0, 0x000000008a600000| 42%| E|  |TAMS 0x000000008a500000, 0x000000008a500000| Complete 

Card table byte_map: [0x00000208c24c0000,0x00000208c28b0000] _byte_map_base: 0x00000208c20ac000

Marking Bits (Prev, Next): (CMBitMap*) 0x00000208ab35ffa0, (CMBitMap*) 0x00000208ab35ff60
 Prev Bits: [0x00000208c4c00000, 0x00000208c6b60000)
 Next Bits: [0x00000208c2ca0000, 0x00000208c4c00000)

Polling page: 0x00000208aaad0000

Metaspace:

Usage:
  Non-class:     66.66 MB used.
      Class:     10.38 MB used.
       Both:     77.04 MB used.

Virtual space:
  Non-class space:       72.00 MB reserved,      67.00 MB ( 93%) committed,  9 nodes.
      Class space:        1.00 GB reserved,      10.62 MB (  1%) committed,  1 nodes.
             Both:        1.07 GB reserved,      77.62 MB (  7%) committed. 

Chunk freelists:
   Non-Class:  944.00 KB
       Class:  1.32 MB
        Both:  2.24 MB

MaxMetaspaceSize: unlimited
CompressedClassSpaceSize: 1.00 GB
Initial GC threshold: 21.00 MB
Current GC threshold: 127.12 MB
CDS: on
MetaspaceReclaimPolicy: balanced
 - commit_granule_bytes: 65536.
 - commit_granule_words: 8192.
 - virtual_space_node_default_size: 1048576.
 - enlarge_chunks_in_place: 1.
 - new_chunks_are_fully_committed: 0.
 - uncommit_free_chunks: 1.
 - use_allocation_guard: 0.
 - handle_deallocations: 1.


Internal statistics:

num_allocs_failed_limit: 11.
num_arena_births: 1022.
num_arena_deaths: 232.
num_vsnodes_births: 10.
num_vsnodes_deaths: 0.
num_space_committed: 1242.
num_space_uncommitted: 0.
num_chunks_returned_to_freelist: 268.
num_chunks_taken_from_freelist: 4073.
num_chunk_merges: 91.
num_chunk_splits: 2785.
num_chunks_enlarged: 2111.
num_purges: 4.
num_inconsistent_stats: 0.

CodeHeap 'non-profiled nmethods': size=120000Kb used=5795Kb max_used=5817Kb free=114204Kb
 bounds [0x00000208ba650000, 0x00000208bac00000, 0x00000208c1b80000]
CodeHeap 'profiled nmethods': size=120000Kb used=16314Kb max_used=16314Kb free=103685Kb
 bounds [0x00000208b2b80000, 0x00000208b3b80000, 0x00000208ba0b0000]
CodeHeap 'non-nmethods': size=5760Kb used=1343Kb max_used=1441Kb free=4416Kb
 bounds [0x00000208ba0b0000, 0x00000208ba320000, 0x00000208ba650000]
 total_blobs=9782 nmethods=9108 adapters=585
 compilation: enabled
              stopped_count=0, restarted_count=0
 full_count=0

Compilation events (20 events):
Event: 5701.088 Thread 0x00000208c97b7d20 nmethod 10736 0x00000208b3b60a90 code [0x00000208b3b60c80, 0x00000208b3b61188]
Event: 5701.088 Thread 0x00000208c97b7d20 10737       3       java.util.concurrent.CopyOnWriteArrayList::remove (34 bytes)
Event: 5701.088 Thread 0x00000208c97b7d20 nmethod 10737 0x00000208b3b61390 code [0x00000208b3b61540, 0x00000208b3b61778]
Event: 5701.090 Thread 0x00000208d09286d0 nmethod 10708 0x00000208ba9b2690 code [0x00000208ba9b2820, 0x00000208ba9b2a78]
Event: 5701.090 Thread 0x00000208d09286d0 10720       4       org.springframework.web.servlet.HandlerExecutionChain::addInterceptor (12 bytes)
Event: 5701.091 Thread 0x00000208d09286d0 nmethod 10720 0x00000208ba9b2390 code [0x00000208ba9b2500, 0x00000208ba9b2598]
Event: 5701.091 Thread 0x00000208c97b7d20 10738   !   3       org.hibernate.metamodel.mapping.internal.ToOneAttributeMapping::resolveCircularFetch (375 bytes)
Event: 5701.095 Thread 0x00000208c97b7d20 nmethod 10738 0x00000208b3b61890 code [0x00000208b3b61cc0, 0x00000208b3b64468]
Event: 5701.095 Thread 0x00000208c97b7d20 10742       3       org.hibernate.engine.jdbc.spi.JdbcServices::getJdbcSelectExecutor (4 bytes)
Event: 5701.095 Thread 0x00000208d09286d0 10744       4       com.mysql.cj.NativeCharsetSettings::getJavaEncodingForCollationIndex (67 bytes)
Event: 5701.095 Thread 0x00000208c97b7d20 nmethod 10742 0x00000208b3b64d90 code [0x00000208b3b64f20, 0x00000208b3b65038]
Event: 5701.095 Thread 0x00000208c97b7d20 10743       3       org.hibernate.sql.exec.spi.JdbcSelectExecutor::list (15 bytes)
Event: 5701.095 Thread 0x00000208c97b7d20 nmethod 10743 0x00000208b3b65110 code [0x00000208b3b652c0, 0x00000208b3b65468]
Event: 5701.095 Thread 0x00000208c97b7d20 10740       3       java.util.IdentityHashMap::isEmpty (13 bytes)
Event: 5701.095 Thread 0x00000208c97b7d20 nmethod 10740 0x00000208b3b65590 code [0x00000208b3b65720, 0x00000208b3b65898]
Event: 5701.095 Thread 0x00000208c97b7d20 10741       3       org.hibernate.resource.transaction.spi.TransactionCoordinator::isTransactionActive (30 bytes)
Event: 5701.095 Thread 0x00000208c97b7d20 nmethod 10741 0x00000208b3b65910 code [0x00000208b3b65b00, 0x00000208b3b66218]
Event: 5701.095 Thread 0x00000208c97b7d20 10739       3       org.hibernate.metamodel.mapping.internal.ToOneAttributeMapping::generateFetch (14 bytes)
Event: 5701.095 Thread 0x00000208c97b7d20 nmethod 10739 0x00000208b3b66410 code [0x00000208b3b665c0, 0x00000208b3b66708]
Event: 5701.096 Thread 0x00000208c97b7d20 10746       3       org.hibernate.engine.internal.AbstractEntityEntry::<init> (89 bytes)

GC Heap History (20 events):
Event: 3201.966 GC heap before
{Heap before GC invocations=51 (full 0):
 garbage-first heap   total 90112K, used 40967K [0x0000000082800000, 0x0000000100000000)
  region size 1024K, 4 young (4096K), 1 survivors (1024K)
 Metaspace       used 76178K, committed 76672K, reserved 1122304K
  class space    used 10411K, committed 10624K, reserved 1048576K
}
Event: 3201.971 GC heap after
{Heap after GC invocations=52 (full 0):
 garbage-first heap   total 90112K, used 38823K [0x0000000082800000, 0x0000000100000000)
  region size 1024K, 1 young (1024K), 1 survivors (1024K)
 Metaspace       used 76178K, committed 76672K, reserved 1122304K
  class space    used 10411K, committed 10624K, reserved 1048576K
}
Event: 3202.080 GC heap before
{Heap before GC invocations=52 (full 0):
 garbage-first heap   total 90112K, used 40871K [0x0000000082800000, 0x0000000100000000)
  region size 1024K, 4 young (4096K), 1 survivors (1024K)
 Metaspace       used 76740K, committed 77184K, reserved 1122304K
  class space    used 10498K, committed 10688K, reserved 1048576K
}
Event: 3202.084 GC heap after
{Heap after GC invocations=53 (full 0):
 garbage-first heap   total 120832K, used 38833K [0x0000000082800000, 0x0000000100000000)
  region size 1024K, 1 young (1024K), 1 survivors (1024K)
 Metaspace       used 76740K, committed 77184K, reserved 1122304K
  class space    used 10498K, committed 10688K, reserved 1048576K
}
Event: 3477.411 GC heap before
{Heap before GC invocations=53 (full 0):
 garbage-first heap   total 120832K, used 70577K [0x0000000082800000, 0x0000000100000000)
  region size 1024K, 32 young (32768K), 1 survivors (1024K)
 Metaspace       used 77565K, committed 78080K, reserved 1122304K
  class space    used 10585K, committed 10816K, reserved 1048576K
}
Event: 3477.413 GC heap after
{Heap after GC invocations=54 (full 0):
 garbage-first heap   total 120832K, used 39470K [0x0000000082800000, 0x0000000100000000)
  region size 1024K, 2 young (2048K), 2 survivors (2048K)
 Metaspace       used 77565K, committed 78080K, reserved 1122304K
  class space    used 10585K, committed 10816K, reserved 1048576K
}
Event: 3738.091 GC heap before
{Heap before GC invocations=55 (full 0):
 garbage-first heap   total 120832K, used 64046K [0x0000000082800000, 0x0000000100000000)
  region size 1024K, 26 young (26624K), 2 survivors (2048K)
 Metaspace       used 77564K, committed 78080K, reserved 1122304K
  class space    used 10584K, committed 10816K, reserved 1048576K
}
Event: 3738.093 GC heap after
{Heap after GC invocations=56 (full 0):
 garbage-first heap   total 120832K, used 40043K [0x0000000082800000, 0x0000000100000000)
  region size 1024K, 2 young (2048K), 2 survivors (2048K)
 Metaspace       used 77564K, committed 78080K, reserved 1122304K
  class space    used 10584K, committed 10816K, reserved 1048576K
}
Event: 3771.974 GC heap before
{Heap before GC invocations=56 (full 0):
 garbage-first heap   total 120832K, used 43115K [0x0000000082800000, 0x0000000100000000)
  region size 1024K, 5 young (5120K), 2 survivors (2048K)
 Metaspace       used 77564K, committed 78080K, reserved 1122304K
  class space    used 10584K, committed 10816K, reserved 1048576K
}
Event: 3771.993 GC heap after
{Heap after GC invocations=57 (full 0):
 garbage-first heap   total 120832K, used 39857K [0x0000000082800000, 0x0000000100000000)
  region size 1024K, 1 young (1024K), 1 survivors (1024K)
 Metaspace       used 77564K, committed 78080K, reserved 1122304K
  class space    used 10584K, committed 10816K, reserved 1048576K
}
Event: 3817.841 GC heap before
{Heap before GC invocations=57 (full 0):
 garbage-first heap   total 120832K, used 43953K [0x0000000082800000, 0x0000000100000000)
  region size 1024K, 5 young (5120K), 1 survivors (1024K)
 Metaspace       used 77575K, committed 78080K, reserved 1122304K
  class space    used 10584K, committed 10816K, reserved 1048576K
}
Event: 3817.846 GC heap after
{Heap after GC invocations=58 (full 0):
 garbage-first heap   total 120832K, used 39691K [0x0000000082800000, 0x0000000100000000)
  region size 1024K, 1 young (1024K), 1 survivors (1024K)
 Metaspace       used 77575K, committed 78080K, reserved 1122304K
  class space    used 10584K, committed 10816K, reserved 1048576K
}
Event: 4501.486 GC heap before
{Heap before GC invocations=58 (full 0):
 garbage-first heap   total 120832K, used 102155K [0x0000000082800000, 0x0000000100000000)
  region size 1024K, 62 young (63488K), 1 survivors (1024K)
 Metaspace       used 77674K, committed 78144K, reserved 1122304K
  class space    used 10586K, committed 10816K, reserved 1048576K
}
Event: 4501.513 GC heap after
{Heap after GC invocations=59 (full 0):
 garbage-first heap   total 120832K, used 39696K [0x0000000082800000, 0x0000000100000000)
  region size 1024K, 1 young (1024K), 1 survivors (1024K)
 Metaspace       used 77674K, committed 78144K, reserved 1122304K
  class space    used 10586K, committed 10816K, reserved 1048576K
}
Event: 5227.768 GC heap before
{Heap before GC invocations=60 (full 0):
 garbage-first heap   total 120832K, used 104208K [0x0000000082800000, 0x0000000100000000)
  region size 1024K, 64 young (65536K), 1 survivors (1024K)
 Metaspace       used 77680K, committed 78144K, reserved 1122304K
  class space    used 10586K, committed 10816K, reserved 1048576K
}
Event: 5227.772 GC heap after
{Heap after GC invocations=61 (full 0):
 garbage-first heap   total 120832K, used 39700K [0x0000000082800000, 0x0000000100000000)
  region size 1024K, 1 young (1024K), 1 survivors (1024K)
 Metaspace       used 77680K, committed 78144K, reserved 1122304K
  class space    used 10586K, committed 10816K, reserved 1048576K
}
Event: 5273.228 GC heap before
{Heap before GC invocations=61 (full 0):
 garbage-first heap   total 120832K, used 43796K [0x0000000082800000, 0x0000000100000000)
  region size 1024K, 5 young (5120K), 1 survivors (1024K)
 Metaspace       used 77680K, committed 78144K, reserved 1122304K
  class space    used 10586K, committed 10816K, reserved 1048576K
}
Event: 5273.236 GC heap after
{Heap after GC invocations=62 (full 0):
 garbage-first heap   total 120832K, used 39322K [0x0000000082800000, 0x0000000100000000)
  region size 1024K, 1 young (1024K), 1 survivors (1024K)
 Metaspace       used 77680K, committed 78144K, reserved 1122304K
  class space    used 10586K, committed 10816K, reserved 1048576K
}
Event: 5701.078 GC heap before
{Heap before GC invocations=62 (full 0):
 garbage-first heap   total 120832K, used 102810K [0x0000000082800000, 0x0000000100000000)
  region size 1024K, 64 young (65536K), 1 survivors (1024K)
 Metaspace       used 78861K, committed 79424K, reserved 1122304K
  class space    used 10631K, committed 10880K, reserved 1048576K
}
Event: 5701.085 GC heap after
{Heap after GC invocations=63 (full 0):
 garbage-first heap   total 120832K, used 40394K [0x0000000082800000, 0x0000000100000000)
  region size 1024K, 2 young (2048K), 2 survivors (2048K)
 Metaspace       used 78861K, committed 79424K, reserved 1122304K
  class space    used 10631K, committed 10880K, reserved 1048576K
}

Deoptimization events (20 events):
Event: 5578.369 Thread 0x00000208d180cbb0 Uncommon trap: trap_request=0xffffffde fr.pc=0x00000208ba89740c relative=0x00000000000003cc
Event: 5578.369 Thread 0x00000208d180cbb0 Uncommon trap: reason=class_check action=maybe_recompile pc=0x00000208ba89740c method=java.io.FilterInputStream.read([BII)I @ 7 c2
Event: 5578.369 Thread 0x00000208d180cbb0 DEOPT PACKING pc=0x00000208ba89740c sp=0x00000062c9efc8b0
Event: 5578.369 Thread 0x00000208d180cbb0 DEOPT UNPACKING pc=0x00000208ba1023a3 sp=0x00000062c9efc888 mode 2
Event: 5578.369 Thread 0x00000208d180cbb0 Uncommon trap: trap_request=0xffffffde fr.pc=0x00000208ba89740c relative=0x00000000000003cc
Event: 5578.369 Thread 0x00000208d180cbb0 Uncommon trap: reason=class_check action=maybe_recompile pc=0x00000208ba89740c method=java.io.FilterInputStream.read([BII)I @ 7 c2
Event: 5578.369 Thread 0x00000208d180cbb0 DEOPT PACKING pc=0x00000208ba89740c sp=0x00000062c9efc8b0
Event: 5578.369 Thread 0x00000208d180cbb0 DEOPT UNPACKING pc=0x00000208ba1023a3 sp=0x00000062c9efc888 mode 2
Event: 5578.369 Thread 0x00000208d180cbb0 Uncommon trap: trap_request=0xffffffde fr.pc=0x00000208ba89740c relative=0x00000000000003cc
Event: 5578.369 Thread 0x00000208d180cbb0 Uncommon trap: reason=class_check action=maybe_recompile pc=0x00000208ba89740c method=java.io.FilterInputStream.read([BII)I @ 7 c2
Event: 5578.369 Thread 0x00000208d180cbb0 DEOPT PACKING pc=0x00000208ba89740c sp=0x00000062c9efc8b0
Event: 5578.369 Thread 0x00000208d180cbb0 DEOPT UNPACKING pc=0x00000208ba1023a3 sp=0x00000062c9efc888 mode 2
Event: 5578.369 Thread 0x00000208d180cbb0 Uncommon trap: trap_request=0xffffffde fr.pc=0x00000208ba89740c relative=0x00000000000003cc
Event: 5578.369 Thread 0x00000208d180cbb0 Uncommon trap: reason=class_check action=maybe_recompile pc=0x00000208ba89740c method=java.io.FilterInputStream.read([BII)I @ 7 c2
Event: 5578.369 Thread 0x00000208d180cbb0 DEOPT PACKING pc=0x00000208ba89740c sp=0x00000062c9efcd10
Event: 5578.370 Thread 0x00000208d180cbb0 DEOPT UNPACKING pc=0x00000208ba1023a3 sp=0x00000062c9efcce8 mode 2
Event: 5578.394 Thread 0x00000208d180d080 DEOPT PACKING pc=0x00000208b39a8240 sp=0x00000062c9bfb0c0
Event: 5578.394 Thread 0x00000208d180d080 DEOPT UNPACKING pc=0x00000208ba102b43 sp=0x00000062c9bfa828 mode 0
Event: 5581.654 Thread 0x00000208d180d080 DEOPT PACKING pc=0x00000208b2e494e7 sp=0x00000062c9bfc400
Event: 5581.654 Thread 0x00000208d180d080 DEOPT UNPACKING pc=0x00000208ba102b43 sp=0x00000062c9bfb8e8 mode 0

Classes unloaded (20 events):
Event: 2244.064 Thread 0x00000208c978eea0 Unloading class 0x0000000800d09c00 'java/lang/invoke/LambdaForm$MH+0x0000000800d09c00'
Event: 2244.064 Thread 0x00000208c978eea0 Unloading class 0x0000000800d09800 'java/lang/invoke/LambdaForm$MH+0x0000000800d09800'
Event: 2244.064 Thread 0x00000208c978eea0 Unloading class 0x0000000800d09400 'java/lang/invoke/LambdaForm$MH+0x0000000800d09400'
Event: 2244.064 Thread 0x00000208c978eea0 Unloading class 0x0000000800d09000 'java/lang/invoke/LambdaForm$MH+0x0000000800d09000'
Event: 2244.064 Thread 0x00000208c978eea0 Unloading class 0x0000000800d08c00 'java/lang/invoke/LambdaForm$MH+0x0000000800d08c00'
Event: 2244.064 Thread 0x00000208c978eea0 Unloading class 0x0000000800d08800 'java/lang/invoke/LambdaForm$MH+0x0000000800d08800'
Event: 2244.064 Thread 0x00000208c978eea0 Unloading class 0x0000000800d08400 'java/lang/invoke/LambdaForm$MH+0x0000000800d08400'
Event: 2244.064 Thread 0x00000208c978eea0 Unloading class 0x0000000800d08000 'java/lang/invoke/LambdaForm$MH+0x0000000800d08000'
Event: 2244.064 Thread 0x00000208c978eea0 Unloading class 0x0000000800c21400 'java/lang/invoke/LambdaForm$MH+0x0000000800c21400'
Event: 2244.064 Thread 0x00000208c978eea0 Unloading class 0x0000000800c21000 'java/lang/invoke/LambdaForm$MH+0x0000000800c21000'
Event: 2244.064 Thread 0x00000208c978eea0 Unloading class 0x0000000800c20c00 'java/lang/invoke/LambdaForm$MH+0x0000000800c20c00'
Event: 2244.064 Thread 0x00000208c978eea0 Unloading class 0x0000000800c20800 'java/lang/invoke/LambdaForm$MH+0x0000000800c20800'
Event: 2244.064 Thread 0x00000208c978eea0 Unloading class 0x0000000800c20400 'java/lang/invoke/LambdaForm$MH+0x0000000800c20400'
Event: 2244.064 Thread 0x00000208c978eea0 Unloading class 0x0000000800c20000 'java/lang/invoke/LambdaForm$MH+0x0000000800c20000'
Event: 2244.064 Thread 0x00000208c978eea0 Unloading class 0x0000000800c11c00 'java/lang/invoke/LambdaForm$MH+0x0000000800c11c00'
Event: 2244.064 Thread 0x00000208c978eea0 Unloading class 0x0000000800c11400 'java/lang/invoke/LambdaForm$MH+0x0000000800c11400'
Event: 2244.064 Thread 0x00000208c978eea0 Unloading class 0x0000000800c10c00 'java/lang/invoke/LambdaForm$MH+0x0000000800c10c00'
Event: 2244.064 Thread 0x00000208c978eea0 Unloading class 0x0000000800c10400 'java/lang/invoke/LambdaForm$MH+0x0000000800c10400'
Event: 3477.432 Thread 0x00000208c978eea0 Unloading class 0x00000008015fc800 'jdk/internal/reflect/GeneratedConstructorAccessor52'
Event: 3477.432 Thread 0x00000208c978eea0 Unloading class 0x00000008015fc400 'jdk/internal/reflect/GeneratedConstructorAccessor51'

Classes redefined (0 events):
No events

Internal exceptions (20 events):
Event: 7.244 Thread 0x00000208caa7ac30 Implicit null exception at 0x00000208ba7778c0 to 0x00000208ba777ac4
Event: 7.277 Thread 0x00000208caa7ac30 Exception <a 'java/lang/NoSuchMethodError'{0x00000000870b87d0}: 'void java.lang.invoke.DirectMethodHandle$Holder.invokeVirtual(java.lang.Object, java.lang.Object, int)'> (0x00000000870b87d0) 
thrown [s\open\src\hotspot\share\interpreter\linkResolver.cpp, line 759]
Event: 7.285 Thread 0x00000208caa7ac30 Exception <a 'java/lang/NoSuchMethodError'{0x0000000086fd21b0}: 'void java.lang.invoke.DirectMethodHandle$Holder.invokeVirtual(java.lang.Object, java.lang.Object, long)'> (0x0000000086fd21b0) 
thrown [s\open\src\hotspot\share\interpreter\linkResolver.cpp, line 759]
Event: 7.461 Thread 0x00000208caa7ac30 Exception <a 'java/lang/NoSuchMethodError'{0x0000000087c169a8}: 'java.lang.Object java.lang.invoke.DirectMethodHandle$Holder.newInvokeSpecial(java.lang.Object, java.lang.Object, int, java.lang.Object, java.lang.Object)'> (0x0000000087c169a8) 
thrown [s\open\src\hotspot\share\interpreter\linkResolver.cpp, line 759]
Event: 7.462 Thread 0x00000208caa7ac30 Exception <a 'java/lang/NoSuchMethodError'{0x0000000087c21d38}: 'java.lang.Object java.lang.invoke.DirectMethodHandle$Holder.invokeSpecial(java.lang.Object, java.lang.Object, int, java.lang.Object, int, java.lang.Object)'> (0x0000000087c21d38) 
thrown [s\open\src\hotspot\share\interpreter\linkResolver.cpp, line 759]
Event: 7.462 Thread 0x00000208caa7ac30 Exception <a 'java/lang/NoSuchMethodError'{0x0000000087c29d58}: 'java.lang.Object java.lang.invoke.DirectMethodHandle$Holder.newInvokeSpecial(java.lang.Object, java.lang.Object, int, java.lang.Object, int)'> (0x0000000087c29d58) 
thrown [s\open\src\hotspot\share\interpreter\linkResolver.cpp, line 759]
Event: 7.462 Thread 0x00000208caa7ac30 Exception <a 'java/lang/NoSuchMethodError'{0x0000000087c2de58}: 'java.lang.Object java.lang.invoke.DirectMethodHandle$Holder.invokeSpecial(java.lang.Object, java.lang.Object, java.lang.Object, int, java.lang.Object, int)'> (0x0000000087c2de58) 
thrown [s\open\src\hotspot\share\interpreter\linkResolver.cpp, line 759]
Event: 3201.194 Thread 0x00000208d180f700 Implicit null exception at 0x00000208ba8c72ed to 0x00000208ba8c9f24
Event: 3201.255 Thread 0x00000208d180aed0 Implicit null exception at 0x00000208ba888640 to 0x00000208ba888d8c
Event: 3201.268 Thread 0x00000208d180aed0 Exception <a 'java/lang/NoSuchMethodError'{0x0000000087be50d0}: 'java.lang.Object java.lang.invoke.DirectMethodHandle$Holder.invokeSpecial(java.lang.Object, java.lang.Object, java.lang.Object, java.lang.Object, java.lang.Object, long)'> (0x0000000087be50d0) 
thrown [s\open\src\hotspot\share\interpreter\linkResolver.cpp, line 759]
Event: 3201.269 Thread 0x00000208d180aed0 Exception <a 'java/lang/NoSuchMethodError'{0x0000000087be8d88}: 'java.lang.Object java.lang.invoke.Invokers$Holder.linkToTargetMethod(java.lang.Object, java.lang.Object, java.lang.Object, long, java.lang.Object)'> (0x0000000087be8d88) 
thrown [s\open\src\hotspot\share\interpreter\linkResolver.cpp, line 759]
Event: 3201.325 Thread 0x00000208d180aed0 Implicit null exception at 0x00000208ba8895b6 to 0x00000208ba889fa0
Event: 3201.545 Thread 0x00000208d18100a0 Implicit null exception at 0x00000208ba8dcae0 to 0x00000208ba8dd674
Event: 3201.736 Thread 0x00000208d18100a0 Exception <a 'java/lang/IncompatibleClassChangeError'{0x0000000087db8408}: Found class java.lang.Object, but interface was expected> (0x0000000087db8408) 
thrown [s\open\src\hotspot\share\interpreter\linkResolver.cpp, line 826]
Event: 3201.862 Thread 0x00000208d18100a0 Implicit null exception at 0x00000208ba7cf309 to 0x00000208ba7d5344
Event: 3202.364 Thread 0x00000208d180ed60 Exception <a 'java/lang/NoSuchMethodError'{0x0000000089838f48}: 'java.lang.Object java.lang.invoke.DirectMethodHandle$Holder.newInvokeSpecial(java.lang.Object, long)'> (0x0000000089838f48) 
thrown [s\open\src\hotspot\share\interpreter\linkResolver.cpp, line 759]
Event: 5384.489 Thread 0x00000208cb70e830 Implicit null exception at 0x00000208ba8e2cae to 0x00000208ba8e2f68
Event: 5385.489 Thread 0x00000208d21ae070 Implicit null exception at 0x00000208ba8e2cae to 0x00000208ba8e2f68
Event: 5386.481 Thread 0x00000208d21ae070 Implicit null exception at 0x00000208ba8e2cae to 0x00000208ba8e2f68
Event: 5387.482 Thread 0x00000208d21ae070 Implicit null exception at 0x00000208ba8e2cae to 0x00000208ba8e2f68

VM Operations (20 events):
Event: 5555.926 Executing VM operation: Cleanup
Event: 5555.927 Executing VM operation: Cleanup done
Event: 5574.127 Executing VM operation: Cleanup
Event: 5574.127 Executing VM operation: Cleanup done
Event: 5575.134 Executing VM operation: Cleanup
Event: 5575.134 Executing VM operation: Cleanup done
Event: 5576.144 Executing VM operation: Cleanup
Event: 5576.144 Executing VM operation: Cleanup done
Event: 5577.155 Executing VM operation: Cleanup
Event: 5577.155 Executing VM operation: Cleanup done
Event: 5578.166 Executing VM operation: Cleanup
Event: 5578.166 Executing VM operation: Cleanup done
Event: 5579.169 Executing VM operation: Cleanup
Event: 5579.170 Executing VM operation: Cleanup done
Event: 5581.187 Executing VM operation: Cleanup
Event: 5581.187 Executing VM operation: Cleanup done
Event: 5582.196 Executing VM operation: Cleanup
Event: 5582.196 Executing VM operation: Cleanup done
Event: 5701.078 Executing VM operation: G1CollectForAllocation
Event: 5701.085 Executing VM operation: G1CollectForAllocation done

Events (20 events):
Event: 5359.710 Thread 0x00000208d180b3a0 Thread exited: 0x00000208d180b3a0
Event: 5555.823 Thread 0x00000208cbacaf90 Thread added: 0x00000208cbacaf90
Event: 5555.860 loading class java/util/concurrent/locks/ReentrantReadWriteLock$Sync$HoldCounter
Event: 5555.866 loading class java/util/concurrent/locks/ReentrantReadWriteLock$Sync$HoldCounter done
Event: 5555.880 Thread 0x00000208cb08f4f0 Thread added: 0x00000208cb08f4f0
Event: 5560.953 Thread 0x00000208cb08f4f0 Thread exited: 0x00000208cb08f4f0
Event: 5565.968 Thread 0x00000208cbacaf90 Thread exited: 0x00000208cbacaf90
Event: 5576.658 Thread 0x00000208d092a390 Thread added: 0x00000208d092a390
Event: 5576.973 Thread 0x00000208d092a390 Thread exited: 0x00000208d092a390
Event: 5577.935 Thread 0x00000208d09286d0 Thread added: 0x00000208d09286d0
Event: 5578.368 Thread 0x00000208d09286d0 Thread exited: 0x00000208d09286d0
Event: 5578.387 Thread 0x00000208d09286d0 Thread added: 0x00000208d09286d0
Event: 5578.678 Thread 0x00000208d09286d0 Thread exited: 0x00000208d09286d0
Event: 5578.723 Thread 0x00000208d09286d0 Thread added: 0x00000208d09286d0
Event: 5581.116 Thread 0x00000208d09286d0 Thread exited: 0x00000208d09286d0
Event: 5581.137 Thread 0x00000208d09286d0 Thread added: 0x00000208d09286d0
Event: 5581.651 Thread 0x00000208d09286d0 Thread exited: 0x00000208d09286d0
Event: 5581.664 Thread 0x00000208d09286d0 Thread added: 0x00000208d09286d0
Event: 5586.711 Thread 0x00000208d09286d0 Thread exited: 0x00000208d09286d0
Event: 5701.069 Thread 0x00000208d09286d0 Thread added: 0x00000208d09286d0


Dynamic libraries:
0x00007ff63b020000 - 0x00007ff63b030000 	C:\Program Files\Java\jdk-17\bin\java.exe
0x00007ffe28a90000 - 0x00007ffe28c88000 	C:\Windows\SYSTEM32\ntdll.dll
0x00007ffe28990000 - 0x00007ffe28a4d000 	C:\Windows\System32\KERNEL32.DLL
0x00007ffe26140000 - 0x00007ffe26436000 	C:\Windows\System32\KERNELBASE.dll
0x00007ffe266c0000 - 0x00007ffe267c0000 	C:\Windows\System32\ucrtbase.dll
0x00007ffde4e30000 - 0x00007ffde4e49000 	C:\Program Files\Java\jdk-17\bin\jli.dll
0x00007ffde4a10000 - 0x00007ffde4a2b000 	C:\Program Files\Java\jdk-17\bin\VCRUNTIME140.dll
0x00007ffe271d0000 - 0x00007ffe27280000 	C:\Windows\System32\ADVAPI32.dll
0x00007ffe26b80000 - 0x00007ffe26c1e000 	C:\Windows\System32\msvcrt.dll
0x00007ffe27350000 - 0x00007ffe273f0000 	C:\Windows\System32\sechost.dll
0x00007ffe283e0000 - 0x00007ffe28505000 	C:\Windows\System32\RPCRT4.dll
0x00007ffe26690000 - 0x00007ffe266b7000 	C:\Windows\System32\bcrypt.dll
0x00007ffe28730000 - 0x00007ffe288ce000 	C:\Windows\System32\USER32.dll
0x00007ffe26a40000 - 0x00007ffe26a62000 	C:\Windows\System32\win32u.dll
0x00007ffe05360000 - 0x00007ffe055fa000 	C:\Windows\WinSxS\amd64_microsoft.windows.common-controls_6595b64144ccf1df_6.0.19041.3636_none_60b6a03d71f818d5\COMCTL32.dll
0x00007ffe27bc0000 - 0x00007ffe27beb000 	C:\Windows\System32\GDI32.dll
0x00007ffe26570000 - 0x00007ffe26687000 	C:\Windows\System32\gdi32full.dll
0x00007ffe264d0000 - 0x00007ffe2656d000 	C:\Windows\System32\msvcp_win.dll
0x00007ffe20c90000 - 0x00007ffe20c9a000 	C:\Windows\SYSTEM32\VERSION.dll
0x00007ffe27410000 - 0x00007ffe27442000 	C:\Windows\System32\IMM32.DLL
0x00007ffdfc360000 - 0x00007ffdfc36c000 	C:\Program Files\Java\jdk-17\bin\vcruntime140_1.dll
0x00007ffdcb970000 - 0x00007ffdcb9fe000 	C:\Program Files\Java\jdk-17\bin\msvcp140.dll
0x00007ffdc8d10000 - 0x00007ffdc98ed000 	C:\Program Files\Java\jdk-17\bin\server\jvm.dll
0x00007ffe26b70000 - 0x00007ffe26b78000 	C:\Windows\System32\PSAPI.DLL
0x00007ffe21b70000 - 0x00007ffe21b79000 	C:\Windows\SYSTEM32\WSOCK32.dll
0x00007ffe1d2c0000 - 0x00007ffe1d2e7000 	C:\Windows\SYSTEM32\WINMM.dll
0x00007ffe28510000 - 0x00007ffe2857b000 	C:\Windows\System32\WS2_32.dll
0x00007ffe24010000 - 0x00007ffe24022000 	C:\Windows\SYSTEM32\kernel.appcore.dll
0x00007ffdea6b0000 - 0x00007ffdea6ba000 	C:\Program Files\Java\jdk-17\bin\jimage.dll
0x00007ffe190b0000 - 0x00007ffe19294000 	C:\Windows\SYSTEM32\DBGHELP.DLL
0x00007ffe17b10000 - 0x00007ffe17b44000 	C:\Windows\SYSTEM32\dbgcore.DLL
0x00007ffe26440000 - 0x00007ffe264c2000 	C:\Windows\System32\bcryptPrimitives.dll
0x00007ffe21b90000 - 0x00007ffe21b9e000 	C:\Program Files\Java\jdk-17\bin\instrument.dll
0x00007ffde4790000 - 0x00007ffde47b5000 	C:\Program Files\Java\jdk-17\bin\java.dll
0x00007ffdc8c30000 - 0x00007ffdc8d07000 	C:\Program Files\Java\jdk-17\bin\jsvml.dll
0x00007ffe27450000 - 0x00007ffe27bbb000 	C:\Windows\System32\SHELL32.dll
0x00007ffe24210000 - 0x00007ffe249ae000 	C:\Windows\SYSTEM32\windows.storage.dll
0x00007ffe26cb0000 - 0x00007ffe27003000 	C:\Windows\System32\combase.dll
0x00007ffe25b00000 - 0x00007ffe25b2e000 	C:\Windows\SYSTEM32\Wldp.dll
0x00007ffe27280000 - 0x00007ffe2734d000 	C:\Windows\System32\OLEAUT32.dll
0x00007ffe26ac0000 - 0x00007ffe26b6d000 	C:\Windows\System32\SHCORE.dll
0x00007ffe27150000 - 0x00007ffe271a5000 	C:\Windows\System32\shlwapi.dll
0x00007ffe26070000 - 0x00007ffe26095000 	C:\Windows\SYSTEM32\profapi.dll
0x00007ffdcfb70000 - 0x00007ffdcfb88000 	C:\Program Files\Java\jdk-17\bin\zip.dll
0x00007ffde4970000 - 0x00007ffde4989000 	C:\Program Files\Java\jdk-17\bin\net.dll
0x00007ffe1fce0000 - 0x00007ffe1fdea000 	C:\Windows\SYSTEM32\WINHTTP.dll
0x00007ffe25800000 - 0x00007ffe2586a000 	C:\Windows\system32\mswsock.dll
0x00007ffdd07d0000 - 0x00007ffdd07e6000 	C:\Program Files\Java\jdk-17\bin\nio.dll
0x00007ffe15ef0000 - 0x00007ffe15f0a000 	C:\Program Files\JetBrains\IntelliJ IDEA Community Edition 2023.1.3\bin\breakgen64.dll
0x00007ffe1d670000 - 0x00007ffe1d67a000 	C:\Program Files\Java\jdk-17\bin\management.dll
0x00007ffe1d570000 - 0x00007ffe1d57b000 	C:\Program Files\Java\jdk-17\bin\management_ext.dll
0x00007ffe03240000 - 0x00007ffe03250000 	C:\Program Files\Java\jdk-17\bin\verify.dll
0x00007ffe259f0000 - 0x00007ffe25a08000 	C:\Windows\SYSTEM32\CRYPTSP.dll
0x00007ffe25130000 - 0x00007ffe25164000 	C:\Windows\system32\rsaenh.dll
0x00007ffe25ff0000 - 0x00007ffe2601e000 	C:\Windows\SYSTEM32\USERENV.dll
0x00007ffe25a10000 - 0x00007ffe25a1c000 	C:\Windows\SYSTEM32\CRYPTBASE.dll
0x00007ffe254f0000 - 0x00007ffe2552b000 	C:\Windows\SYSTEM32\IPHLPAPI.DLL
0x00007ffe271b0000 - 0x00007ffe271b8000 	C:\Windows\System32\NSI.dll
0x00007ffe20330000 - 0x00007ffe20347000 	C:\Windows\SYSTEM32\dhcpcsvc6.DLL
0x00007ffe20310000 - 0x00007ffe2032d000 	C:\Windows\SYSTEM32\dhcpcsvc.DLL
0x00007ffe25530000 - 0x00007ffe255fb000 	C:\Windows\SYSTEM32\DNSAPI.dll
0x00007ffe18a30000 - 0x00007ffe18a3d000 	C:\Program Files\Java\jdk-17\bin\sunmscapi.dll
0x00007ffe268e0000 - 0x00007ffe26a3d000 	C:\Windows\System32\CRYPT32.dll
0x00007ffe25b70000 - 0x00007ffe25b98000 	C:\Windows\SYSTEM32\ncrypt.dll
0x00007ffe25b30000 - 0x00007ffe25b6b000 	C:\Windows\SYSTEM32\NTASN1.dll
0x00007ffe1fb20000 - 0x00007ffe1fb2a000 	C:\Windows\System32\rasadhlp.dll
0x00007ffe1f870000 - 0x00007ffe1f8f0000 	C:\Windows\System32\fwpuclnt.dll
0x00007ffdf3ee0000 - 0x00007ffdf3ee7000 	C:\Windows\system32\wshunix.dll

dbghelp: loaded successfully - version: 4.0.5 - missing functions: none
symbol engine: initialized successfully - sym options: 0x614 - pdb path: .;C:\Program Files\Java\jdk-17\bin;C:\Windows\SYSTEM32;C:\Windows\WinSxS\amd64_microsoft.windows.common-controls_6595b64144ccf1df_6.0.19041.3636_none_60b6a03d71f818d5;C:\Program Files\Java\jdk-17\bin\server;C:\Program Files\JetBrains\IntelliJ IDEA Community Edition 2023.1.3\bin

VM Arguments:
jvm_args: -javaagent:C:\Program Files\JetBrains\IntelliJ IDEA Community Edition 2023.1.3\lib\idea_rt.jar=50236:C:\Program Files\JetBrains\IntelliJ IDEA Community Edition 2023.1.3\bin -Dfile.encoding=UTF-8 
java_command: com.icm.tiremanagementapi.TireManagementApiApplication
java_class_path (initial): C:\Proyectos_ICM\Neumaticos\TireManagementApi\target\classes;C:\Users\ICM-2\.m2\repository\org\springframework\boot\spring-boot-starter-data-jpa\3.0.6\spring-boot-starter-data-jpa-3.0.6.jar;C:\Users\ICM-2\.m2\repository\org\springframework\boot\spring-boot-starter-aop\3.0.6\spring-boot-starter-aop-3.0.6.jar;C:\Users\ICM-2\.m2\repository\org\aspectj\aspectjweaver\1.9.19\aspectjweaver-1.9.19.jar;C:\Users\ICM-2\.m2\repository\org\springframework\boot\spring-boot-starter-jdbc\3.0.6\spring-boot-starter-jdbc-3.0.6.jar;C:\Users\ICM-2\.m2\repository\com\zaxxer\HikariCP\5.0.1\HikariCP-5.0.1.jar;C:\Users\ICM-2\.m2\repository\org\springframework\spring-jdbc\6.0.8\spring-jdbc-6.0.8.jar;C:\Users\ICM-2\.m2\repository\org\hibernate\orm\hibernate-core\6.1.7.Final\hibernate-core-6.1.7.Final.jar;C:\Users\ICM-2\.m2\repository\jakarta\persistence\jakarta.persistence-api\3.1.0\jakarta.persistence-api-3.1.0.jar;C:\Users\ICM-2\.m2\repository\jakarta\transaction\jakarta.transaction-api\2.0.1\jakarta.transaction-api-2.0.1.jar;C:\Users\ICM-2\.m2\repository\org\jboss\logging\jboss-logging\3.5.0.Final\jboss-logging-3.5.0.Final.jar;C:\Users\ICM-2\.m2\repository\org\hibernate\common\hibernate-commons-annotations\6.0.6.Final\hibernate-commons-annotations-6.0.6.Final.jar;C:\Users\ICM-2\.m2\repository\org\jboss\jandex\2.4.2.Final\jandex-2.4.2.Final.jar;C:\Users\ICM-2\.m2\repository\com\fasterxml\classmate\1.5.1\classmate-1.5.1.jar;C:\Users\ICM-2\.m2\repository\net\bytebuddy\byte-buddy\1.12.23\byte-buddy-1.12.23.jar;C:\Users\ICM-2\.m2\repository\org\glassfish\jaxb\jaxb-runtime\4.0.2\jaxb-runtime-4.0.2.jar;C:\Users\ICM-2\.m2\repository\org\glassfish\jaxb\jaxb-core\4.0.2\jaxb-core-4.0.2.jar;C:\Users\ICM-2\.m2\repository\org\eclipse\angus\angus-activation\2.0.0\angus-activation-2.0.0.jar;C:\Users\ICM-2\.m2\repository\org\glassfish\jaxb\txw2\4.0.2\txw2-4.0.2.jar;C:\Users\ICM-2\.m2\repository\com\sun\istack\istack-commons-runtime\4.1.1\istack-commons-runtime-4.1.1.jar;C:\User
Launcher Type: SUN_STANDARD

[Global flags]
     intx CICompilerCount                          = 4                                         {product} {ergonomic}
     uint ConcGCThreads                            = 3                                         {product} {ergonomic}
     uint G1ConcRefinementThreads                  = 10                                        {product} {ergonomic}
   size_t G1HeapRegionSize                         = 1048576                                   {product} {ergonomic}
    uintx GCDrainStackTargetSize                   = 64                                        {product} {ergonomic}
   size_t InitialHeapSize                          = 132120576                                 {product} {ergonomic}
   size_t MarkStackSize                            = 4194304                                   {product} {ergonomic}
   size_t MaxHeapSize                              = 2105540608                                {product} {ergonomic}
   size_t MaxNewSize                               = 1262485504                                {product} {ergonomic}
   size_t MinHeapDeltaBytes                        = 1048576                                   {product} {ergonomic}
   size_t MinHeapSize                              = 8388608                                   {product} {ergonomic}
    uintx NonNMethodCodeHeapSize                   = 5839372                                {pd product} {ergonomic}
    uintx NonProfiledCodeHeapSize                  = 122909434                              {pd product} {ergonomic}
    uintx ProfiledCodeHeapSize                     = 122909434                              {pd product} {ergonomic}
    uintx ReservedCodeCacheSize                    = 251658240                              {pd product} {ergonomic}
     bool SegmentedCodeCache                       = true                                      {product} {ergonomic}
   size_t SoftMaxHeapSize                          = 2105540608                             {manageable} {ergonomic}
     bool UseCompressedClassPointers               = true                           {product lp64_product} {ergonomic}
     bool UseCompressedOops                        = true                           {product lp64_product} {ergonomic}
     bool UseG1GC                                  = true                                      {product} {ergonomic}
     bool UseLargePagesIndividualAllocation        = false                                  {pd product} {ergonomic}

Logging:
Log output configuration:
 #0: stdout all=warning uptime,level,tags
 #1: stderr all=off uptime,level,tags

Environment Variables:
PATH=C:\Program Files\Python312\Scripts\;C:\Program Files\Python312\;C:\Program Files\Common Files\Oracle\Java\javapath;C:\Windows\system32;C:\Windows;C:\Windows\System32\Wbem;C:\Windows\System32\WindowsPowerShell\v1.0\;C:\Windows\System32\OpenSSH\;C:\Program Files (x86)\ATI Technologies\ATI.ACE\Core-Static;C:\Program Files\Git\cmd;C:\Program Files\Java\apache-maven-3.9.3\bin;C:\Program Files\nodejs\;C:\Proyectos_ICM\react-native\UsersICM-2react-native\;C:\Program Files\mosquitto;C:\Program Files\Npcap;;C:\Program Files\Docker\Docker\resources\bin;C:\Program Files\PuTTY\;C:\Users\ICM-2\.console-ninja\.bin;C:\Users\ICM-2\AppData\Local\Microsoft\WindowsApps;;C:\Program Files\JetBrains\IntelliJ IDEA Community Edition 2023.1.3\bin;;C:\Users\ICM-2\AppData\Local\Programs\Microsoft VS Code\bin;C:\Users\ICM-2\AppData\Roaming\npm;C:\Program Files (x86)\Nmap
USERNAME=ICM-2
OS=Windows_NT
PROCESSOR_IDENTIFIER=Intel64 Family 6 Model 158 Stepping 10, GenuineIntel



---------------  S Y S T E M  ---------------

OS:
 Windows 10 , 64 bit Build 19041 (10.0.19041.3636)
OS uptime: 0 days 1:49 hours

CPU: total 12 (initial active 12) (6 cores per cpu, 2 threads per core) family 6 model 158 stepping 10 microcode 0xb4, cx8, cmov, fxsr, ht, mmx, 3dnowpref, sse, sse2, sse3, ssse3, sse4.1, sse4.2, popcnt, lzcnt, tsc, tscinvbit, avx, avx2, aes, erms, clmul, bmi1, bmi2, rtm, adx, fma, vzeroupper, clflush, clflushopt

Memory: 4k page, system-wide physical 8027M (1048M free)
TotalPageFile size 14297M (AvailPageFile size 2M)
current process WorkingSet (physical memory assigned to process): 250M, peak: 320M
current process commit charge ("private bytes"): 355M, peak: 411M

vm_info: Java HotSpot(TM) 64-Bit Server VM (17.0.7+8-LTS-224) for windows-amd64 JRE (17.0.7+8-LTS-224), built on Feb 28 2023 23:03:02 by "mach5one" with MS VC++ 17.1 (VS2022)

END.
