#
# There is insufficient memory for the Java Runtime Environment to continue.
# Native memory allocation (malloc) failed to allocate 1037536 bytes for Chunk::new
# Possible reasons:
#   The system is out of physical RAM or swap space
#   The process is running with CompressedOops enabled, and the Java Heap may be blocking the growth of the native heap
# Possible solutions:
#   Reduce memory load on the system
#   Increase physical memory or swap space
#   Check if swap backing store is full
#   Decrease Java heap size (-Xmx/-Xms)
#   Decrease number of Java threads
#   Decrease Java thread stack sizes (-Xss)
#   Set larger code cache with -XX:ReservedCodeCacheSize=
#   JVM is running with Unscaled Compressed Oops mode in which the Java heap is
#     placed in the first 4GB address space. The Java Heap base address is the
#     maximum limit for the native heap growth. Please use -XX:HeapBaseMinAddress
#     to set the Java Heap base and to place the Java Heap above 4GB virtual address.
# This output file may be truncated or incomplete.
#
#  Out of Memory Error (arena.cpp:189), pid=3224, tid=4160
#
# JRE version: Java(TM) SE Runtime Environment (17.0.7+8) (build 17.0.7+8-LTS-224)
# Java VM: Java HotSpot(TM) 64-Bit Server VM (17.0.7+8-LTS-224, mixed mode, sharing, tiered, compressed oops, compressed class ptrs, g1 gc, windows-amd64)
# No core dump will be written. Minidumps are not enabled by default on client versions of Windows
#

---------------  S U M M A R Y ------------

Command Line: -javaagent:C:\Program Files\JetBrains\IntelliJ IDEA Community Edition 2023.1.3\lib\idea_rt.jar=25614:C:\Program Files\JetBrains\IntelliJ IDEA Community Edition 2023.1.3\bin -Dfile.encoding=UTF-8 com.icm.tiremanagementapi.TireManagementApiApplication

Host: Intel(R) Core(TM) i7-8700 CPU @ 3.20GHz, 12 cores, 7G,  Windows 10 , 64 bit Build 19041 (10.0.19041.3636)
Time: Thu Feb 29 16:59:39 2024 Hora est. Pacífico, Sudamérica elapsed time: 2842.558117 seconds (0d 0h 47m 22s)

---------------  T H R E A D  ---------------

Current thread (0x0000020fbf6b4990):  JavaThread "C2 CompilerThread0" daemon [_thread_in_native, id=4160, stack(0x00000090e1100000,0x00000090e1200000)]


Current CompileTask:
C2:2842558 15007   !   4       org.hibernate.query.sqm.sql.BaseSqmToSqlAstConverter::visitFromClause (60 bytes)

Stack: [0x00000090e1100000,0x00000090e1200000]
Native frames: (J=compiled Java code, j=interpreted, Vv=VM code, C=native code)
V  [jvm.dll+0x676a4a]
V  [jvm.dll+0x7d74f4]
V  [jvm.dll+0x7d8c9e]
V  [jvm.dll+0x7d9303]
V  [jvm.dll+0x2452c5]
V  [jvm.dll+0xaaa2b]
V  [jvm.dll+0xaafcc]
V  [jvm.dll+0x36141e]
V  [jvm.dll+0x32bba1]
V  [jvm.dll+0x32b03a]
V  [jvm.dll+0x217acf]
V  [jvm.dll+0x216f01]
V  [jvm.dll+0x1a35e0]
V  [jvm.dll+0x226a6e]
V  [jvm.dll+0x224e15]
V  [jvm.dll+0x78d05c]
V  [jvm.dll+0x78759a]
V  [jvm.dll+0x675875]
C  [ucrtbase.dll+0x21bb2]
C  [KERNEL32.DLL+0x17344]
C  [ntdll.dll+0x526b1]


---------------  P R O C E S S  ---------------

Threads class SMR info:
_java_thread_list=0x0000020fc4a9f290, length=36, elements={
0x0000020fbf6967a0, 0x0000020fbf697060, 0x0000020fbf6a7330, 0x0000020fbf6a7bf0,
0x0000020fbf6a84b0, 0x0000020fbf6abd90, 0x0000020fbf6b4990, 0x0000020fbf6c0020,
0x0000020fbf6c1550, 0x0000020fbf680f20, 0x0000020fc0611f90, 0x0000020fc0614470,
0x0000020fc3403b20, 0x0000020fc4ed8690, 0x0000020fc14445f0, 0x0000020fc1444120,
0x0000020fc1442de0, 0x0000020fc8a3dde0, 0x0000020fc8a3caa0, 0x0000020fc8a3cf70,
0x0000020fc8a3a8f0, 0x0000020fc8a39a80, 0x0000020fc8a3a420, 0x0000020fc8a390e0,
0x0000020fc8a3d440, 0x0000020fc8a38270, 0x0000020fc8a395b0, 0x0000020fc8a3e2b0,
0x0000020fc8a3adc0, 0x0000020fc8a3d910, 0x0000020fc8a3e780, 0x0000020fc8a3ec50,
0x0000020fc8a3f120, 0x0000020fc8a39f50, 0x0000020fc8a38740, 0x0000020fc8a3f5f0
}

Java Threads: ( => current thread )
  0x0000020fbf6967a0 JavaThread "Reference Handler" daemon [_thread_blocked, id=14244, stack(0x00000090e0b00000,0x00000090e0c00000)]
  0x0000020fbf697060 JavaThread "Finalizer" daemon [_thread_blocked, id=16784, stack(0x00000090e0c00000,0x00000090e0d00000)]
  0x0000020fbf6a7330 JavaThread "Signal Dispatcher" daemon [_thread_blocked, id=15304, stack(0x00000090e0d00000,0x00000090e0e00000)]
  0x0000020fbf6a7bf0 JavaThread "Attach Listener" daemon [_thread_blocked, id=8976, stack(0x00000090e0e00000,0x00000090e0f00000)]
  0x0000020fbf6a84b0 JavaThread "Service Thread" daemon [_thread_blocked, id=12184, stack(0x00000090e0f00000,0x00000090e1000000)]
  0x0000020fbf6abd90 JavaThread "Monitor Deflation Thread" daemon [_thread_blocked, id=2116, stack(0x00000090e1000000,0x00000090e1100000)]
=>0x0000020fbf6b4990 JavaThread "C2 CompilerThread0" daemon [_thread_in_native, id=4160, stack(0x00000090e1100000,0x00000090e1200000)]
  0x0000020fbf6c0020 JavaThread "C1 CompilerThread0" daemon [_thread_blocked, id=2108, stack(0x00000090e1200000,0x00000090e1300000)]
  0x0000020fbf6c1550 JavaThread "Sweeper thread" daemon [_thread_blocked, id=6828, stack(0x00000090e1300000,0x00000090e1400000)]
  0x0000020fbf680f20 JavaThread "Common-Cleaner" daemon [_thread_blocked, id=19092, stack(0x00000090e1400000,0x00000090e1500000)]
  0x0000020fc0611f90 JavaThread "Monitor Ctrl-Break" daemon [_thread_in_native, id=11128, stack(0x00000090e1600000,0x00000090e1700000)]
  0x0000020fc0614470 JavaThread "Notification Thread" daemon [_thread_blocked, id=6988, stack(0x00000090e1700000,0x00000090e1800000)]
  0x0000020fc3403b20 JavaThread "mysql-cj-abandoned-connection-cleanup" daemon [_thread_blocked, id=16680, stack(0x00000090e2700000,0x00000090e2800000)]
  0x0000020fc4ed8690 JavaThread "HikariPool-1 housekeeper" daemon [_thread_blocked, id=17420, stack(0x00000090e2900000,0x00000090e2a00000)]
  0x0000020fc14445f0 JavaThread "Catalina-utility-1" [_thread_blocked, id=19096, stack(0x00000090e2b00000,0x00000090e2c00000)]
  0x0000020fc1444120 JavaThread "Catalina-utility-2" [_thread_blocked, id=10908, stack(0x00000090e2c00000,0x00000090e2d00000)]
  0x0000020fc1442de0 JavaThread "container-0" [_thread_blocked, id=8724, stack(0x00000090e2d00000,0x00000090e2e00000)]
  0x0000020fc8a3dde0 JavaThread "MQTT Rec: paho113537445089700" [_thread_in_native, id=5072, stack(0x00000090e2f00000,0x00000090e3000000)]
  0x0000020fc8a3caa0 JavaThread "MQTT Snd: paho113537445089700" [_thread_blocked, id=14532, stack(0x00000090e3000000,0x00000090e3100000)]
  0x0000020fc8a3cf70 JavaThread "MQTT Call: paho113537445089700" [_thread_blocked, id=2508, stack(0x00000090e3100000,0x00000090e3200000)]
  0x0000020fc8a3a8f0 JavaThread "MQTT Ping: paho113537445089700" [_thread_blocked, id=9732, stack(0x00000090e1500000,0x00000090e1600000)]
  0x0000020fc8a39a80 JavaThread "File Watcher" daemon [_thread_blocked, id=19152, stack(0x00000090e3200000,0x00000090e3300000)]
  0x0000020fc8a3a420 JavaThread "Live Reload Server" daemon [_thread_in_native, id=19452, stack(0x00000090e3400000,0x00000090e3500000)]
  0x0000020fc8a390e0 JavaThread "http-nio-8082-exec-1" daemon [_thread_blocked, id=17676, stack(0x00000090e3300000,0x00000090e3400000)]
  0x0000020fc8a3d440 JavaThread "http-nio-8082-exec-2" daemon [_thread_blocked, id=5960, stack(0x00000090e3500000,0x00000090e3600000)]
  0x0000020fc8a38270 JavaThread "http-nio-8082-exec-3" daemon [_thread_blocked, id=16776, stack(0x00000090e3600000,0x00000090e3700000)]
  0x0000020fc8a395b0 JavaThread "http-nio-8082-exec-4" daemon [_thread_blocked, id=12568, stack(0x00000090e3700000,0x00000090e3800000)]
  0x0000020fc8a3e2b0 JavaThread "http-nio-8082-exec-5" daemon [_thread_blocked, id=4448, stack(0x00000090e3800000,0x00000090e3900000)]
  0x0000020fc8a3adc0 JavaThread "http-nio-8082-exec-6" daemon [_thread_blocked, id=12032, stack(0x00000090e3900000,0x00000090e3a00000)]
  0x0000020fc8a3d910 JavaThread "http-nio-8082-exec-7" daemon [_thread_blocked, id=7208, stack(0x00000090e3a00000,0x00000090e3b00000)]
  0x0000020fc8a3e780 JavaThread "http-nio-8082-exec-8" daemon [_thread_blocked, id=1104, stack(0x00000090e3b00000,0x00000090e3c00000)]
  0x0000020fc8a3ec50 JavaThread "http-nio-8082-exec-9" daemon [_thread_blocked, id=14712, stack(0x00000090e3c00000,0x00000090e3d00000)]
  0x0000020fc8a3f120 JavaThread "http-nio-8082-exec-10" daemon [_thread_blocked, id=18968, stack(0x00000090e3d00000,0x00000090e3e00000)]
  0x0000020fc8a39f50 JavaThread "http-nio-8082-Poller" daemon [_thread_in_native, id=4904, stack(0x00000090e3e00000,0x00000090e3f00000)]
  0x0000020fc8a38740 JavaThread "http-nio-8082-Acceptor" daemon [_thread_in_native, id=14084, stack(0x00000090e3f00000,0x00000090e4000000)]
  0x0000020fc8a3f5f0 JavaThread "DestroyJavaVM" [_thread_blocked, id=1844, stack(0x00000090e0400000,0x00000090e0500000)]

Other Threads:
  0x0000020fbf6906e0 VMThread "VM Thread" [stack: 0x00000090e0a00000,0x00000090e0b00000] [id=15372]
  0x0000020fc03e57e0 WatcherThread [stack: 0x00000090e1800000,0x00000090e1900000] [id=7976]
  0x0000020f9f27d4b0 GCTaskThread "GC Thread#0" [stack: 0x00000090e0500000,0x00000090e0600000] [id=7476]
  0x0000020fc0cad9d0 GCTaskThread "GC Thread#1" [stack: 0x00000090e1c00000,0x00000090e1d00000] [id=7612]
  0x0000020fc1192980 GCTaskThread "GC Thread#2" [stack: 0x00000090e1d00000,0x00000090e1e00000] [id=12200]
  0x0000020fc12e18e0 GCTaskThread "GC Thread#3" [stack: 0x00000090e1e00000,0x00000090e1f00000] [id=2788]
  0x0000020fc0f23050 GCTaskThread "GC Thread#4" [stack: 0x00000090e1f00000,0x00000090e2000000] [id=6016]
  0x0000020fc09b9190 GCTaskThread "GC Thread#5" [stack: 0x00000090e2000000,0x00000090e2100000] [id=8528]
  0x0000020fc18b5860 GCTaskThread "GC Thread#6" [stack: 0x00000090e2200000,0x00000090e2300000] [id=1576]
  0x0000020fc1a52950 GCTaskThread "GC Thread#7" [stack: 0x00000090e2300000,0x00000090e2400000] [id=16276]
  0x0000020fc1de4170 GCTaskThread "GC Thread#8" [stack: 0x00000090e2100000,0x00000090e2200000] [id=10172]
  0x0000020fc2fe5050 GCTaskThread "GC Thread#9" [stack: 0x00000090e2400000,0x00000090e2500000] [id=17944]
  0x0000020f9f28f620 ConcurrentGCThread "G1 Main Marker" [stack: 0x00000090e0600000,0x00000090e0700000] [id=7372]
  0x0000020f9f28ff40 ConcurrentGCThread "G1 Conc#0" [stack: 0x00000090e0700000,0x00000090e0800000] [id=18716]
  0x0000020fc1a77490 ConcurrentGCThread "G1 Conc#1" [stack: 0x00000090e2500000,0x00000090e2600000] [id=10860]
  0x0000020fc33ada40 ConcurrentGCThread "G1 Conc#2" [stack: 0x00000090e2600000,0x00000090e2700000] [id=16260]
  0x0000020f9f2ee7c0 ConcurrentGCThread "G1 Refine#0" [stack: 0x00000090e0800000,0x00000090e0900000] [id=17324]
  0x0000020fbf54a170 ConcurrentGCThread "G1 Service" [stack: 0x00000090e0900000,0x00000090e0a00000] [id=17260]

Threads with active compile tasks:
C2 CompilerThread0  2842660 15007   !   4       org.hibernate.query.sqm.sql.BaseSqmToSqlAstConverter::visitFromClause (60 bytes)

VM state: not at safepoint (normal execution)

VM Mutex/Monitor currently owned by a thread: None

Heap address: 0x0000000082800000, size: 2008 MB, Compressed Oops mode: 32-bit

CDS archive(s) mapped at: [0x0000000800000000-0x0000000800bd0000-0x0000000800bd0000), size 12386304, SharedBaseAddress: 0x0000000800000000, ArchiveRelocationMode: 0.
Compressed class space mapped at: 0x0000000800c00000-0x0000000840c00000, reserved size: 1073741824
Narrow klass base: 0x0000000800000000, Narrow klass shift: 0, Narrow klass range: 0x100000000

GC Precious Log:
 CPUs: 12 total, 12 available
 Memory: 8027M
 Large Page Support: Disabled
 NUMA Support: Disabled
 Compressed Oops: Enabled (32-bit)
 Heap Region Size: 1M
 Heap Min Capacity: 8M
 Heap Initial Capacity: 126M
 Heap Max Capacity: 2008M
 Pre-touch: Disabled
 Parallel Workers: 10
 Concurrent Workers: 3
 Concurrent Refinement Workers: 10
 Periodic GC: Disabled

Heap:
 garbage-first heap   total 190464K, used 51576K [0x0000000082800000, 0x0000000100000000)
  region size 1024K, 12 young (12288K), 1 survivors (1024K)
 Metaspace       used 81959K, committed 82816K, reserved 1122304K
  class space    used 10669K, committed 11008K, reserved 1048576K

Heap Regions: E=young(eden), S=young(survivor), O=old, HS=humongous(starts), HC=humongous(continues), CS=collection set, F=free, OA=open archive, CA=closed archive, TAMS=top-at-mark-start (previous, next)
|   0|0x0000000082800000, 0x0000000082900000, 0x0000000082900000|100%|HS|  |TAMS 0x0000000082900000, 0x0000000082800000| Complete 
|   1|0x0000000082900000, 0x0000000082a00000, 0x0000000082a00000|100%| O|  |TAMS 0x0000000082a00000, 0x0000000082900000| Untracked 
|   2|0x0000000082a00000, 0x0000000082b00000, 0x0000000082b00000|100%| O|  |TAMS 0x0000000082b00000, 0x0000000082a00000| Untracked 
|   3|0x0000000082b00000, 0x0000000082c00000, 0x0000000082c00000|100%| O|  |TAMS 0x0000000082c00000, 0x0000000082b00000| Untracked 
|   4|0x0000000082c00000, 0x0000000082d00000, 0x0000000082d00000|100%| O|  |TAMS 0x0000000082d00000, 0x0000000082c00000| Untracked 
|   5|0x0000000082d00000, 0x0000000082e00000, 0x0000000082e00000|100%| O|  |TAMS 0x0000000082e00000, 0x0000000082d00000| Untracked 
|   6|0x0000000082e00000, 0x0000000082efd800, 0x0000000082f00000| 99%| O|  |TAMS 0x0000000082efd800, 0x0000000082e00000| Untracked 
|   7|0x0000000082f00000, 0x0000000083000000, 0x0000000083000000|100%| O|  |TAMS 0x0000000083000000, 0x0000000082f00000| Untracked 
|   8|0x0000000083000000, 0x0000000083100000, 0x0000000083100000|100%| O|  |TAMS 0x0000000083100000, 0x0000000083000000| Untracked 
|   9|0x0000000083100000, 0x0000000083200000, 0x0000000083200000|100%| O|  |TAMS 0x0000000083200000, 0x0000000083100000| Untracked 
|  10|0x0000000083200000, 0x0000000083300000, 0x0000000083300000|100%| O|  |TAMS 0x0000000083300000, 0x0000000083200000| Untracked 
|  11|0x0000000083300000, 0x000000008332ec00, 0x0000000083400000| 18%| O|  |TAMS 0x0000000083300000, 0x0000000083300000| Untracked 
|  12|0x0000000083400000, 0x0000000083500000, 0x0000000083500000|100%| O|  |TAMS 0x0000000083500000, 0x0000000083400000| Untracked 
|  13|0x0000000083500000, 0x0000000083500000, 0x0000000083600000|  0%| F|  |TAMS 0x0000000083500000, 0x0000000083500000| Untracked 
|  14|0x0000000083600000, 0x0000000083600000, 0x0000000083700000|  0%| F|  |TAMS 0x0000000083600000, 0x0000000083600000| Untracked 
|  15|0x0000000083700000, 0x0000000083800000, 0x0000000083800000|100%| O|  |TAMS 0x0000000083800000, 0x0000000083700000| Untracked 
|  16|0x0000000083800000, 0x0000000083900000, 0x0000000083900000|100%| O|  |TAMS 0x0000000083900000, 0x0000000083800000| Untracked 
|  17|0x0000000083900000, 0x0000000083a00000, 0x0000000083a00000|100%| O|  |TAMS 0x0000000083a00000, 0x0000000083900000| Untracked 
|  18|0x0000000083a00000, 0x0000000083a00000, 0x0000000083b00000|  0%| F|  |TAMS 0x0000000083a00000, 0x0000000083a00000| Untracked 
|  19|0x0000000083b00000, 0x0000000083c00000, 0x0000000083c00000|100%| O|  |TAMS 0x0000000083b56400, 0x0000000083b00000| Untracked 
|  20|0x0000000083c00000, 0x0000000083d00000, 0x0000000083d00000|100%| O|  |TAMS 0x0000000083d00000, 0x0000000083c00000| Untracked 
|  21|0x0000000083d00000, 0x0000000083e00000, 0x0000000083e00000|100%| O|  |TAMS 0x0000000083e00000, 0x0000000083d00000| Untracked 
|  22|0x0000000083e00000, 0x0000000083f00000, 0x0000000083f00000|100%| O|  |TAMS 0x0000000083f00000, 0x0000000083e00000| Untracked 
|  23|0x0000000083f00000, 0x0000000084000000, 0x0000000084000000|100%| O|  |TAMS 0x0000000084000000, 0x0000000083f00000| Untracked 
|  24|0x0000000084000000, 0x0000000084100000, 0x0000000084100000|100%| O|  |TAMS 0x0000000084100000, 0x0000000084000000| Untracked 
|  25|0x0000000084100000, 0x0000000084200000, 0x0000000084200000|100%| O|  |TAMS 0x0000000084200000, 0x0000000084100000| Untracked 
|  26|0x0000000084200000, 0x0000000084300000, 0x0000000084300000|100%| O|  |TAMS 0x0000000084300000, 0x0000000084200000| Untracked 
|  27|0x0000000084300000, 0x0000000084400000, 0x0000000084400000|100%| O|  |TAMS 0x0000000084400000, 0x0000000084300000| Untracked 
|  28|0x0000000084400000, 0x0000000084500000, 0x0000000084500000|100%| O|  |TAMS 0x0000000084500000, 0x0000000084400000| Untracked 
|  29|0x0000000084500000, 0x0000000084600000, 0x0000000084600000|100%| O|  |TAMS 0x0000000084600000, 0x0000000084500000| Untracked 
|  30|0x0000000084600000, 0x0000000084700000, 0x0000000084700000|100%| O|  |TAMS 0x0000000084700000, 0x0000000084600000| Untracked 
|  31|0x0000000084700000, 0x0000000084800000, 0x0000000084800000|100%| O|  |TAMS 0x0000000084800000, 0x0000000084700000| Untracked 
|  32|0x0000000084800000, 0x0000000084900000, 0x0000000084900000|100%| O|  |TAMS 0x0000000084900000, 0x0000000084800000| Untracked 
|  33|0x0000000084900000, 0x0000000084a00000, 0x0000000084a00000|100%| O|  |TAMS 0x0000000084a00000, 0x0000000084900000| Untracked 
|  34|0x0000000084a00000, 0x0000000084b00000, 0x0000000084b00000|100%| O|  |TAMS 0x0000000084b00000, 0x0000000084a00000| Untracked 
|  35|0x0000000084b00000, 0x0000000084c00000, 0x0000000084c00000|100%| O|  |TAMS 0x0000000084c00000, 0x0000000084b00000| Untracked 
|  36|0x0000000084c00000, 0x0000000084d00000, 0x0000000084d00000|100%| O|  |TAMS 0x0000000084d00000, 0x0000000084c00000| Untracked 
|  37|0x0000000084d00000, 0x0000000084e00000, 0x0000000084e00000|100%| O|  |TAMS 0x0000000084e00000, 0x0000000084d00000| Untracked 
|  38|0x0000000084e00000, 0x0000000084e00000, 0x0000000084f00000|  0%| F|  |TAMS 0x0000000084e00000, 0x0000000084e00000| Untracked 
|  39|0x0000000084f00000, 0x0000000085000000, 0x0000000085000000|100%| O|  |TAMS 0x0000000085000000, 0x0000000084f00000| Untracked 
|  40|0x0000000085000000, 0x0000000085100000, 0x0000000085100000|100%| O|  |TAMS 0x0000000085100000, 0x0000000085000000| Untracked 
|  41|0x0000000085100000, 0x0000000085200000, 0x0000000085200000|100%| O|  |TAMS 0x0000000085200000, 0x0000000085100000| Untracked 
|  42|0x0000000085200000, 0x0000000085300000, 0x0000000085300000|100%| O|  |TAMS 0x0000000085200000, 0x0000000085200000| Untracked 
|  43|0x0000000085300000, 0x0000000085400000, 0x0000000085400000|100%| O|  |TAMS 0x0000000085300000, 0x0000000085300000| Untracked 
|  44|0x0000000085400000, 0x0000000085500000, 0x0000000085500000|100%| O|  |TAMS 0x0000000085400000, 0x0000000085400000| Untracked 
|  45|0x0000000085500000, 0x0000000085500000, 0x0000000085600000|  0%| F|  |TAMS 0x0000000085500000, 0x0000000085500000| Untracked 
|  46|0x0000000085600000, 0x0000000085600000, 0x0000000085700000|  0%| F|  |TAMS 0x0000000085600000, 0x0000000085600000| Untracked 
|  47|0x0000000085700000, 0x0000000085700000, 0x0000000085800000|  0%| F|  |TAMS 0x0000000085700000, 0x0000000085700000| Untracked 
|  48|0x0000000085800000, 0x0000000085800000, 0x0000000085900000|  0%| F|  |TAMS 0x0000000085800000, 0x0000000085800000| Untracked 
|  49|0x0000000085900000, 0x0000000085900000, 0x0000000085a00000|  0%| F|  |TAMS 0x0000000085900000, 0x0000000085900000| Untracked 
|  50|0x0000000085a00000, 0x0000000085a00000, 0x0000000085b00000|  0%| F|  |TAMS 0x0000000085a00000, 0x0000000085a00000| Untracked 
|  51|0x0000000085b00000, 0x0000000085b00000, 0x0000000085c00000|  0%| F|  |TAMS 0x0000000085b00000, 0x0000000085b00000| Untracked 
|  52|0x0000000085c00000, 0x0000000085c00000, 0x0000000085d00000|  0%| F|  |TAMS 0x0000000085c00000, 0x0000000085c00000| Untracked 
|  53|0x0000000085d00000, 0x0000000085d00000, 0x0000000085e00000|  0%| F|  |TAMS 0x0000000085d00000, 0x0000000085d00000| Untracked 
|  54|0x0000000085e00000, 0x0000000085e00000, 0x0000000085f00000|  0%| F|  |TAMS 0x0000000085e00000, 0x0000000085e00000| Untracked 
|  55|0x0000000085f00000, 0x0000000085f00000, 0x0000000086000000|  0%| F|  |TAMS 0x0000000085f00000, 0x0000000085f00000| Untracked 
|  56|0x0000000086000000, 0x0000000086000000, 0x0000000086100000|  0%| F|  |TAMS 0x0000000086000000, 0x0000000086000000| Untracked 
|  57|0x0000000086100000, 0x0000000086100000, 0x0000000086200000|  0%| F|  |TAMS 0x0000000086100000, 0x0000000086100000| Untracked 
|  58|0x0000000086200000, 0x0000000086200000, 0x0000000086300000|  0%| F|  |TAMS 0x0000000086200000, 0x0000000086200000| Untracked 
|  59|0x0000000086300000, 0x0000000086300000, 0x0000000086400000|  0%| F|  |TAMS 0x0000000086300000, 0x0000000086300000| Untracked 
|  60|0x0000000086400000, 0x0000000086400000, 0x0000000086500000|  0%| F|  |TAMS 0x0000000086400000, 0x0000000086400000| Untracked 
|  61|0x0000000086500000, 0x0000000086500000, 0x0000000086600000|  0%| F|  |TAMS 0x0000000086500000, 0x0000000086500000| Untracked 
|  62|0x0000000086600000, 0x0000000086600000, 0x0000000086700000|  0%| F|  |TAMS 0x0000000086600000, 0x0000000086600000| Untracked 
|  63|0x0000000086700000, 0x0000000086700000, 0x0000000086800000|  0%| F|  |TAMS 0x0000000086700000, 0x0000000086700000| Untracked 
|  64|0x0000000086800000, 0x0000000086800000, 0x0000000086900000|  0%| F|  |TAMS 0x0000000086800000, 0x0000000086800000| Untracked 
|  65|0x0000000086900000, 0x0000000086900000, 0x0000000086a00000|  0%| F|  |TAMS 0x0000000086900000, 0x0000000086900000| Untracked 
|  66|0x0000000086a00000, 0x0000000086a00000, 0x0000000086b00000|  0%| F|  |TAMS 0x0000000086a00000, 0x0000000086a00000| Untracked 
|  67|0x0000000086b00000, 0x0000000086b00000, 0x0000000086c00000|  0%| F|  |TAMS 0x0000000086b00000, 0x0000000086b00000| Untracked 
|  68|0x0000000086c00000, 0x0000000086c00000, 0x0000000086d00000|  0%| F|  |TAMS 0x0000000086c00000, 0x0000000086c00000| Untracked 
|  69|0x0000000086d00000, 0x0000000086d00000, 0x0000000086e00000|  0%| F|  |TAMS 0x0000000086d00000, 0x0000000086d00000| Untracked 
|  70|0x0000000086e00000, 0x0000000086e00000, 0x0000000086f00000|  0%| F|  |TAMS 0x0000000086e00000, 0x0000000086e00000| Untracked 
|  71|0x0000000086f00000, 0x0000000086f00000, 0x0000000087000000|  0%| F|  |TAMS 0x0000000086f00000, 0x0000000086f00000| Untracked 
|  72|0x0000000087000000, 0x0000000087000000, 0x0000000087100000|  0%| F|  |TAMS 0x0000000087000000, 0x0000000087000000| Untracked 
|  73|0x0000000087100000, 0x0000000087100000, 0x0000000087200000|  0%| F|  |TAMS 0x0000000087100000, 0x0000000087100000| Untracked 
|  74|0x0000000087200000, 0x0000000087200000, 0x0000000087300000|  0%| F|  |TAMS 0x0000000087200000, 0x0000000087200000| Untracked 
|  75|0x0000000087300000, 0x0000000087331fc8, 0x0000000087400000| 19%| S|CS|TAMS 0x0000000087300000, 0x0000000087300000| Complete 
|  76|0x0000000087400000, 0x0000000087400000, 0x0000000087500000|  0%| F|  |TAMS 0x0000000087400000, 0x0000000087400000| Untracked 
|  77|0x0000000087500000, 0x0000000087500000, 0x0000000087600000|  0%| F|  |TAMS 0x0000000087500000, 0x0000000087500000| Untracked 
|  78|0x0000000087600000, 0x0000000087600000, 0x0000000087700000|  0%| F|  |TAMS 0x0000000087600000, 0x0000000087600000| Untracked 
|  79|0x0000000087700000, 0x0000000087700000, 0x0000000087800000|  0%| F|  |TAMS 0x0000000087700000, 0x0000000087700000| Untracked 
|  80|0x0000000087800000, 0x0000000087800000, 0x0000000087900000|  0%| F|  |TAMS 0x0000000087800000, 0x0000000087800000| Untracked 
|  81|0x0000000087900000, 0x0000000087900000, 0x0000000087a00000|  0%| F|  |TAMS 0x0000000087900000, 0x0000000087900000| Untracked 
|  82|0x0000000087a00000, 0x0000000087a00000, 0x0000000087b00000|  0%| F|  |TAMS 0x0000000087a00000, 0x0000000087a00000| Untracked 
|  83|0x0000000087b00000, 0x0000000087b00000, 0x0000000087c00000|  0%| F|  |TAMS 0x0000000087b00000, 0x0000000087b00000| Untracked 
|  84|0x0000000087c00000, 0x0000000087c00000, 0x0000000087d00000|  0%| F|  |TAMS 0x0000000087c00000, 0x0000000087c00000| Untracked 
|  85|0x0000000087d00000, 0x0000000087d00000, 0x0000000087e00000|  0%| F|  |TAMS 0x0000000087d00000, 0x0000000087d00000| Untracked 
|  86|0x0000000087e00000, 0x0000000087e00000, 0x0000000087f00000|  0%| F|  |TAMS 0x0000000087e00000, 0x0000000087e00000| Untracked 
|  87|0x0000000087f00000, 0x0000000087f00000, 0x0000000088000000|  0%| F|  |TAMS 0x0000000087f00000, 0x0000000087f00000| Untracked 
|  88|0x0000000088000000, 0x0000000088000000, 0x0000000088100000|  0%| F|  |TAMS 0x0000000088000000, 0x0000000088000000| Untracked 
|  89|0x0000000088100000, 0x0000000088100000, 0x0000000088200000|  0%| F|  |TAMS 0x0000000088100000, 0x0000000088100000| Untracked 
|  90|0x0000000088200000, 0x0000000088200000, 0x0000000088300000|  0%| F|  |TAMS 0x0000000088200000, 0x0000000088200000| Untracked 
|  91|0x0000000088300000, 0x0000000088300000, 0x0000000088400000|  0%| F|  |TAMS 0x0000000088300000, 0x0000000088300000| Untracked 
|  92|0x0000000088400000, 0x0000000088400000, 0x0000000088500000|  0%| F|  |TAMS 0x0000000088400000, 0x0000000088400000| Untracked 
|  93|0x0000000088500000, 0x0000000088500000, 0x0000000088600000|  0%| F|  |TAMS 0x0000000088500000, 0x0000000088500000| Untracked 
|  94|0x0000000088600000, 0x0000000088600000, 0x0000000088700000|  0%| F|  |TAMS 0x0000000088600000, 0x0000000088600000| Untracked 
|  95|0x0000000088700000, 0x0000000088700000, 0x0000000088800000|  0%| F|  |TAMS 0x0000000088700000, 0x0000000088700000| Untracked 
|  96|0x0000000088800000, 0x0000000088800000, 0x0000000088900000|  0%| F|  |TAMS 0x0000000088800000, 0x0000000088800000| Untracked 
|  97|0x0000000088900000, 0x0000000088900000, 0x0000000088a00000|  0%| F|  |TAMS 0x0000000088900000, 0x0000000088900000| Untracked 
|  98|0x0000000088a00000, 0x0000000088a00000, 0x0000000088b00000|  0%| F|  |TAMS 0x0000000088a00000, 0x0000000088a00000| Untracked 
|  99|0x0000000088b00000, 0x0000000088b00000, 0x0000000088c00000|  0%| F|  |TAMS 0x0000000088b00000, 0x0000000088b00000| Untracked 
| 100|0x0000000088c00000, 0x0000000088c00000, 0x0000000088d00000|  0%| F|  |TAMS 0x0000000088c00000, 0x0000000088c00000| Untracked 
| 101|0x0000000088d00000, 0x0000000088d00000, 0x0000000088e00000|  0%| F|  |TAMS 0x0000000088d00000, 0x0000000088d00000| Untracked 
| 102|0x0000000088e00000, 0x0000000088e00000, 0x0000000088f00000|  0%| F|  |TAMS 0x0000000088e00000, 0x0000000088e00000| Untracked 
| 103|0x0000000088f00000, 0x0000000088f00000, 0x0000000089000000|  0%| F|  |TAMS 0x0000000088f00000, 0x0000000088f00000| Untracked 
| 104|0x0000000089000000, 0x0000000089000000, 0x0000000089100000|  0%| F|  |TAMS 0x0000000089000000, 0x0000000089000000| Untracked 
| 105|0x0000000089100000, 0x0000000089100000, 0x0000000089200000|  0%| F|  |TAMS 0x0000000089100000, 0x0000000089100000| Untracked 
| 106|0x0000000089200000, 0x0000000089200000, 0x0000000089300000|  0%| F|  |TAMS 0x0000000089200000, 0x0000000089200000| Untracked 
| 107|0x0000000089300000, 0x0000000089300000, 0x0000000089400000|  0%| F|  |TAMS 0x0000000089300000, 0x0000000089300000| Untracked 
| 108|0x0000000089400000, 0x0000000089400000, 0x0000000089500000|  0%| F|  |TAMS 0x0000000089400000, 0x0000000089400000| Untracked 
| 109|0x0000000089500000, 0x0000000089500000, 0x0000000089600000|  0%| F|  |TAMS 0x0000000089500000, 0x0000000089500000| Untracked 
| 110|0x0000000089600000, 0x0000000089600000, 0x0000000089700000|  0%| F|  |TAMS 0x0000000089600000, 0x0000000089600000| Untracked 
| 111|0x0000000089700000, 0x0000000089700000, 0x0000000089800000|  0%| F|  |TAMS 0x0000000089700000, 0x0000000089700000| Untracked 
| 112|0x0000000089800000, 0x0000000089800000, 0x0000000089900000|  0%| F|  |TAMS 0x0000000089800000, 0x0000000089800000| Untracked 
| 113|0x0000000089900000, 0x0000000089900000, 0x0000000089a00000|  0%| F|  |TAMS 0x0000000089900000, 0x0000000089900000| Untracked 
| 114|0x0000000089a00000, 0x0000000089a00000, 0x0000000089b00000|  0%| F|  |TAMS 0x0000000089a00000, 0x0000000089a00000| Untracked 
| 115|0x0000000089b00000, 0x0000000089b00000, 0x0000000089c00000|  0%| F|  |TAMS 0x0000000089b00000, 0x0000000089b00000| Untracked 
| 116|0x0000000089c00000, 0x0000000089c00000, 0x0000000089d00000|  0%| F|  |TAMS 0x0000000089c00000, 0x0000000089c00000| Untracked 
| 117|0x0000000089d00000, 0x0000000089d00000, 0x0000000089e00000|  0%| F|  |TAMS 0x0000000089d00000, 0x0000000089d00000| Untracked 
| 118|0x0000000089e00000, 0x0000000089e00000, 0x0000000089f00000|  0%| F|  |TAMS 0x0000000089e00000, 0x0000000089e00000| Untracked 
| 119|0x0000000089f00000, 0x0000000089f00000, 0x000000008a000000|  0%| F|  |TAMS 0x0000000089f00000, 0x0000000089f00000| Untracked 
| 120|0x000000008a000000, 0x000000008a000000, 0x000000008a100000|  0%| F|  |TAMS 0x000000008a000000, 0x000000008a000000| Untracked 
| 121|0x000000008a100000, 0x000000008a100000, 0x000000008a200000|  0%| F|  |TAMS 0x000000008a100000, 0x000000008a100000| Untracked 
| 122|0x000000008a200000, 0x000000008a200000, 0x000000008a300000|  0%| F|  |TAMS 0x000000008a200000, 0x000000008a200000| Untracked 
| 123|0x000000008a300000, 0x000000008a300000, 0x000000008a400000|  0%| F|  |TAMS 0x000000008a300000, 0x000000008a300000| Untracked 
| 124|0x000000008a400000, 0x000000008a400000, 0x000000008a500000|  0%| F|  |TAMS 0x000000008a400000, 0x000000008a400000| Untracked 
| 125|0x000000008a500000, 0x000000008a500000, 0x000000008a600000|  0%| F|  |TAMS 0x000000008a500000, 0x000000008a500000| Untracked 
| 126|0x000000008a600000, 0x000000008a600000, 0x000000008a700000|  0%| F|  |TAMS 0x000000008a600000, 0x000000008a600000| Untracked 
| 127|0x000000008a700000, 0x000000008a700000, 0x000000008a800000|  0%| F|  |TAMS 0x000000008a700000, 0x000000008a700000| Untracked 
| 128|0x000000008a800000, 0x000000008a800000, 0x000000008a900000|  0%| F|  |TAMS 0x000000008a800000, 0x000000008a800000| Untracked 
| 129|0x000000008a900000, 0x000000008a900000, 0x000000008aa00000|  0%| F|  |TAMS 0x000000008a900000, 0x000000008a900000| Untracked 
| 130|0x000000008aa00000, 0x000000008aa00000, 0x000000008ab00000|  0%| F|  |TAMS 0x000000008aa00000, 0x000000008aa00000| Untracked 
| 131|0x000000008ab00000, 0x000000008ab00000, 0x000000008ac00000|  0%| F|  |TAMS 0x000000008ab00000, 0x000000008ab00000| Untracked 
| 132|0x000000008ac00000, 0x000000008ac00000, 0x000000008ad00000|  0%| F|  |TAMS 0x000000008ac00000, 0x000000008ac00000| Untracked 
| 133|0x000000008ad00000, 0x000000008ad00000, 0x000000008ae00000|  0%| F|  |TAMS 0x000000008ad00000, 0x000000008ad00000| Untracked 
| 134|0x000000008ae00000, 0x000000008ae00000, 0x000000008af00000|  0%| F|  |TAMS 0x000000008ae00000, 0x000000008ae00000| Untracked 
| 135|0x000000008af00000, 0x000000008af00000, 0x000000008b000000|  0%| F|  |TAMS 0x000000008af00000, 0x000000008af00000| Untracked 
| 136|0x000000008b000000, 0x000000008b000000, 0x000000008b100000|  0%| F|  |TAMS 0x000000008b000000, 0x000000008b000000| Untracked 
| 137|0x000000008b100000, 0x000000008b100000, 0x000000008b200000|  0%| F|  |TAMS 0x000000008b100000, 0x000000008b100000| Untracked 
| 138|0x000000008b200000, 0x000000008b200000, 0x000000008b300000|  0%| F|  |TAMS 0x000000008b200000, 0x000000008b200000| Untracked 
| 139|0x000000008b300000, 0x000000008b300000, 0x000000008b400000|  0%| F|  |TAMS 0x000000008b300000, 0x000000008b300000| Untracked 
| 140|0x000000008b400000, 0x000000008b400000, 0x000000008b500000|  0%| F|  |TAMS 0x000000008b400000, 0x000000008b400000| Untracked 
| 141|0x000000008b500000, 0x000000008b500000, 0x000000008b600000|  0%| F|  |TAMS 0x000000008b500000, 0x000000008b500000| Untracked 
| 142|0x000000008b600000, 0x000000008b600000, 0x000000008b700000|  0%| F|  |TAMS 0x000000008b600000, 0x000000008b600000| Untracked 
| 143|0x000000008b700000, 0x000000008b700000, 0x000000008b800000|  0%| F|  |TAMS 0x000000008b700000, 0x000000008b700000| Untracked 
| 144|0x000000008b800000, 0x000000008b800000, 0x000000008b900000|  0%| F|  |TAMS 0x000000008b800000, 0x000000008b800000| Untracked 
| 145|0x000000008b900000, 0x000000008b900000, 0x000000008ba00000|  0%| F|  |TAMS 0x000000008b900000, 0x000000008b900000| Untracked 
| 146|0x000000008ba00000, 0x000000008ba00000, 0x000000008bb00000|  0%| F|  |TAMS 0x000000008ba00000, 0x000000008ba00000| Untracked 
| 147|0x000000008bb00000, 0x000000008bb00000, 0x000000008bc00000|  0%| F|  |TAMS 0x000000008bb00000, 0x000000008bb00000| Untracked 
| 148|0x000000008bc00000, 0x000000008bc00000, 0x000000008bd00000|  0%| F|  |TAMS 0x000000008bc00000, 0x000000008bc00000| Untracked 
| 149|0x000000008bd00000, 0x000000008bd00000, 0x000000008be00000|  0%| F|  |TAMS 0x000000008bd00000, 0x000000008bd00000| Untracked 
| 150|0x000000008be00000, 0x000000008be00000, 0x000000008bf00000|  0%| F|  |TAMS 0x000000008be00000, 0x000000008be00000| Untracked 
| 151|0x000000008bf00000, 0x000000008bf00000, 0x000000008c000000|  0%| F|  |TAMS 0x000000008bf00000, 0x000000008bf00000| Untracked 
| 152|0x000000008c000000, 0x000000008c000000, 0x000000008c100000|  0%| F|  |TAMS 0x000000008c000000, 0x000000008c000000| Untracked 
| 153|0x000000008c100000, 0x000000008c100000, 0x000000008c200000|  0%| F|  |TAMS 0x000000008c100000, 0x000000008c100000| Untracked 
| 154|0x000000008c200000, 0x000000008c200000, 0x000000008c300000|  0%| F|  |TAMS 0x000000008c200000, 0x000000008c200000| Untracked 
| 155|0x000000008c300000, 0x000000008c300000, 0x000000008c400000|  0%| F|  |TAMS 0x000000008c300000, 0x000000008c300000| Untracked 
| 156|0x000000008c400000, 0x000000008c400000, 0x000000008c500000|  0%| F|  |TAMS 0x000000008c400000, 0x000000008c400000| Untracked 
| 157|0x000000008c500000, 0x000000008c500000, 0x000000008c600000|  0%| F|  |TAMS 0x000000008c500000, 0x000000008c500000| Untracked 
| 158|0x000000008c600000, 0x000000008c600000, 0x000000008c700000|  0%| F|  |TAMS 0x000000008c600000, 0x000000008c600000| Untracked 
| 159|0x000000008c700000, 0x000000008c700000, 0x000000008c800000|  0%| F|  |TAMS 0x000000008c700000, 0x000000008c700000| Untracked 
| 160|0x000000008c800000, 0x000000008c800000, 0x000000008c900000|  0%| F|  |TAMS 0x000000008c800000, 0x000000008c800000| Untracked 
| 161|0x000000008c900000, 0x000000008c900000, 0x000000008ca00000|  0%| F|  |TAMS 0x000000008c900000, 0x000000008c900000| Untracked 
| 162|0x000000008ca00000, 0x000000008ca00000, 0x000000008cb00000|  0%| F|  |TAMS 0x000000008ca00000, 0x000000008ca00000| Untracked 
| 163|0x000000008cb00000, 0x000000008cb00000, 0x000000008cc00000|  0%| F|  |TAMS 0x000000008cb00000, 0x000000008cb00000| Untracked 
| 164|0x000000008cc00000, 0x000000008cc00000, 0x000000008cd00000|  0%| F|  |TAMS 0x000000008cc00000, 0x000000008cc00000| Untracked 
| 165|0x000000008cd00000, 0x000000008cd00000, 0x000000008ce00000|  0%| F|  |TAMS 0x000000008cd00000, 0x000000008cd00000| Untracked 
| 166|0x000000008ce00000, 0x000000008ce00000, 0x000000008cf00000|  0%| F|  |TAMS 0x000000008ce00000, 0x000000008ce00000| Untracked 
| 167|0x000000008cf00000, 0x000000008cf00000, 0x000000008d000000|  0%| F|  |TAMS 0x000000008cf00000, 0x000000008cf00000| Untracked 
| 168|0x000000008d000000, 0x000000008d000000, 0x000000008d100000|  0%| F|  |TAMS 0x000000008d000000, 0x000000008d000000| Untracked 
| 169|0x000000008d100000, 0x000000008d100000, 0x000000008d200000|  0%| F|  |TAMS 0x000000008d100000, 0x000000008d100000| Untracked 
| 170|0x000000008d200000, 0x000000008d200000, 0x000000008d300000|  0%| F|  |TAMS 0x000000008d200000, 0x000000008d200000| Untracked 
| 171|0x000000008d300000, 0x000000008d300000, 0x000000008d400000|  0%| F|  |TAMS 0x000000008d300000, 0x000000008d300000| Untracked 
| 172|0x000000008d400000, 0x000000008d400000, 0x000000008d500000|  0%| F|  |TAMS 0x000000008d400000, 0x000000008d400000| Untracked 
| 173|0x000000008d500000, 0x000000008d500000, 0x000000008d600000|  0%| F|  |TAMS 0x000000008d500000, 0x000000008d500000| Untracked 
| 174|0x000000008d600000, 0x000000008d600000, 0x000000008d700000|  0%| F|  |TAMS 0x000000008d600000, 0x000000008d600000| Untracked 
| 175|0x000000008d700000, 0x000000008d7e85f0, 0x000000008d800000| 90%| E|  |TAMS 0x000000008d700000, 0x000000008d700000| Complete 
| 176|0x000000008d800000, 0x000000008d900000, 0x000000008d900000|100%| E|CS|TAMS 0x000000008d800000, 0x000000008d800000| Complete 
| 177|0x000000008d900000, 0x000000008da00000, 0x000000008da00000|100%| E|CS|TAMS 0x000000008d900000, 0x000000008d900000| Complete 
| 178|0x000000008da00000, 0x000000008db00000, 0x000000008db00000|100%| E|CS|TAMS 0x000000008da00000, 0x000000008da00000| Complete 
| 179|0x000000008db00000, 0x000000008dc00000, 0x000000008dc00000|100%| E|CS|TAMS 0x000000008db00000, 0x000000008db00000| Complete 
| 180|0x000000008dc00000, 0x000000008dd00000, 0x000000008dd00000|100%| E|CS|TAMS 0x000000008dc00000, 0x000000008dc00000| Complete 
| 181|0x000000008dd00000, 0x000000008de00000, 0x000000008de00000|100%| E|CS|TAMS 0x000000008dd00000, 0x000000008dd00000| Complete 
| 182|0x000000008de00000, 0x000000008df00000, 0x000000008df00000|100%| E|CS|TAMS 0x000000008de00000, 0x000000008de00000| Complete 
| 183|0x000000008df00000, 0x000000008e000000, 0x000000008e000000|100%| E|CS|TAMS 0x000000008df00000, 0x000000008df00000| Complete 
| 184|0x000000008e000000, 0x000000008e100000, 0x000000008e100000|100%| E|CS|TAMS 0x000000008e000000, 0x000000008e000000| Complete 
| 185|0x000000008e100000, 0x000000008e200000, 0x000000008e200000|100%| E|CS|TAMS 0x000000008e100000, 0x000000008e100000| Complete 

Card table byte_map: [0x0000020fb8300000,0x0000020fb86f0000] _byte_map_base: 0x0000020fb7eec000

Marking Bits (Prev, Next): (CMBitMap*) 0x0000020f9f27ea20, (CMBitMap*) 0x0000020f9f27e9e0
 Prev Bits: [0x0000020fbaa40000, 0x0000020fbc9a0000)
 Next Bits: [0x0000020fb8ae0000, 0x0000020fbaa40000)

Polling page: 0x0000020f9f2f0000

Metaspace:

Usage:
  Non-class:     69.62 MB used.
      Class:     10.42 MB used.
       Both:     80.04 MB used.

Virtual space:
  Non-class space:       72.00 MB reserved,      70.12 MB ( 97%) committed,  9 nodes.
      Class space:        1.00 GB reserved,      10.75 MB (  1%) committed,  1 nodes.
             Both:        1.07 GB reserved,      80.88 MB (  7%) committed. 

Chunk freelists:
   Non-Class:  1.93 MB
       Class:  1.31 MB
        Both:  3.24 MB

MaxMetaspaceSize: unlimited
CompressedClassSpaceSize: 1.00 GB
Initial GC threshold: 21.00 MB
Current GC threshold: 134.81 MB
CDS: on
MetaspaceReclaimPolicy: balanced
 - commit_granule_bytes: 65536.
 - commit_granule_words: 8192.
 - virtual_space_node_default_size: 1048576.
 - enlarge_chunks_in_place: 1.
 - new_chunks_are_fully_committed: 0.
 - uncommit_free_chunks: 1.
 - use_allocation_guard: 0.
 - handle_deallocations: 1.


Internal statistics:

num_allocs_failed_limit: 8.
num_arena_births: 930.
num_arena_deaths: 248.
num_vsnodes_births: 10.
num_vsnodes_deaths: 0.
num_space_committed: 1294.
num_space_uncommitted: 0.
num_chunks_returned_to_freelist: 281.
num_chunks_taken_from_freelist: 3979.
num_chunk_merges: 96.
num_chunk_splits: 2856.
num_chunks_enlarged: 2186.
num_purges: 2.
num_inconsistent_stats: 0.

CodeHeap 'non-profiled nmethods': size=120000Kb used=13419Kb max_used=13419Kb free=106580Kb
 bounds [0x0000020fafd40000, 0x0000020fb0a60000, 0x0000020fb7270000]
CodeHeap 'profiled nmethods': size=120000Kb used=21391Kb max_used=25402Kb free=98609Kb
 bounds [0x0000020fa8270000, 0x0000020fa9b40000, 0x0000020faf7a0000]
CodeHeap 'non-nmethods': size=5760Kb used=1343Kb max_used=1439Kb free=4416Kb
 bounds [0x0000020faf7a0000, 0x0000020fafa10000, 0x0000020fafd40000]
 total_blobs=12780 nmethods=12104 adapters=587
 compilation: enabled
              stopped_count=0, restarted_count=0
 full_count=0

Compilation events (20 events):
Event: 2834.065 Thread 0x0000020fbf6b4990 nmethod 14994 0x0000020fb0a46b90 code [0x0000020fb0a46e20, 0x0000020fb0a47fe8]
Event: 2834.112 Thread 0x0000020fbf6b4990 14995   !   4       org.apache.catalina.core.StandardContext::getLoader (38 bytes)
Event: 2834.139 Thread 0x0000020fbf6b4990 nmethod 14995 0x0000020fb0a48b10 code [0x0000020fb0a48d20, 0x0000020fb0a49a40]
Event: 2835.015 Thread 0x0000020fbf6b4990 14996       4       org.springframework.context.event.SimpleApplicationEventMulticaster::multicastEvent (90 bytes)
Event: 2835.131 Thread 0x0000020fbf6b4990 nmethod 14996 0x0000020fb0a4a490 code [0x0000020fb0a4a800, 0x0000020fb0a4dd68]
Event: 2835.485 Thread 0x0000020fbf6b4990 14997       4       com.fasterxml.jackson.databind.type.CollectionLikeType::equals (62 bytes)
Event: 2835.486 Thread 0x0000020fbf6b4990 nmethod 14997 0x0000020fb0a4fb10 code [0x0000020fb0a4fc80, 0x0000020fb0a4fd18]
Event: 2835.738 Thread 0x0000020fbf6c0020 14998       3       java.text.DateFormat::format (19 bytes)
Event: 2835.739 Thread 0x0000020fbf6c0020 nmethod 14998 0x0000020fa829c210 code [0x0000020fa829c3e0, 0x0000020fa829c708]
Event: 2835.771 Thread 0x0000020fbf6c0020 14999       3       java.nio.channels.spi.AbstractInterruptibleChannel::begin (48 bytes)
Event: 2835.772 Thread 0x0000020fbf6c0020 nmethod 14999 0x0000020fa855b790 code [0x0000020fa855b980, 0x0000020fa855bff8]
Event: 2841.372 Thread 0x0000020fbf6c0020 15001       3       java.util.Calendar::getFieldStrings (128 bytes)
Event: 2841.388 Thread 0x0000020fbf6c0020 nmethod 15001 0x0000020fa832e290 code [0x0000020fa832e560, 0x0000020fa832f718]
Event: 2842.252 Thread 0x0000020fbf6b4990 15002   !   4       org.hibernate.query.sqm.sql.BaseSqmToSqlAstConverter::visitSelectClause (139 bytes)
Event: 2842.278 Thread 0x0000020fbf6b4990 nmethod 15002 0x0000020fb0a4fe10 code [0x0000020fb0a50060, 0x0000020fb0a510b8]
Event: 2842.278 Thread 0x0000020fbf6b4990 15004       4       org.hibernate.query.sqm.sql.BaseSqmToSqlAstConverter::visitSelection (427 bytes)
Event: 2842.339 Thread 0x0000020fbf6b4990 nmethod 15004 0x0000020fb0a51d10 code [0x0000020fb0a51fe0, 0x0000020fb0a540c8]
Event: 2842.340 Thread 0x0000020fbf6b4990 15006       4       org.hibernate.query.sqm.sql.BaseSqmToSqlAstConverter::visitTableGroup (1052 bytes)
Event: 2842.425 Thread 0x0000020fbf6b4990 nmethod 15006 0x0000020fb0a55710 code [0x0000020fb0a55aa0, 0x0000020fb0a58a70]
Event: 2842.425 Thread 0x0000020fbf6b4990 15007   !   4       org.hibernate.query.sqm.sql.BaseSqmToSqlAstConverter::visitFromClause (60 bytes)

GC Heap History (20 events):
Event: 2793.258 GC heap before
{Heap before GC invocations=62 (full 0):
 garbage-first heap   total 190464K, used 153798K [0x0000000082800000, 0x0000000100000000)
  region size 1024K, 111 young (113664K), 1 survivors (1024K)
 Metaspace       used 81945K, committed 82816K, reserved 1122304K
  class space    used 10666K, committed 11008K, reserved 1048576K
}
Event: 2793.274 GC heap after
{Heap after GC invocations=63 (full 0):
 garbage-first heap   total 190464K, used 41144K [0x0000000082800000, 0x0000000100000000)
  region size 1024K, 1 young (1024K), 1 survivors (1024K)
 Metaspace       used 81945K, committed 82816K, reserved 1122304K
  class space    used 10666K, committed 11008K, reserved 1048576K
}
Event: 2803.842 GC heap before
{Heap before GC invocations=63 (full 0):
 garbage-first heap   total 190464K, used 153784K [0x0000000082800000, 0x0000000100000000)
  region size 1024K, 111 young (113664K), 1 survivors (1024K)
 Metaspace       used 81950K, committed 82816K, reserved 1122304K
  class space    used 10666K, committed 11008K, reserved 1048576K
}
Event: 2803.844 GC heap after
{Heap after GC invocations=64 (full 0):
 garbage-first heap   total 190464K, used 41207K [0x0000000082800000, 0x0000000100000000)
  region size 1024K, 1 young (1024K), 1 survivors (1024K)
 Metaspace       used 81950K, committed 82816K, reserved 1122304K
  class space    used 10666K, committed 11008K, reserved 1048576K
}
Event: 2806.467 GC heap before
{Heap before GC invocations=64 (full 0):
 garbage-first heap   total 190464K, used 153847K [0x0000000082800000, 0x0000000100000000)
  region size 1024K, 111 young (113664K), 1 survivors (1024K)
 Metaspace       used 81950K, committed 82816K, reserved 1122304K
  class space    used 10666K, committed 11008K, reserved 1048576K
}
Event: 2806.469 GC heap after
{Heap after GC invocations=65 (full 0):
 garbage-first heap   total 190464K, used 41200K [0x0000000082800000, 0x0000000100000000)
  region size 1024K, 1 young (1024K), 1 survivors (1024K)
 Metaspace       used 81950K, committed 82816K, reserved 1122304K
  class space    used 10666K, committed 11008K, reserved 1048576K
}
Event: 2814.877 GC heap before
{Heap before GC invocations=65 (full 0):
 garbage-first heap   total 190464K, used 153840K [0x0000000082800000, 0x0000000100000000)
  region size 1024K, 111 young (113664K), 1 survivors (1024K)
 Metaspace       used 81952K, committed 82816K, reserved 1122304K
  class space    used 10667K, committed 11008K, reserved 1048576K
}
Event: 2814.885 GC heap after
{Heap after GC invocations=66 (full 0):
 garbage-first heap   total 190464K, used 41240K [0x0000000082800000, 0x0000000100000000)
  region size 1024K, 1 young (1024K), 1 survivors (1024K)
 Metaspace       used 81952K, committed 82816K, reserved 1122304K
  class space    used 10667K, committed 11008K, reserved 1048576K
}
Event: 2817.506 GC heap before
{Heap before GC invocations=66 (full 0):
 garbage-first heap   total 190464K, used 153880K [0x0000000082800000, 0x0000000100000000)
  region size 1024K, 111 young (113664K), 1 survivors (1024K)
 Metaspace       used 81953K, committed 82816K, reserved 1122304K
  class space    used 10668K, committed 11008K, reserved 1048576K
}
Event: 2817.511 GC heap after
{Heap after GC invocations=67 (full 0):
 garbage-first heap   total 190464K, used 41223K [0x0000000082800000, 0x0000000100000000)
  region size 1024K, 1 young (1024K), 1 survivors (1024K)
 Metaspace       used 81953K, committed 82816K, reserved 1122304K
  class space    used 10668K, committed 11008K, reserved 1048576K
}
Event: 2820.757 GC heap before
{Heap before GC invocations=67 (full 0):
 garbage-first heap   total 190464K, used 153863K [0x0000000082800000, 0x0000000100000000)
  region size 1024K, 111 young (113664K), 1 survivors (1024K)
 Metaspace       used 81953K, committed 82816K, reserved 1122304K
  class space    used 10668K, committed 11008K, reserved 1048576K
}
Event: 2820.759 GC heap after
{Heap after GC invocations=68 (full 0):
 garbage-first heap   total 190464K, used 41238K [0x0000000082800000, 0x0000000100000000)
  region size 1024K, 1 young (1024K), 1 survivors (1024K)
 Metaspace       used 81953K, committed 82816K, reserved 1122304K
  class space    used 10668K, committed 11008K, reserved 1048576K
}
Event: 2824.198 GC heap before
{Heap before GC invocations=68 (full 0):
 garbage-first heap   total 190464K, used 153878K [0x0000000082800000, 0x0000000100000000)
  region size 1024K, 111 young (113664K), 1 survivors (1024K)
 Metaspace       used 81956K, committed 82816K, reserved 1122304K
  class space    used 10668K, committed 11008K, reserved 1048576K
}
Event: 2824.202 GC heap after
{Heap after GC invocations=69 (full 0):
 garbage-first heap   total 190464K, used 41262K [0x0000000082800000, 0x0000000100000000)
  region size 1024K, 1 young (1024K), 1 survivors (1024K)
 Metaspace       used 81956K, committed 82816K, reserved 1122304K
  class space    used 10668K, committed 11008K, reserved 1048576K
}
Event: 2829.981 GC heap before
{Heap before GC invocations=69 (full 0):
 garbage-first heap   total 190464K, used 153902K [0x0000000082800000, 0x0000000100000000)
  region size 1024K, 111 young (113664K), 1 survivors (1024K)
 Metaspace       used 81958K, committed 82816K, reserved 1122304K
  class space    used 10669K, committed 11008K, reserved 1048576K
}
Event: 2830.005 GC heap after
{Heap after GC invocations=70 (full 0):
 garbage-first heap   total 190464K, used 41280K [0x0000000082800000, 0x0000000100000000)
  region size 1024K, 1 young (1024K), 1 survivors (1024K)
 Metaspace       used 81958K, committed 82816K, reserved 1122304K
  class space    used 10669K, committed 11008K, reserved 1048576K
}
Event: 2833.001 GC heap before
{Heap before GC invocations=70 (full 0):
 garbage-first heap   total 190464K, used 153920K [0x0000000082800000, 0x0000000100000000)
  region size 1024K, 111 young (113664K), 1 survivors (1024K)
 Metaspace       used 81958K, committed 82816K, reserved 1122304K
  class space    used 10669K, committed 11008K, reserved 1048576K
}
Event: 2833.005 GC heap after
{Heap after GC invocations=71 (full 0):
 garbage-first heap   total 190464K, used 41301K [0x0000000082800000, 0x0000000100000000)
  region size 1024K, 1 young (1024K), 1 survivors (1024K)
 Metaspace       used 81958K, committed 82816K, reserved 1122304K
  class space    used 10669K, committed 11008K, reserved 1048576K
}
Event: 2842.010 GC heap before
{Heap before GC invocations=71 (full 0):
 garbage-first heap   total 190464K, used 153941K [0x0000000082800000, 0x0000000100000000)
  region size 1024K, 111 young (113664K), 1 survivors (1024K)
 Metaspace       used 81959K, committed 82816K, reserved 1122304K
  class space    used 10669K, committed 11008K, reserved 1048576K
}
Event: 2842.014 GC heap after
{Heap after GC invocations=72 (full 0):
 garbage-first heap   total 190464K, used 41336K [0x0000000082800000, 0x0000000100000000)
  region size 1024K, 1 young (1024K), 1 survivors (1024K)
 Metaspace       used 81959K, committed 82816K, reserved 1122304K
  class space    used 10669K, committed 11008K, reserved 1048576K
}

Deoptimization events (20 events):
Event: 2775.982 Thread 0x0000020fc8a395b0 Uncommon trap: trap_request=0xffffffbe fr.pc=0x0000020fb07bf75c relative=0x000000000000055c
Event: 2775.982 Thread 0x0000020fc8a395b0 Uncommon trap: reason=profile_predicate action=maybe_recompile pc=0x0000020fb07bf75c method=org.springframework.security.web.header.writers.StaticHeadersWriter.writeHeaders(Ljakarta/servlet/http/HttpServletRequest;Ljakarta/servlet/http/HttpServletResponse
Event: 2775.982 Thread 0x0000020fc8a395b0 DEOPT PACKING pc=0x0000020fb07bf75c sp=0x00000090e37fb610
Event: 2775.982 Thread 0x0000020fc8a395b0 DEOPT UNPACKING pc=0x0000020faf7f23a3 sp=0x00000090e37fb5a8 mode 2
Event: 2775.992 Thread 0x0000020fc8a3f120 Uncommon trap: trap_request=0xffffffbe fr.pc=0x0000020fb07bf75c relative=0x000000000000055c
Event: 2775.992 Thread 0x0000020fc8a3f120 Uncommon trap: reason=profile_predicate action=maybe_recompile pc=0x0000020fb07bf75c method=org.springframework.security.web.header.writers.StaticHeadersWriter.writeHeaders(Ljakarta/servlet/http/HttpServletRequest;Ljakarta/servlet/http/HttpServletResponse
Event: 2775.992 Thread 0x0000020fc8a3f120 DEOPT PACKING pc=0x0000020fb07bf75c sp=0x00000090e3dfb140
Event: 2775.992 Thread 0x0000020fc8a3f120 DEOPT UNPACKING pc=0x0000020faf7f23a3 sp=0x00000090e3dfb0d8 mode 2
Event: 2776.011 Thread 0x0000020fc8a3d910 DEOPT PACKING pc=0x0000020fa932e650 sp=0x00000090e3afeb60
Event: 2776.011 Thread 0x0000020fc8a3d910 DEOPT UNPACKING pc=0x0000020faf7f2b43 sp=0x00000090e3afdfe0 mode 0
Event: 2783.482 Thread 0x0000020fc8a3adc0 DEOPT PACKING pc=0x0000020fa94d8be9 sp=0x00000090e39fec70
Event: 2783.482 Thread 0x0000020fc8a3adc0 DEOPT UNPACKING pc=0x0000020faf7f2b43 sp=0x00000090e39fe0e8 mode 0
Event: 2802.867 Thread 0x0000020fc8a3ec50 Uncommon trap: trap_request=0xffffffbe fr.pc=0x0000020fb05ff770 relative=0x0000000000000a30
Event: 2802.867 Thread 0x0000020fc8a3ec50 Uncommon trap: reason=profile_predicate action=maybe_recompile pc=0x0000020fb05ff770 method=org.hibernate.event.service.internal.EventListenerGroupImpl.fireEventOnEachListener(Ljava/lang/Object;Ljava/util/function/BiConsumer;)V @ 16 c2
Event: 2802.867 Thread 0x0000020fc8a3ec50 DEOPT PACKING pc=0x0000020fb05ff770 sp=0x00000090e3cfa820
Event: 2802.868 Thread 0x0000020fc8a3ec50 DEOPT UNPACKING pc=0x0000020faf7f23a3 sp=0x00000090e3cfa7f0 mode 2
Event: 2813.865 Thread 0x0000020fc8a3d910 Uncommon trap: trap_request=0xffffffbe fr.pc=0x0000020fb05ff770 relative=0x0000000000000a30
Event: 2813.867 Thread 0x0000020fc8a3d910 Uncommon trap: reason=profile_predicate action=maybe_recompile pc=0x0000020fb05ff770 method=org.hibernate.event.service.internal.EventListenerGroupImpl.fireEventOnEachListener(Ljava/lang/Object;Ljava/util/function/BiConsumer;)V @ 16 c2
Event: 2813.867 Thread 0x0000020fc8a3d910 DEOPT PACKING pc=0x0000020fb05ff770 sp=0x00000090e3afab30
Event: 2813.870 Thread 0x0000020fc8a3d910 DEOPT UNPACKING pc=0x0000020faf7f23a3 sp=0x00000090e3afab00 mode 2

Classes unloaded (20 events):
Event: 2767.898 Thread 0x0000020fbf6906e0 Unloading class 0x0000000800d64000 'jdk/internal/reflect/GeneratedConstructorAccessor1'
Event: 2767.898 Thread 0x0000020fbf6906e0 Unloading class 0x0000000800d1a800 'java/lang/invoke/LambdaForm$DMH+0x0000000800d1a800'
Event: 2767.899 Thread 0x0000020fbf6906e0 Unloading class 0x0000000800d09800 'java/lang/invoke/LambdaForm$MH+0x0000000800d09800'
Event: 2767.899 Thread 0x0000020fbf6906e0 Unloading class 0x0000000800d09400 'java/lang/invoke/LambdaForm$MH+0x0000000800d09400'
Event: 2767.899 Thread 0x0000020fbf6906e0 Unloading class 0x0000000800d09000 'java/lang/invoke/LambdaForm$MH+0x0000000800d09000'
Event: 2767.899 Thread 0x0000020fbf6906e0 Unloading class 0x0000000800d08c00 'java/lang/invoke/LambdaForm$MH+0x0000000800d08c00'
Event: 2767.899 Thread 0x0000020fbf6906e0 Unloading class 0x0000000800d08800 'java/lang/invoke/LambdaForm$MH+0x0000000800d08800'
Event: 2767.899 Thread 0x0000020fbf6906e0 Unloading class 0x0000000800d08400 'java/lang/invoke/LambdaForm$MH+0x0000000800d08400'
Event: 2767.899 Thread 0x0000020fbf6906e0 Unloading class 0x0000000800d08000 'java/lang/invoke/LambdaForm$MH+0x0000000800d08000'
Event: 2767.899 Thread 0x0000020fbf6906e0 Unloading class 0x0000000800d01c00 'java/lang/invoke/LambdaForm$MH+0x0000000800d01c00'
Event: 2767.900 Thread 0x0000020fbf6906e0 Unloading class 0x0000000800c21400 'java/lang/invoke/LambdaForm$MH+0x0000000800c21400'
Event: 2767.900 Thread 0x0000020fbf6906e0 Unloading class 0x0000000800c21000 'java/lang/invoke/LambdaForm$MH+0x0000000800c21000'
Event: 2767.900 Thread 0x0000020fbf6906e0 Unloading class 0x0000000800c20c00 'java/lang/invoke/LambdaForm$MH+0x0000000800c20c00'
Event: 2767.900 Thread 0x0000020fbf6906e0 Unloading class 0x0000000800c20800 'java/lang/invoke/LambdaForm$MH+0x0000000800c20800'
Event: 2767.900 Thread 0x0000020fbf6906e0 Unloading class 0x0000000800c20400 'java/lang/invoke/LambdaForm$MH+0x0000000800c20400'
Event: 2767.900 Thread 0x0000020fbf6906e0 Unloading class 0x0000000800c20000 'java/lang/invoke/LambdaForm$MH+0x0000000800c20000'
Event: 2767.900 Thread 0x0000020fbf6906e0 Unloading class 0x0000000800c11800 'java/lang/invoke/LambdaForm$MH+0x0000000800c11800'
Event: 2767.900 Thread 0x0000020fbf6906e0 Unloading class 0x0000000800c11000 'java/lang/invoke/LambdaForm$MH+0x0000000800c11000'
Event: 2767.900 Thread 0x0000020fbf6906e0 Unloading class 0x0000000800c10800 'java/lang/invoke/LambdaForm$MH+0x0000000800c10800'
Event: 2767.900 Thread 0x0000020fbf6906e0 Unloading class 0x0000000800c10000 'java/lang/invoke/LambdaForm$MH+0x0000000800c10000'

Classes redefined (0 events):
No events

Internal exceptions (20 events):
Event: 6.877 Thread 0x0000020fc07d5a90 Exception <a 'java/lang/NoSuchMethodError'{0x0000000087275818}: 'java.lang.Object java.lang.invoke.DirectMethodHandle$Holder.invokeInterface(java.lang.Object, java.lang.Object, java.lang.Object, java.lang.Object)'> (0x0000000087275818) 
thrown [s\open\src\hotspot\share\interpreter\linkResolver.cpp, line 759]
Event: 7.035 Thread 0x0000020fc07d5a90 Exception <a 'sun/nio/fs/WindowsException'{0x000000008686f5c8}> (0x000000008686f5c8) 
thrown [s\open\src\hotspot\share\prims\jni.cpp, line 516]
Event: 7.046 Thread 0x0000020fc07d5a90 Implicit null exception at 0x0000020fafe63e46 to 0x0000020fafe64253
Event: 7.278 Thread 0x0000020fc07d5a90 Implicit null exception at 0x0000020fafeb01c0 to 0x0000020fafeb03cc
Event: 7.308 Thread 0x0000020fc07d5a90 Exception <a 'java/lang/NoSuchMethodError'{0x00000000867b8bc8}: 'void java.lang.invoke.DirectMethodHandle$Holder.invokeVirtual(java.lang.Object, java.lang.Object, int)'> (0x00000000867b8bc8) 
thrown [s\open\src\hotspot\share\interpreter\linkResolver.cpp, line 759]
Event: 7.315 Thread 0x0000020fc07d5a90 Exception <a 'java/lang/NoSuchMethodError'{0x00000000866d4520}: 'void java.lang.invoke.DirectMethodHandle$Holder.invokeVirtual(java.lang.Object, java.lang.Object, long)'> (0x00000000866d4520) 
thrown [s\open\src\hotspot\share\interpreter\linkResolver.cpp, line 759]
Event: 7.469 Thread 0x0000020fc07d5a90 Exception <a 'java/lang/NoSuchMethodError'{0x0000000086c76fa0}: 'java.lang.Object java.lang.invoke.DirectMethodHandle$Holder.newInvokeSpecial(java.lang.Object, java.lang.Object, int, java.lang.Object, java.lang.Object)'> (0x0000000086c76fa0) 
thrown [s\open\src\hotspot\share\interpreter\linkResolver.cpp, line 759]
Event: 7.470 Thread 0x0000020fc07d5a90 Exception <a 'java/lang/NoSuchMethodError'{0x0000000086c825b8}: 'java.lang.Object java.lang.invoke.DirectMethodHandle$Holder.invokeSpecial(java.lang.Object, java.lang.Object, int, java.lang.Object, int, java.lang.Object)'> (0x0000000086c825b8) 
thrown [s\open\src\hotspot\share\interpreter\linkResolver.cpp, line 759]
Event: 7.471 Thread 0x0000020fc07d5a90 Exception <a 'java/lang/NoSuchMethodError'{0x0000000086c8a5d8}: 'java.lang.Object java.lang.invoke.DirectMethodHandle$Holder.newInvokeSpecial(java.lang.Object, java.lang.Object, int, java.lang.Object, int)'> (0x0000000086c8a5d8) 
thrown [s\open\src\hotspot\share\interpreter\linkResolver.cpp, line 759]
Event: 7.471 Thread 0x0000020fc07d5a90 Exception <a 'java/lang/NoSuchMethodError'{0x0000000086c8e6d8}: 'java.lang.Object java.lang.invoke.DirectMethodHandle$Holder.invokeSpecial(java.lang.Object, java.lang.Object, java.lang.Object, int, java.lang.Object, int)'> (0x0000000086c8e6d8) 
thrown [s\open\src\hotspot\share\interpreter\linkResolver.cpp, line 759]
Event: 11.353 Thread 0x0000020fc8a390e0 Exception <a 'java/lang/NoSuchMethodError'{0x0000000086621028}: 'java.lang.Object java.lang.invoke.DirectMethodHandle$Holder.invokeSpecial(java.lang.Object, java.lang.Object, java.lang.Object, java.lang.Object, java.lang.Object, long)'> (0x0000000086621028) 
thrown [s\open\src\hotspot\share\interpreter\linkResolver.cpp, line 759]
Event: 11.353 Thread 0x0000020fc8a390e0 Exception <a 'java/lang/NoSuchMethodError'{0x0000000086624a20}: 'java.lang.Object java.lang.invoke.Invokers$Holder.linkToTargetMethod(java.lang.Object, java.lang.Object, java.lang.Object, long, java.lang.Object)'> (0x0000000086624a20) 
thrown [s\open\src\hotspot\share\interpreter\linkResolver.cpp, line 759]
Event: 11.550 Thread 0x0000020fc8a390e0 Exception <a 'java/lang/IncompatibleClassChangeError'{0x000000008a5cbc68}: Found class java.lang.Object, but interface was expected> (0x000000008a5cbc68) 
thrown [s\open\src\hotspot\share\interpreter\linkResolver.cpp, line 826]
Event: 28.797 Thread 0x0000020fc8a395b0 Implicit null exception at 0x0000020fb02a9fd9 to 0x0000020fb02aa500
Event: 459.737 Thread 0x0000020fc8a395b0 Exception <a 'java/lang/NoSuchMethodError'{0x000000008811a228}: 'java.lang.Object java.lang.invoke.DirectMethodHandle$Holder.newInvokeSpecial(java.lang.Object, long)'> (0x000000008811a228) 
thrown [s\open\src\hotspot\share\interpreter\linkResolver.cpp, line 759]
Event: 1759.254 Thread 0x0000020fc1443c50 Implicit null exception at 0x0000020fb03d8100 to 0x0000020fb03d8468
Event: 1759.259 Thread 0x0000020fc1443c50 Implicit null exception at 0x0000020fb032fcc0 to 0x0000020fb03307e4
Event: 1759.265 Thread 0x0000020fc1443c50 Implicit null exception at 0x0000020fb03d5920 to 0x0000020fb03d67e4
Event: 1759.265 Thread 0x0000020fc1443c50 Implicit null exception at 0x0000020fb03d8af1 to 0x0000020fb03d8ef4
Event: 2770.004 Thread 0x0000020fc8a3f120 Implicit null exception at 0x0000020fb009e04d to 0x0000020fb00a4414

VM Operations (20 events):
Event: 2826.214 Executing VM operation: Cleanup
Event: 2826.214 Executing VM operation: Cleanup done
Event: 2828.238 Executing VM operation: Cleanup
Event: 2828.238 Executing VM operation: Cleanup done
Event: 2829.244 Executing VM operation: Cleanup
Event: 2829.400 Executing VM operation: Cleanup done
Event: 2829.981 Executing VM operation: G1CollectForAllocation
Event: 2830.005 Executing VM operation: G1CollectForAllocation done
Event: 2831.015 Executing VM operation: Cleanup
Event: 2831.015 Executing VM operation: Cleanup done
Event: 2833.001 Executing VM operation: G1CollectForAllocation
Event: 2833.005 Executing VM operation: G1CollectForAllocation done
Event: 2834.015 Executing VM operation: Cleanup
Event: 2834.015 Executing VM operation: Cleanup done
Event: 2836.043 Executing VM operation: Cleanup
Event: 2836.043 Executing VM operation: Cleanup done
Event: 2838.057 Executing VM operation: Cleanup
Event: 2840.171 Executing VM operation: Cleanup done
Event: 2842.010 Executing VM operation: G1CollectForAllocation
Event: 2842.014 Executing VM operation: G1CollectForAllocation done

Events (20 events):
Event: 2817.762 Thread 0x0000020fbf6c1550 flushing nmethod 0x0000020fa8af7410
Event: 2817.783 Thread 0x0000020fbf6c1550 flushing nmethod 0x0000020fa8d65410
Event: 2817.813 Thread 0x0000020fbf6c1550 flushing nmethod 0x0000020fa912f510
Event: 2817.818 Thread 0x0000020fbf6c1550 flushing nmethod 0x0000020fa921de90
Event: 2817.818 Thread 0x0000020fbf6c1550 flushing nmethod 0x0000020fa928eb90
Event: 2817.818 Thread 0x0000020fbf6c1550 flushing nmethod 0x0000020fa9292b10
Event: 2817.819 Thread 0x0000020fbf6c1550 flushing nmethod 0x0000020fa9293b10
Event: 2817.819 Thread 0x0000020fbf6c1550 flushing nmethod 0x0000020fa92d7790
Event: 2817.821 Thread 0x0000020fbf6c1550 flushing nmethod 0x0000020fa9335d90
Event: 2817.821 Thread 0x0000020fbf6c1550 flushing nmethod 0x0000020fa9377b10
Event: 2817.822 Thread 0x0000020fbf6c1550 flushing nmethod 0x0000020fa93ecd10
Event: 2817.823 Thread 0x0000020fbf6c1550 flushing nmethod 0x0000020fa9422790
Event: 2817.823 Thread 0x0000020fbf6c1550 flushing nmethod 0x0000020fa9438d10
Event: 2817.824 Thread 0x0000020fbf6c1550 flushing nmethod 0x0000020fa945a190
Event: 2817.824 Thread 0x0000020fbf6c1550 flushing nmethod 0x0000020fa94f3790
Event: 2817.828 Thread 0x0000020fbf6c1550 flushing nmethod 0x0000020fa9511590
Event: 2817.828 Thread 0x0000020fbf6c1550 flushing nmethod 0x0000020fa953a490
Event: 2817.831 Thread 0x0000020fbf6c1550 flushing nmethod 0x0000020fa9662610
Event: 2817.832 Thread 0x0000020fbf6c1550 flushing nmethod 0x0000020fa96fb090
Event: 2817.837 Thread 0x0000020fbf6c1550 flushing nmethod 0x0000020fa9a87390


Dynamic libraries:
0x00007ff7ba020000 - 0x00007ff7ba030000 	C:\Program Files\Java\jdk-17\bin\java.exe
0x00007ffb4fe90000 - 0x00007ffb50088000 	C:\Windows\SYSTEM32\ntdll.dll
0x00007ffb4e860000 - 0x00007ffb4e91d000 	C:\Windows\System32\KERNEL32.DLL
0x00007ffb4d5a0000 - 0x00007ffb4d896000 	C:\Windows\System32\KERNELBASE.dll
0x00007ffb4d950000 - 0x00007ffb4da50000 	C:\Windows\System32\ucrtbase.dll
0x00007ffb25b30000 - 0x00007ffb25b49000 	C:\Program Files\Java\jdk-17\bin\jli.dll
0x00007ffb25740000 - 0x00007ffb2575b000 	C:\Program Files\Java\jdk-17\bin\VCRUNTIME140.dll
0x00007ffb4fb00000 - 0x00007ffb4fbb3000 	C:\Windows\System32\ADVAPI32.dll
0x00007ffb4fbc0000 - 0x00007ffb4fc5e000 	C:\Windows\System32\msvcrt.dll
0x00007ffb4f370000 - 0x00007ffb4f40f000 	C:\Windows\System32\sechost.dll
0x00007ffb4f0b0000 - 0x00007ffb4f1d6000 	C:\Windows\System32\RPCRT4.dll
0x00007ffb4dcb0000 - 0x00007ffb4dcd7000 	C:\Windows\System32\bcrypt.dll
0x00007ffb4f960000 - 0x00007ffb4fafe000 	C:\Windows\System32\USER32.dll
0x00007ffb2d2a0000 - 0x00007ffb2d53a000 	C:\Windows\WinSxS\amd64_microsoft.windows.common-controls_6595b64144ccf1df_6.0.19041.3636_none_60b6a03d71f818d5\COMCTL32.dll
0x00007ffb4dce0000 - 0x00007ffb4dd02000 	C:\Windows\System32\win32u.dll
0x00007ffb4fda0000 - 0x00007ffb4fdcb000 	C:\Windows\System32\GDI32.dll
0x00007ffb4dd10000 - 0x00007ffb4de27000 	C:\Windows\System32\gdi32full.dll
0x00007ffb4de30000 - 0x00007ffb4decd000 	C:\Windows\System32\msvcp_win.dll
0x00007ffb47df0000 - 0x00007ffb47dfa000 	C:\Windows\SYSTEM32\VERSION.dll
0x00007ffb4e920000 - 0x00007ffb4e952000 	C:\Windows\System32\IMM32.DLL
0x00007ffb37160000 - 0x00007ffb3716c000 	C:\Program Files\Java\jdk-17\bin\vcruntime140_1.dll
0x00007ffb114d0000 - 0x00007ffb1155e000 	C:\Program Files\Java\jdk-17\bin\msvcp140.dll
0x00007ffb044d0000 - 0x00007ffb050ad000 	C:\Program Files\Java\jdk-17\bin\server\jvm.dll
0x00007ffb4e550000 - 0x00007ffb4e558000 	C:\Windows\System32\PSAPI.DLL
0x00007ffb48f20000 - 0x00007ffb48f29000 	C:\Windows\SYSTEM32\WSOCK32.dll
0x00007ffb44630000 - 0x00007ffb44657000 	C:\Windows\SYSTEM32\WINMM.dll
0x00007ffb4f1e0000 - 0x00007ffb4f24b000 	C:\Windows\System32\WS2_32.dll
0x00007ffb4b420000 - 0x00007ffb4b432000 	C:\Windows\SYSTEM32\kernel.appcore.dll
0x00007ffb330b0000 - 0x00007ffb330ba000 	C:\Program Files\Java\jdk-17\bin\jimage.dll
0x00007ffb3f9d0000 - 0x00007ffb3fbb4000 	C:\Windows\SYSTEM32\DBGHELP.DLL
0x00007ffb3e6a0000 - 0x00007ffb3e6d4000 	C:\Windows\SYSTEM32\dbgcore.DLL
0x00007ffb4da50000 - 0x00007ffb4dad2000 	C:\Windows\System32\bcryptPrimitives.dll
0x00007ffb4ade0000 - 0x00007ffb4adee000 	C:\Program Files\Java\jdk-17\bin\instrument.dll
0x00007ffb24830000 - 0x00007ffb24855000 	C:\Program Files\Java\jdk-17\bin\java.dll
0x00007ffb0dfc0000 - 0x00007ffb0e097000 	C:\Program Files\Java\jdk-17\bin\jsvml.dll
0x00007ffb4e960000 - 0x00007ffb4f0a5000 	C:\Windows\System32\SHELL32.dll
0x00007ffb4b620000 - 0x00007ffb4bdbc000 	C:\Windows\SYSTEM32\windows.storage.dll
0x00007ffb4e1f0000 - 0x00007ffb4e544000 	C:\Windows\System32\combase.dll
0x00007ffb4ceb0000 - 0x00007ffb4cede000 	C:\Windows\SYSTEM32\Wldp.dll
0x00007ffb4e5e0000 - 0x00007ffb4e6ad000 	C:\Windows\System32\OLEAUT32.dll
0x00007ffb4fcf0000 - 0x00007ffb4fd9d000 	C:\Windows\System32\SHCORE.dll
0x00007ffb4f300000 - 0x00007ffb4f355000 	C:\Windows\System32\shlwapi.dll
0x00007ffb4d480000 - 0x00007ffb4d4a5000 	C:\Windows\SYSTEM32\profapi.dll
0x00007ffb21140000 - 0x00007ffb21158000 	C:\Program Files\Java\jdk-17\bin\zip.dll
0x00007ffb23dc0000 - 0x00007ffb23dd9000 	C:\Program Files\Java\jdk-17\bin\net.dll
0x00007ffb48610000 - 0x00007ffb4871a000 	C:\Windows\SYSTEM32\WINHTTP.dll
0x00007ffb4cc10000 - 0x00007ffb4cc7a000 	C:\Windows\system32\mswsock.dll
0x00007ffb23080000 - 0x00007ffb23096000 	C:\Program Files\Java\jdk-17\bin\nio.dll
0x00007ffb48fc0000 - 0x00007ffb48fda000 	C:\Program Files\JetBrains\IntelliJ IDEA Community Edition 2023.1.3\bin\breakgen64.dll
0x00007ffb49060000 - 0x00007ffb4906a000 	C:\Program Files\Java\jdk-17\bin\management.dll
0x00007ffb48f60000 - 0x00007ffb48f6b000 	C:\Program Files\Java\jdk-17\bin\management_ext.dll
0x00007ffb31680000 - 0x00007ffb31690000 	C:\Program Files\Java\jdk-17\bin\verify.dll
0x00007ffb4ce10000 - 0x00007ffb4ce28000 	C:\Windows\SYSTEM32\CRYPTSP.dll
0x00007ffb4c540000 - 0x00007ffb4c574000 	C:\Windows\system32\rsaenh.dll
0x00007ffb4d400000 - 0x00007ffb4d42e000 	C:\Windows\SYSTEM32\USERENV.dll
0x00007ffb4ce00000 - 0x00007ffb4ce0c000 	C:\Windows\SYSTEM32\CRYPTBASE.dll
0x00007ffb4c900000 - 0x00007ffb4c93b000 	C:\Windows\SYSTEM32\IPHLPAPI.DLL
0x00007ffb4ded0000 - 0x00007ffb4ded8000 	C:\Windows\System32\NSI.dll
0x00007ffb475b0000 - 0x00007ffb475c7000 	C:\Windows\SYSTEM32\dhcpcsvc6.DLL
0x00007ffb47590000 - 0x00007ffb475ad000 	C:\Windows\SYSTEM32\dhcpcsvc.DLL
0x00007ffb4c940000 - 0x00007ffb4ca0b000 	C:\Windows\SYSTEM32\DNSAPI.dll
0x00007ffb48f50000 - 0x00007ffb48f5d000 	C:\Program Files\Java\jdk-17\bin\sunmscapi.dll
0x00007ffb4dae0000 - 0x00007ffb4dc3d000 	C:\Windows\System32\CRYPT32.dll
0x00007ffb4cf80000 - 0x00007ffb4cfa8000 	C:\Windows\SYSTEM32\ncrypt.dll
0x00007ffb4cf40000 - 0x00007ffb4cf7b000 	C:\Windows\SYSTEM32\NTASN1.dll
0x00007ffb46a90000 - 0x00007ffb46a9a000 	C:\Windows\System32\rasadhlp.dll
0x00007ffb46980000 - 0x00007ffb46a00000 	C:\Windows\System32\fwpuclnt.dll
0x00007ffb3f010000 - 0x00007ffb3f017000 	C:\Windows\system32\wshunix.dll

dbghelp: loaded successfully - version: 4.0.5 - missing functions: none
symbol engine: initialized successfully - sym options: 0x614 - pdb path: .;C:\Program Files\Java\jdk-17\bin;C:\Windows\SYSTEM32;C:\Windows\WinSxS\amd64_microsoft.windows.common-controls_6595b64144ccf1df_6.0.19041.3636_none_60b6a03d71f818d5;C:\Program Files\Java\jdk-17\bin\server;C:\Program Files\JetBrains\IntelliJ IDEA Community Edition 2023.1.3\bin

VM Arguments:
jvm_args: -javaagent:C:\Program Files\JetBrains\IntelliJ IDEA Community Edition 2023.1.3\lib\idea_rt.jar=25614:C:\Program Files\JetBrains\IntelliJ IDEA Community Edition 2023.1.3\bin -Dfile.encoding=UTF-8 
java_command: com.icm.tiremanagementapi.TireManagementApiApplication
java_class_path (initial): C:\Proyectos_ICM\Neumaticos\TireManagementApi\target\classes;C:\Users\ICM-2\.m2\repository\org\springframework\boot\spring-boot-starter-data-jpa\3.0.6\spring-boot-starter-data-jpa-3.0.6.jar;C:\Users\ICM-2\.m2\repository\org\springframework\boot\spring-boot-starter-aop\3.0.6\spring-boot-starter-aop-3.0.6.jar;C:\Users\ICM-2\.m2\repository\org\aspectj\aspectjweaver\1.9.19\aspectjweaver-1.9.19.jar;C:\Users\ICM-2\.m2\repository\org\springframework\boot\spring-boot-starter-jdbc\3.0.6\spring-boot-starter-jdbc-3.0.6.jar;C:\Users\ICM-2\.m2\repository\com\zaxxer\HikariCP\5.0.1\HikariCP-5.0.1.jar;C:\Users\ICM-2\.m2\repository\org\springframework\spring-jdbc\6.0.8\spring-jdbc-6.0.8.jar;C:\Users\ICM-2\.m2\repository\org\hibernate\orm\hibernate-core\6.1.7.Final\hibernate-core-6.1.7.Final.jar;C:\Users\ICM-2\.m2\repository\jakarta\persistence\jakarta.persistence-api\3.1.0\jakarta.persistence-api-3.1.0.jar;C:\Users\ICM-2\.m2\repository\jakarta\transaction\jakarta.transaction-api\2.0.1\jakarta.transaction-api-2.0.1.jar;C:\Users\ICM-2\.m2\repository\org\jboss\logging\jboss-logging\3.5.0.Final\jboss-logging-3.5.0.Final.jar;C:\Users\ICM-2\.m2\repository\org\hibernate\common\hibernate-commons-annotations\6.0.6.Final\hibernate-commons-annotations-6.0.6.Final.jar;C:\Users\ICM-2\.m2\repository\org\jboss\jandex\2.4.2.Final\jandex-2.4.2.Final.jar;C:\Users\ICM-2\.m2\repository\com\fasterxml\classmate\1.5.1\classmate-1.5.1.jar;C:\Users\ICM-2\.m2\repository\net\bytebuddy\byte-buddy\1.12.23\byte-buddy-1.12.23.jar;C:\Users\ICM-2\.m2\repository\org\glassfish\jaxb\jaxb-runtime\4.0.2\jaxb-runtime-4.0.2.jar;C:\Users\ICM-2\.m2\repository\org\glassfish\jaxb\jaxb-core\4.0.2\jaxb-core-4.0.2.jar;C:\Users\ICM-2\.m2\repository\org\eclipse\angus\angus-activation\2.0.0\angus-activation-2.0.0.jar;C:\Users\ICM-2\.m2\repository\org\glassfish\jaxb\txw2\4.0.2\txw2-4.0.2.jar;C:\Users\ICM-2\.m2\repository\com\sun\istack\istack-commons-runtime\4.1.1\istack-commons-runtime-4.1.1.jar;C:\User
Launcher Type: SUN_STANDARD

[Global flags]
     intx CICompilerCount                          = 4                                         {product} {ergonomic}
     uint ConcGCThreads                            = 3                                         {product} {ergonomic}
     uint G1ConcRefinementThreads                  = 10                                        {product} {ergonomic}
   size_t G1HeapRegionSize                         = 1048576                                   {product} {ergonomic}
    uintx GCDrainStackTargetSize                   = 64                                        {product} {ergonomic}
   size_t InitialHeapSize                          = 132120576                                 {product} {ergonomic}
   size_t MarkStackSize                            = 4194304                                   {product} {ergonomic}
   size_t MaxHeapSize                              = 2105540608                                {product} {ergonomic}
   size_t MaxNewSize                               = 1262485504                                {product} {ergonomic}
   size_t MinHeapDeltaBytes                        = 1048576                                   {product} {ergonomic}
   size_t MinHeapSize                              = 8388608                                   {product} {ergonomic}
    uintx NonNMethodCodeHeapSize                   = 5839372                                {pd product} {ergonomic}
    uintx NonProfiledCodeHeapSize                  = 122909434                              {pd product} {ergonomic}
    uintx ProfiledCodeHeapSize                     = 122909434                              {pd product} {ergonomic}
    uintx ReservedCodeCacheSize                    = 251658240                              {pd product} {ergonomic}
     bool SegmentedCodeCache                       = true                                      {product} {ergonomic}
   size_t SoftMaxHeapSize                          = 2105540608                             {manageable} {ergonomic}
     bool UseCompressedClassPointers               = true                           {product lp64_product} {ergonomic}
     bool UseCompressedOops                        = true                           {product lp64_product} {ergonomic}
     bool UseG1GC                                  = true                                      {product} {ergonomic}
     bool UseLargePagesIndividualAllocation        = false                                  {pd product} {ergonomic}

Logging:
Log output configuration:
 #0: stdout all=warning uptime,level,tags
 #1: stderr all=off uptime,level,tags

Environment Variables:
PATH=C:\Program Files\Python312\Scripts\;C:\Program Files\Python312\;C:\Program Files\Common Files\Oracle\Java\javapath;C:\Windows\system32;C:\Windows;C:\Windows\System32\Wbem;C:\Windows\System32\WindowsPowerShell\v1.0\;C:\Windows\System32\OpenSSH\;C:\Program Files (x86)\ATI Technologies\ATI.ACE\Core-Static;C:\Program Files\Git\cmd;C:\Program Files\Java\apache-maven-3.9.3\bin;C:\Program Files\nodejs\;C:\Proyectos_ICM\react-native\UsersICM-2react-native\;C:\Program Files\mosquitto;C:\Program Files\Npcap;;C:\Program Files\Docker\Docker\resources\bin;C:\Program Files\PuTTY\;C:\Users\ICM-2\.console-ninja\.bin;C:\Users\ICM-2\AppData\Local\Microsoft\WindowsApps;;C:\Program Files\JetBrains\IntelliJ IDEA Community Edition 2023.1.3\bin;;C:\Users\ICM-2\AppData\Local\Programs\Microsoft VS Code\bin;C:\Users\ICM-2\AppData\Roaming\npm;C:\Program Files (x86)\Nmap
USERNAME=ICM-2
OS=Windows_NT
PROCESSOR_IDENTIFIER=Intel64 Family 6 Model 158 Stepping 10, GenuineIntel



---------------  S Y S T E M  ---------------

OS:
 Windows 10 , 64 bit Build 19041 (10.0.19041.3636)
OS uptime: 1 days 8:19 hours

CPU: total 12 (initial active 12) (6 cores per cpu, 2 threads per core) family 6 model 158 stepping 10 microcode 0xb4, cx8, cmov, fxsr, ht, mmx, 3dnowpref, sse, sse2, sse3, ssse3, sse4.1, sse4.2, popcnt, lzcnt, tsc, tscinvbit, avx, avx2, aes, erms, clmul, bmi1, bmi2, rtm, adx, fma, vzeroupper, clflush, clflushopt

Memory: 4k page, system-wide physical 8027M (273M free)
TotalPageFile size 25131M (AvailPageFile size 2M)
current process WorkingSet (physical memory assigned to process): 300M, peak: 409M
current process commit charge ("private bytes"): 494M, peak: 497M

vm_info: Java HotSpot(TM) 64-Bit Server VM (17.0.7+8-LTS-224) for windows-amd64 JRE (17.0.7+8-LTS-224), built on Feb 28 2023 23:03:02 by "mach5one" with MS VC++ 17.1 (VS2022)

END.
